#
# There is insufficient memory for the Java Runtime Environment to continue.
# Native memory allocation (malloc) failed to allocate 1506736 bytes. Error detail: Chunk::new
# Possible reasons:
#   The system is out of physical RAM or swap space
#   This process is running with CompressedOops enabled, and the Java Heap may be blocking the growth of the native heap
# Possible solutions:
#   Reduce memory load on the system
#   Increase physical memory or swap space
#   Check if swap backing store is full
#   Decrease Java heap size (-Xmx/-Xms)
#   Decrease number of Java threads
#   Decrease Java thread stack sizes (-Xss)
#   Set larger code cache with -XX:ReservedCodeCacheSize=
#   JVM is running with Unscaled Compressed Oops mode in which the Java heap is
#     placed in the first 4GB address space. The Java Heap base address is the
#     maximum limit for the native heap growth. Please use -XX:HeapBaseMinAddress
#     to set the Java Heap base and to place the Java Heap above 4GB virtual address.
# This output file may be truncated or incomplete.
#
#  Out of Memory Error (arena.cpp:191), pid=6244, tid=10516
#
# JRE version: OpenJDK Runtime Environment Temurin-17.0.12+7 (17.0.12+7) (build 17.0.12+7)
# Java VM: OpenJDK 64-Bit Server VM Temurin-17.0.12+7 (17.0.12+7, mixed mode, tiered, compressed oops, compressed class ptrs, parallel gc, windows-amd64)
# No core dump will be written. Minidumps are not enabled by default on client versions of Windows
#

---------------  S U M M A R Y ------------

Command Line: --add-modules=ALL-SYSTEM --add-opens=java.base/java.util=ALL-UNNAMED --add-opens=java.base/java.lang=ALL-UNNAMED --add-opens=java.base/sun.nio.fs=ALL-UNNAMED -Declipse.application=org.eclipse.jdt.ls.core.id1 -Dosgi.bundles.defaultStartLevel=4 -Declipse.product=org.eclipse.jdt.ls.core.product -Djava.import.generatesMetadataFilesAtProjectRoot=false -DDetectVMInstallationsJob.disabled=true -Dfile.encoding=utf8 -XX:+UseParallelGC -XX:GCTimeRatio=4 -XX:AdaptiveSizePolicyWeight=90 -Dsun.zip.disableMemoryMapping=true -Xmx1G -Xms100m -Xlog:disable -javaagent:c:\Users\PC\.vscode\extensions\redhat.java-1.35.1-win32-x64\lombok\lombok-1.18.33.jar -XX:+HeapDumpOnOutOfMemoryError -XX:HeapDumpPath=c:\Users\PC\AppData\Roaming\Code\User\workspaceStorage\a62762605cb7f6e2f88296b2dcde094d\redhat.java -Daether.dependencyCollector.impl=bf c:\Users\PC\.vscode\extensions\redhat.java-1.35.1-win32-x64\server\plugins\org.eclipse.equinox.launcher_1.6.900.v20240613-2009.jar -configuration c:\Users\PC\AppData\Roaming\Code\User\globalStorage\redhat.java\1.35.1\config_win -data c:\Users\PC\AppData\Roaming\Code\User\workspaceStorage\a62762605cb7f6e2f88296b2dcde094d\redhat.java\jdt_ws --pipe=\\.\pipe\lsp-55aa2d81f61bc26dea7d77cad11ece54-sock

Host: AMD Ryzen 7 5800H with Radeon Graphics         , 16 cores, 15G,  Windows 11 , 64 bit Build 26100 (10.0.26100.2152)
Time: Mon Oct 14 14:51:29 2024 Eastern Daylight Time elapsed time: 12.678214 seconds (0d 0h 0m 12s)

---------------  T H R E A D  ---------------

Current thread (0x00000286def4f0e0):  JavaThread "C2 CompilerThread6" daemon [_thread_in_native, id=10516, stack(0x000000e46f500000,0x000000e46f600000)]


Current CompileTask:
C2:  12678 10263   !   4       org.codehaus.plexus.interpolation.StringSearchInterpolator::interpolate (668 bytes)

Stack: [0x000000e46f500000,0x000000e46f600000]
Native frames: (J=compiled Java code, j=interpreted, Vv=VM code, C=native code)
V  [jvm.dll+0x67f929]
V  [jvm.dll+0x8371ba]
V  [jvm.dll+0x838c7e]
V  [jvm.dll+0x8392e3]
V  [jvm.dll+0x24834f]
V  [jvm.dll+0xac9d4]
V  [jvm.dll+0xad01c]
V  [jvm.dll+0x367452]
V  [jvm.dll+0x1bd562]
V  [jvm.dll+0x21aa09]
V  [jvm.dll+0x219cf1]
V  [jvm.dll+0x1a58bd]
V  [jvm.dll+0x229a2d]
V  [jvm.dll+0x227bdc]
V  [jvm.dll+0x7ec1f7]
V  [jvm.dll+0x7e65dc]
V  [jvm.dll+0x67e7f7]
C  [ucrtbase.dll+0x14ea0]
C  [KERNEL32.DLL+0x2dbe7]
C  [ntdll.dll+0xdfbec]


---------------  P R O C E S S  ---------------

Threads class SMR info:
_java_thread_list=0x00000286dfac56d0, length=60, elements={
0x00000286c142d430, 0x00000286da43c430, 0x00000286da43ff90, 0x00000286da45fa00,
0x00000286da4602d0, 0x00000286da461340, 0x00000286da468f60, 0x00000286da46aaa0,
0x00000286da473cd0, 0x00000286da480dc0, 0x00000286da54f330, 0x00000286c1490910,
0x00000286da5cc7a0, 0x00000286da5f40c0, 0x00000286dc606ff0, 0x00000286dcdfe170,
0x00000286dd0dacf0, 0x00000286dd6c2a80, 0x00000286dc98ce50, 0x00000286dd0d9450,
0x00000286dd080590, 0x00000286dd082900, 0x00000286dd083830, 0x00000286dd080080,
0x00000286de79be60, 0x00000286decb5070, 0x00000286dd080aa0, 0x00000286dd080fb0,
0x00000286dd0814c0, 0x00000286dd0819d0, 0x00000286dd081ee0, 0x00000286dd083320,
0x00000286dd0823f0, 0x00000286dfe00880, 0x00000286dfe03610, 0x00000286dfe01cc0,
0x00000286dfe03b20, 0x00000286dfe026e0, 0x00000286dfe021d0, 0x00000286dfe012a0,
0x00000286dfe017b0, 0x00000286dfe02bf0, 0x00000286dfe00370, 0x00000286dfe03100,
0x00000286dfe04030, 0x00000286dfe00d90, 0x00000286dfe05e90, 0x00000286e0cc4410,
0x00000286def4f0e0, 0x00000286dfe077e0, 0x00000286dfe063a0, 0x00000286dfe05980,
0x00000286dfe068b0, 0x00000286dfe07cf0, 0x00000286dfe06dc0, 0x00000286dfe072d0,
0x00000286dfe04a50, 0x00000286dd7f51a0, 0x00000286dfe05470, 0x00000286dfe04f60
}

Java Threads: ( => current thread )
  0x00000286c142d430 JavaThread "main" [_thread_blocked, id=3484, stack(0x000000e46b100000,0x000000e46b200000)]
  0x00000286da43c430 JavaThread "Reference Handler" daemon [_thread_blocked, id=24372, stack(0x000000e46b400000,0x000000e46b500000)]
  0x00000286da43ff90 JavaThread "Finalizer" daemon [_thread_blocked, id=18440, stack(0x000000e46b500000,0x000000e46b600000)]
  0x00000286da45fa00 JavaThread "Signal Dispatcher" daemon [_thread_blocked, id=22220, stack(0x000000e46b600000,0x000000e46b700000)]
  0x00000286da4602d0 JavaThread "Attach Listener" daemon [_thread_blocked, id=7740, stack(0x000000e46b700000,0x000000e46b800000)]
  0x00000286da461340 JavaThread "Service Thread" daemon [_thread_blocked, id=16660, stack(0x000000e46b800000,0x000000e46b900000)]
  0x00000286da468f60 JavaThread "Monitor Deflation Thread" daemon [_thread_blocked, id=15660, stack(0x000000e46b900000,0x000000e46ba00000)]
  0x00000286da46aaa0 JavaThread "C2 CompilerThread0" daemon [_thread_blocked, id=23964, stack(0x000000e46ba00000,0x000000e46bb00000)]
  0x00000286da473cd0 JavaThread "C1 CompilerThread0" daemon [_thread_blocked, id=2060, stack(0x000000e46bb00000,0x000000e46bc00000)]
  0x00000286da480dc0 JavaThread "Sweeper thread" daemon [_thread_blocked, id=26404, stack(0x000000e46bc00000,0x000000e46bd00000)]
  0x00000286da54f330 JavaThread "Common-Cleaner" daemon [_thread_blocked, id=17208, stack(0x000000e46bd00000,0x000000e46be00000)]
  0x00000286c1490910 JavaThread "C1 CompilerThread1" daemon [_thread_blocked, id=3436, stack(0x000000e46be00000,0x000000e46bf00000)]
  0x00000286da5cc7a0 JavaThread "C2 CompilerThread1" daemon [_thread_blocked, id=23184, stack(0x000000e46bf00000,0x000000e46c000000)]
  0x00000286da5f40c0 JavaThread "C2 CompilerThread2" daemon [_thread_blocked, id=25852, stack(0x000000e46c000000,0x000000e46c100000)]
  0x00000286dc606ff0 JavaThread "Notification Thread" daemon [_thread_blocked, id=26560, stack(0x000000e46c300000,0x000000e46c400000)]
  0x00000286dcdfe170 JavaThread "Active Thread: Equinox Container: cdc0ca73-2294-4631-a569-00a5608b425e" [_thread_blocked, id=24784, stack(0x000000e46ca00000,0x000000e46cb00000)]
  0x00000286dd0dacf0 JavaThread "Framework Event Dispatcher: Equinox Container: cdc0ca73-2294-4631-a569-00a5608b425e" daemon [_thread_blocked, id=25736, stack(0x000000e46cb00000,0x000000e46cc00000)]
  0x00000286dd6c2a80 JavaThread "Start Level: Equinox Container: cdc0ca73-2294-4631-a569-00a5608b425e" daemon [_thread_blocked, id=2112, stack(0x000000e46cc00000,0x000000e46cd00000)]
  0x00000286dc98ce50 JavaThread "Bundle File Closer" daemon [_thread_blocked, id=10496, stack(0x000000e46d000000,0x000000e46d100000)]
  0x00000286dd0d9450 JavaThread "SCR Component Actor" daemon [_thread_blocked, id=14632, stack(0x000000e46d200000,0x000000e46d300000)]
  0x00000286dd080590 JavaThread "Worker-JM" [_thread_blocked, id=11800, stack(0x000000e46d500000,0x000000e46d600000)]
  0x00000286dd082900 JavaThread "JNA Cleaner" daemon [_thread_blocked, id=26392, stack(0x000000e46d700000,0x000000e46d800000)]
  0x00000286dd083830 JavaThread "Worker-0: Initialize workspace" [_thread_blocked, id=21284, stack(0x000000e46d800000,0x000000e46d900000)]
  0x00000286dd080080 JavaThread "Worker-1: Processing JDT Change Events" [_thread_blocked, id=6312, stack(0x000000e46d900000,0x000000e46da00000)]
  0x00000286de79be60 JavaThread "C2 CompilerThread3" daemon [_thread_blocked, id=11588, stack(0x000000e46db00000,0x000000e46dc00000)]
  0x00000286decb5070 JavaThread "C2 CompilerThread4" daemon [_thread_blocked, id=15236, stack(0x000000e46dc00000,0x000000e46dd00000)]
  0x00000286dd080aa0 JavaThread "Java indexing" daemon [_thread_blocked, id=22064, stack(0x000000e46dd00000,0x000000e46de00000)]
  0x00000286dd080fb0 JavaThread "Thread-2" daemon [_thread_in_native, id=25384, stack(0x000000e46e000000,0x000000e46e100000)]
  0x00000286dd0814c0 JavaThread "Thread-3" daemon [_thread_in_native, id=2956, stack(0x000000e46e100000,0x000000e46e200000)]
  0x00000286dd0819d0 JavaThread "Thread-4" daemon [_thread_in_native, id=26200, stack(0x000000e46e200000,0x000000e46e300000)]
  0x00000286dd081ee0 JavaThread "Thread-5" daemon [_thread_in_native, id=14056, stack(0x000000e46e300000,0x000000e46e400000)]
  0x00000286dd083320 JavaThread "Thread-6" daemon [_thread_in_native, id=18632, stack(0x000000e46e400000,0x000000e46e500000)]
  0x00000286dd0823f0 JavaThread "Thread-7" daemon [_thread_in_native, id=6904, stack(0x000000e46e500000,0x000000e46e600000)]
  0x00000286dfe00880 JavaThread "Thread-8" daemon [_thread_in_native, id=4416, stack(0x000000e46e600000,0x000000e46e700000)]
  0x00000286dfe03610 JavaThread "Thread-9" daemon [_thread_in_native, id=25708, stack(0x000000e46e700000,0x000000e46e800000)]
  0x00000286dfe01cc0 JavaThread "Thread-10" daemon [_thread_in_native, id=14356, stack(0x000000e46e800000,0x000000e46e900000)]
  0x00000286dfe03b20 JavaThread "Thread-11" daemon [_thread_in_native, id=14200, stack(0x000000e46e900000,0x000000e46ea00000)]
  0x00000286dfe026e0 JavaThread "Thread-12" daemon [_thread_in_native, id=15000, stack(0x000000e46ea00000,0x000000e46eb00000)]
  0x00000286dfe021d0 JavaThread "Thread-13" daemon [_thread_in_native, id=9652, stack(0x000000e46eb00000,0x000000e46ec00000)]
  0x00000286dfe012a0 JavaThread "Thread-14" daemon [_thread_in_native, id=3336, stack(0x000000e46ec00000,0x000000e46ed00000)]
  0x00000286dfe017b0 JavaThread "Thread-15" daemon [_thread_in_native, id=18904, stack(0x000000e46ed00000,0x000000e46ee00000)]
  0x00000286dfe02bf0 JavaThread "Thread-16" daemon [_thread_in_native, id=25104, stack(0x000000e46ee00000,0x000000e46ef00000)]
  0x00000286dfe00370 JavaThread "Thread-17" daemon [_thread_in_native, id=13356, stack(0x000000e46ef00000,0x000000e46f000000)]
  0x00000286dfe03100 JavaThread "Thread-18" daemon [_thread_in_native, id=3852, stack(0x000000e46f000000,0x000000e46f100000)]
  0x00000286dfe04030 JavaThread "pool-2-thread-1" [_thread_blocked, id=14504, stack(0x000000e46f100000,0x000000e46f200000)]
  0x00000286dfe00d90 JavaThread "WorkspaceEventsHandler" [_thread_blocked, id=25772, stack(0x000000e46f200000,0x000000e46f300000)]
  0x00000286dfe05e90 JavaThread "pool-1-thread-1" [_thread_blocked, id=14112, stack(0x000000e46f300000,0x000000e46f400000)]
  0x00000286e0cc4410 JavaThread "C2 CompilerThread5" daemon [_thread_blocked, id=26384, stack(0x000000e46f400000,0x000000e46f500000)]
=>0x00000286def4f0e0 JavaThread "C2 CompilerThread6" daemon [_thread_in_native, id=10516, stack(0x000000e46f500000,0x000000e46f600000)]
  0x00000286dfe077e0 JavaThread "Worker-2: Updating workspace" [_thread_blocked, id=26020, stack(0x000000e46f700000,0x000000e46f800000)]
  0x00000286dfe063a0 JavaThread "Worker-3: Initialize Workspace" [_thread_blocked, id=25724, stack(0x000000e46f800000,0x000000e46f900000)]
  0x00000286dfe05980 JavaThread "Keep-Alive-Timer" daemon [_thread_blocked, id=6796, stack(0x000000e46fa00000,0x000000e46fb00000)]
  0x00000286dfe068b0 JavaThread "ForkJoinPool.commonPool-worker-1" daemon [_thread_blocked, id=4892, stack(0x000000e46f600000,0x000000e46f700000)]
  0x00000286dfe07cf0 JavaThread "ForkJoinPool.commonPool-worker-2" daemon [_thread_blocked, id=24996, stack(0x000000e46fb00000,0x000000e46fc00000)]
  0x00000286dfe06dc0 JavaThread "ForkJoinPool.commonPool-worker-3" daemon [_thread_blocked, id=12020, stack(0x000000e46fc00000,0x000000e46fd00000)]
  0x00000286dfe072d0 JavaThread "ForkJoinPool.commonPool-worker-4" daemon [_thread_blocked, id=19268, stack(0x000000e46fd00000,0x000000e46fe00000)]
  0x00000286dfe04a50 JavaThread "Worker-4: Java indexing... " [_thread_blocked, id=14084, stack(0x000000e46fe00000,0x000000e46ff00000)]
  0x00000286dd7f51a0 JavaThread "C2 CompilerThread7" daemon [_thread_blocked, id=23848, stack(0x000000e46ff00000,0x000000e470000000)]
  0x00000286dfe05470 JavaThread "Worker-5" [_thread_blocked, id=12700, stack(0x000000e470000000,0x000000e470100000)]
  0x00000286dfe04f60 JavaThread "Worker-6" [_thread_blocked, id=12060, stack(0x000000e470100000,0x000000e470200000)]

Other Threads:
  0x00000286d519f950 VMThread "VM Thread" [stack: 0x000000e46b300000,0x000000e46b400000] [id=25036]
  0x00000286dc6074d0 WatcherThread [stack: 0x000000e46c400000,0x000000e46c500000] [id=15372]
  0x00000286c14410f0 GCTaskThread "GC Thread#0" [stack: 0x000000e46b200000,0x000000e46b300000] [id=26620]
  0x00000286dcbba870 GCTaskThread "GC Thread#1" [stack: 0x000000e46c500000,0x000000e46c600000] [id=25776]
  0x00000286dc97e840 GCTaskThread "GC Thread#2" [stack: 0x000000e46c600000,0x000000e46c700000] [id=25436]
  0x00000286dca52b20 GCTaskThread "GC Thread#3" [stack: 0x000000e46c700000,0x000000e46c800000] [id=20212]
  0x00000286dca52de0 GCTaskThread "GC Thread#4" [stack: 0x000000e46c800000,0x000000e46c900000] [id=26504]
  0x00000286dcc42ec0 GCTaskThread "GC Thread#5" [stack: 0x000000e46c900000,0x000000e46ca00000] [id=9412]
  0x00000286dd6c1370 GCTaskThread "GC Thread#6" [stack: 0x000000e46cd00000,0x000000e46ce00000] [id=14048]
  0x00000286dd6c1630 GCTaskThread "GC Thread#7" [stack: 0x000000e46ce00000,0x000000e46cf00000] [id=12096]
  0x00000286dd304b20 GCTaskThread "GC Thread#8" [stack: 0x000000e46d100000,0x000000e46d200000] [id=492]
  0x00000286dd6bd810 GCTaskThread "GC Thread#9" [stack: 0x000000e46cf00000,0x000000e46d000000] [id=9108]
  0x00000286dd6bd290 GCTaskThread "GC Thread#10" [stack: 0x000000e46d400000,0x000000e46d500000] [id=22568]
  0x00000286dd6bd550 GCTaskThread "GC Thread#11" [stack: 0x000000e46d600000,0x000000e46d700000] [id=18756]
  0x00000286dd6bc4d0 GCTaskThread "GC Thread#12" [stack: 0x000000e46da00000,0x000000e46db00000] [id=4436]

Threads with active compile tasks:
C2 CompilerThread1    12695 10468       4       org.eclipse.jdt.core.Signature::checkNextChar (42 bytes)
C2 CompilerThread2    12695 10410 % !   4       java.util.jar.Attributes::read @ 214 (498 bytes)
C2 CompilerThread3    12695 10453       4       org.eclipse.jdt.internal.core.util.HashSetOfArray::add (100 bytes)
C2 CompilerThread4    12695 10402 % !   4       org.eclipse.jdt.internal.core.search.indexing.BinaryIndexer::indexDocument @ 988 (1157 bytes)
C2 CompilerThread5    12695 10465       4       java.lang.Class::copyMethods (36 bytes)
C2 CompilerThread6    12695 10263   !   4       org.codehaus.plexus.interpolation.StringSearchInterpolator::interpolate (668 bytes)

VM state: at safepoint (normal execution)

VM Mutex/Monitor currently owned by a thread:  ([mutex/lock_event])
[0x00000286c1426f00] Threads_lock - owner thread: 0x00000286d519f950
[0x00000286c1427ad0] Heap_lock - owner thread: 0x00000286dfe068b0

Heap address: 0x00000000c0000000, size: 1024 MB, Compressed Oops mode: 32-bit

CDS archive(s) not mapped
Compressed class space mapped at: 0x0000000100000000-0x0000000140000000, reserved size: 1073741824
Narrow klass base: 0x0000000000000000, Narrow klass shift: 3, Narrow klass range: 0x140000000

GC Precious Log:
 CPUs: 16 total, 16 available
 Memory: 16236M
 Large Page Support: Disabled
 NUMA Support: Disabled
 Compressed Oops: Enabled (32-bit)
 Alignments: Space 512K, Generation 512K, Heap 2M
 Heap Min Capacity: 100M
 Heap Initial Capacity: 100M
 Heap Max Capacity: 1G
 Pre-touch: Disabled
 Parallel Workers: 13

Heap:
 PSYoungGen      total 11776K, used 2042K [0x00000000eab00000, 0x00000000eb900000, 0x0000000100000000)
  eden space 9728K, 0% used [0x00000000eab00000,0x00000000eab00000,0x00000000eb480000)
  from space 2048K, 99% used [0x00000000eb480000,0x00000000eb67e970,0x00000000eb680000)
  to   space 2560K, 0% used [0x00000000eb680000,0x00000000eb680000,0x00000000eb900000)
 ParOldGen       total 200192K, used 198139K [0x00000000c0000000, 0x00000000cc380000, 0x00000000eab00000)
  object space 200192K, 98% used [0x00000000c0000000,0x00000000cc17eea8,0x00000000cc380000)
 Metaspace       used 64378K, committed 65664K, reserved 1114112K
  class space    used 6856K, committed 7424K, reserved 1048576K

Card table byte_map: [0x00000286c0db0000,0x00000286c0fc0000] _byte_map_base: 0x00000286c07b0000

Marking Bits: (ParMarkBitMap*) 0x00007ff80fcf58b0
 Begin Bits: [0x00000286d30b0000, 0x00000286d40b0000)
 End Bits:   [0x00000286d40b0000, 0x00000286d50b0000)

Polling page: 0x00000286bf2a0000

Metaspace:

Usage:
  Non-class:     56.17 MB used.
      Class:      6.70 MB used.
       Both:     62.87 MB used.

Virtual space:
  Non-class space:       64.00 MB reserved,      56.88 MB ( 89%) committed,  1 nodes.
      Class space:        1.00 GB reserved,       7.25 MB ( <1%) committed,  1 nodes.
             Both:        1.06 GB reserved,      64.12 MB (  6%) committed. 

Chunk freelists:
   Non-Class:  6.42 MB
       Class:  8.81 MB
        Both:  15.23 MB

MaxMetaspaceSize: unlimited
CompressedClassSpaceSize: 1.00 GB
Initial GC threshold: 21.00 MB
Current GC threshold: 106.06 MB
CDS: off
MetaspaceReclaimPolicy: balanced
 - commit_granule_bytes: 65536.
 - commit_granule_words: 8192.
 - virtual_space_node_default_size: 8388608.
 - enlarge_chunks_in_place: 1.
 - new_chunks_are_fully_committed: 0.
 - uncommit_free_chunks: 1.
 - use_allocation_guard: 0.
 - handle_deallocations: 1.


Internal statistics:

num_allocs_failed_limit: 9.
num_arena_births: 838.
num_arena_deaths: 28.
num_vsnodes_births: 2.
num_vsnodes_deaths: 0.
num_space_committed: 1026.
num_space_uncommitted: 0.
num_chunks_returned_to_freelist: 42.
num_chunks_taken_from_freelist: 3280.
num_chunk_merges: 19.
num_chunk_splits: 2027.
num_chunks_enlarged: 1151.
num_inconsistent_stats: 0.

CodeHeap 'non-profiled nmethods': size=119168Kb used=6697Kb max_used=6697Kb free=112471Kb
 bounds [0x00000286cbc50000, 0x00000286cc2e0000, 0x00000286d30b0000]
CodeHeap 'profiled nmethods': size=119104Kb used=17811Kb max_used=17952Kb free=101292Kb
 bounds [0x00000286c40b0000, 0x00000286c5250000, 0x00000286cb500000]
CodeHeap 'non-nmethods': size=7488Kb used=1934Kb max_used=3190Kb free=5554Kb
 bounds [0x00000286cb500000, 0x00000286cb830000, 0x00000286cbc50000]
 total_blobs=9638 nmethods=8930 adapters=619
 compilation: enabled
              stopped_count=0, restarted_count=0
 full_count=0

Compilation events (20 events):
Event: 10.628 Thread 0x00000286da5cc7a0 10459       4       org.eclipse.jdt.internal.compiler.impl.CompilerOptions::versionFromJdkLevel (204 bytes)
Event: 10.629 Thread 0x00000286da46aaa0 nmethod 10450 0x00000286cc2d6910 code [0x00000286cc2d6aa0, 0x00000286cc2d6d48]
Event: 10.639 Thread 0x00000286da46aaa0 10460       4       java.util.ImmutableCollections$List12::size (16 bytes)
Event: 10.639 Thread 0x00000286dc55edd0 10461       3       org.eclipse.jdt.internal.core.JarPackageFragmentRoot::getPackageFragment (10 bytes)
Event: 10.639 Thread 0x00000286da46aaa0 nmethod 10460 0x00000286cc2d6f90 code [0x00000286cc2d7100, 0x00000286cc2d7198]
Event: 10.639 Thread 0x00000286dd7f51a0 10462       4       org.eclipse.jdt.internal.core.util.HashSetOfArray::hashCode (35 bytes)
Event: 10.640 Thread 0x00000286dc55edd0 nmethod 10461 0x00000286c4507310 code [0x00000286c45074e0, 0x00000286c4507828]
Event: 10.641 Thread 0x00000286da473cd0 10463       3       org.eclipse.jdt.core.Signature::checkName (102 bytes)
Event: 10.642 Thread 0x00000286da473cd0 nmethod 10463 0x00000286c4506a90 code [0x00000286c4506c80, 0x00000286c4507158]
Event: 10.643 Thread 0x00000286da46aaa0 10464       4       java.util.ImmutableCollections$AbstractImmutableList::iterator (13 bytes)
Event: 11.660 Thread 0x00000286da46aaa0 nmethod 10464 0x00000286cc2d8090 code [0x00000286cc2d8220, 0x00000286cc2d8398]
Event: 11.661 Thread 0x00000286dd7f51a0 nmethod 10462 0x00000286cc2d8510 code [0x00000286cc2d86a0, 0x00000286cc2d8968]
Event: 11.661 Thread 0x00000286da5cc7a0 nmethod 10459 0x00000286cc2d7290 code [0x00000286cc2d7440, 0x00000286cc2d7d58]
Event: 11.665 Thread 0x00000286e0cc4410 10465       4       java.lang.Class::copyMethods (36 bytes)
Event: 11.667 Thread 0x00000286c1490910 10466       3       com.google.inject.internal.SingleParameterInjector::getAll (45 bytes)
Event: 11.667 Thread 0x00000286da473cd0 10467       1       java.lang.reflect.Method::getMethodAccessor (5 bytes)
Event: 11.667 Thread 0x00000286da473cd0 nmethod 10467 0x00000286cc2d8c10 code [0x00000286cc2d8da0, 0x00000286cc2d8e78]
Event: 11.668 Thread 0x00000286c1490910 nmethod 10466 0x00000286c4506290 code [0x00000286c4506460, 0x00000286c45068c8]
Event: 11.669 Thread 0x00000286da5cc7a0 10468       4       org.eclipse.jdt.core.Signature::checkNextChar (42 bytes)
Event: 11.671 Thread 0x00000286de79be60 nmethod 10453 0x00000286cc2d8f10 code [0x00000286cc2d9120, 0x00000286cc2d9cf8]

GC Heap History (20 events):
Event: 10.423 GC heap after
{Heap after GC invocations=116 (full 8):
 PSYoungGen      total 12800K, used 4093K [0x00000000eab00000, 0x00000000ebf80000, 0x0000000100000000)
  eden space 8704K, 0% used [0x00000000eab00000,0x00000000eab00000,0x00000000eb380000)
  from space 4096K, 99% used [0x00000000eb400000,0x00000000eb7ff650,0x00000000eb800000)
  to   space 6144K, 0% used [0x00000000eb980000,0x00000000eb980000,0x00000000ebf80000)
 ParOldGen       total 200192K, used 179371K [0x00000000c0000000, 0x00000000cc380000, 0x00000000eab00000)
  object space 200192K, 89% used [0x00000000c0000000,0x00000000caf2ad58,0x00000000cc380000)
 Metaspace       used 64276K, committed 65536K, reserved 1114112K
  class space    used 6847K, committed 7424K, reserved 1048576K
}
Event: 10.461 GC heap before
{Heap before GC invocations=117 (full 8):
 PSYoungGen      total 12800K, used 12797K [0x00000000eab00000, 0x00000000ebf80000, 0x0000000100000000)
  eden space 8704K, 100% used [0x00000000eab00000,0x00000000eb380000,0x00000000eb380000)
  from space 4096K, 99% used [0x00000000eb400000,0x00000000eb7ff650,0x00000000eb800000)
  to   space 6144K, 0% used [0x00000000eb980000,0x00000000eb980000,0x00000000ebf80000)
 ParOldGen       total 200192K, used 179371K [0x00000000c0000000, 0x00000000cc380000, 0x00000000eab00000)
  object space 200192K, 89% used [0x00000000c0000000,0x00000000caf2ad58,0x00000000cc380000)
 Metaspace       used 64296K, committed 65600K, reserved 1114112K
  class space    used 6849K, committed 7424K, reserved 1048576K
}
Event: 10.465 GC heap after
{Heap after GC invocations=117 (full 8):
 PSYoungGen      total 12800K, used 3829K [0x00000000eab00000, 0x00000000ebd80000, 0x0000000100000000)
  eden space 8704K, 0% used [0x00000000eab00000,0x00000000eab00000,0x00000000eb380000)
  from space 4096K, 93% used [0x00000000eb980000,0x00000000ebd3d5b8,0x00000000ebd80000)
  to   space 4608K, 0% used [0x00000000eb480000,0x00000000eb480000,0x00000000eb900000)
 ParOldGen       total 200192K, used 181888K [0x00000000c0000000, 0x00000000cc380000, 0x00000000eab00000)
  object space 200192K, 90% used [0x00000000c0000000,0x00000000cb1a00c0,0x00000000cc380000)
 Metaspace       used 64296K, committed 65600K, reserved 1114112K
  class space    used 6849K, committed 7424K, reserved 1048576K
}
Event: 10.483 GC heap before
{Heap before GC invocations=118 (full 8):
 PSYoungGen      total 12800K, used 12533K [0x00000000eab00000, 0x00000000ebd80000, 0x0000000100000000)
  eden space 8704K, 100% used [0x00000000eab00000,0x00000000eb380000,0x00000000eb380000)
  from space 4096K, 93% used [0x00000000eb980000,0x00000000ebd3d5b8,0x00000000ebd80000)
  to   space 4608K, 0% used [0x00000000eb480000,0x00000000eb480000,0x00000000eb900000)
 ParOldGen       total 200192K, used 181888K [0x00000000c0000000, 0x00000000cc380000, 0x00000000eab00000)
  object space 200192K, 90% used [0x00000000c0000000,0x00000000cb1a00c0,0x00000000cc380000)
 Metaspace       used 64322K, committed 65600K, reserved 1114112K
  class space    used 6852K, committed 7424K, reserved 1048576K
}
Event: 10.485 GC heap after
{Heap after GC invocations=118 (full 8):
 PSYoungGen      total 13312K, used 4607K [0x00000000eab00000, 0x00000000ebf80000, 0x0000000100000000)
  eden space 8704K, 0% used [0x00000000eab00000,0x00000000eab00000,0x00000000eb380000)
  from space 4608K, 99% used [0x00000000eb480000,0x00000000eb8ffff8,0x00000000eb900000)
  to   space 6144K, 0% used [0x00000000eb980000,0x00000000eb980000,0x00000000ebf80000)
 ParOldGen       total 200192K, used 182867K [0x00000000c0000000, 0x00000000cc380000, 0x00000000eab00000)
  object space 200192K, 91% used [0x00000000c0000000,0x00000000cb294d20,0x00000000cc380000)
 Metaspace       used 64322K, committed 65600K, reserved 1114112K
  class space    used 6852K, committed 7424K, reserved 1048576K
}
Event: 10.498 GC heap before
{Heap before GC invocations=119 (full 8):
 PSYoungGen      total 13312K, used 13311K [0x00000000eab00000, 0x00000000ebf80000, 0x0000000100000000)
  eden space 8704K, 100% used [0x00000000eab00000,0x00000000eb380000,0x00000000eb380000)
  from space 4608K, 99% used [0x00000000eb480000,0x00000000eb8ffff8,0x00000000eb900000)
  to   space 6144K, 0% used [0x00000000eb980000,0x00000000eb980000,0x00000000ebf80000)
 ParOldGen       total 200192K, used 182867K [0x00000000c0000000, 0x00000000cc380000, 0x00000000eab00000)
  object space 200192K, 91% used [0x00000000c0000000,0x00000000cb294d20,0x00000000cc380000)
 Metaspace       used 64322K, committed 65600K, reserved 1114112K
  class space    used 6852K, committed 7424K, reserved 1048576K
}
Event: 10.501 GC heap after
{Heap after GC invocations=119 (full 8):
 PSYoungGen      total 13824K, used 2911K [0x00000000eab00000, 0x00000000ebd00000, 0x0000000100000000)
  eden space 10240K, 0% used [0x00000000eab00000,0x00000000eab00000,0x00000000eb500000)
  from space 3584K, 81% used [0x00000000eb980000,0x00000000ebc57c60,0x00000000ebd00000)
  to   space 4096K, 0% used [0x00000000eb500000,0x00000000eb500000,0x00000000eb900000)
 ParOldGen       total 200192K, used 185953K [0x00000000c0000000, 0x00000000cc380000, 0x00000000eab00000)
  object space 200192K, 92% used [0x00000000c0000000,0x00000000cb598578,0x00000000cc380000)
 Metaspace       used 64322K, committed 65600K, reserved 1114112K
  class space    used 6852K, committed 7424K, reserved 1048576K
}
Event: 10.522 GC heap before
{Heap before GC invocations=120 (full 8):
 PSYoungGen      total 13824K, used 13151K [0x00000000eab00000, 0x00000000ebd00000, 0x0000000100000000)
  eden space 10240K, 100% used [0x00000000eab00000,0x00000000eb500000,0x00000000eb500000)
  from space 3584K, 81% used [0x00000000eb980000,0x00000000ebc57c60,0x00000000ebd00000)
  to   space 4096K, 0% used [0x00000000eb500000,0x00000000eb500000,0x00000000eb900000)
 ParOldGen       total 200192K, used 185953K [0x00000000c0000000, 0x00000000cc380000, 0x00000000eab00000)
  object space 200192K, 92% used [0x00000000c0000000,0x00000000cb598578,0x00000000cc380000)
 Metaspace       used 64326K, committed 65600K, reserved 1114112K
  class space    used 6852K, committed 7424K, reserved 1048576K
}
Event: 10.524 GC heap after
{Heap after GC invocations=120 (full 8):
 PSYoungGen      total 13824K, used 3196K [0x00000000eab00000, 0x00000000ebc00000, 0x0000000100000000)
  eden space 10240K, 0% used [0x00000000eab00000,0x00000000eab00000,0x00000000eb500000)
  from space 3584K, 89% used [0x00000000eb500000,0x00000000eb81f370,0x00000000eb880000)
  to   space 3584K, 0% used [0x00000000eb880000,0x00000000eb880000,0x00000000ebc00000)
 ParOldGen       total 200192K, used 187373K [0x00000000c0000000, 0x00000000cc380000, 0x00000000eab00000)
  object space 200192K, 93% used [0x00000000c0000000,0x00000000cb6fb690,0x00000000cc380000)
 Metaspace       used 64326K, committed 65600K, reserved 1114112K
  class space    used 6852K, committed 7424K, reserved 1048576K
}
Event: 10.556 GC heap before
{Heap before GC invocations=121 (full 8):
 PSYoungGen      total 13824K, used 13436K [0x00000000eab00000, 0x00000000ebc00000, 0x0000000100000000)
  eden space 10240K, 100% used [0x00000000eab00000,0x00000000eb500000,0x00000000eb500000)
  from space 3584K, 89% used [0x00000000eb500000,0x00000000eb81f370,0x00000000eb880000)
  to   space 3584K, 0% used [0x00000000eb880000,0x00000000eb880000,0x00000000ebc00000)
 ParOldGen       total 200192K, used 187373K [0x00000000c0000000, 0x00000000cc380000, 0x00000000eab00000)
  object space 200192K, 93% used [0x00000000c0000000,0x00000000cb6fb690,0x00000000cc380000)
 Metaspace       used 64326K, committed 65600K, reserved 1114112K
  class space    used 6852K, committed 7424K, reserved 1048576K
}
Event: 10.559 GC heap after
{Heap after GC invocations=121 (full 8):
 PSYoungGen      total 11776K, used 3555K [0x00000000eab00000, 0x00000000ec000000, 0x0000000100000000)
  eden space 8192K, 0% used [0x00000000eab00000,0x00000000eab00000,0x00000000eb300000)
  from space 3584K, 99% used [0x00000000eb880000,0x00000000ebbf8c58,0x00000000ebc00000)
  to   space 5632K, 0% used [0x00000000eb300000,0x00000000eb300000,0x00000000eb880000)
 ParOldGen       total 200192K, used 188920K [0x00000000c0000000, 0x00000000cc380000, 0x00000000eab00000)
  object space 200192K, 94% used [0x00000000c0000000,0x00000000cb87e000,0x00000000cc380000)
 Metaspace       used 64326K, committed 65600K, reserved 1114112K
  class space    used 6852K, committed 7424K, reserved 1048576K
}
Event: 10.582 GC heap before
{Heap before GC invocations=122 (full 8):
 PSYoungGen      total 11776K, used 11747K [0x00000000eab00000, 0x00000000ec000000, 0x0000000100000000)
  eden space 8192K, 100% used [0x00000000eab00000,0x00000000eb300000,0x00000000eb300000)
  from space 3584K, 99% used [0x00000000eb880000,0x00000000ebbf8c58,0x00000000ebc00000)
  to   space 5632K, 0% used [0x00000000eb300000,0x00000000eb300000,0x00000000eb880000)
 ParOldGen       total 200192K, used 188920K [0x00000000c0000000, 0x00000000cc380000, 0x00000000eab00000)
  object space 200192K, 94% used [0x00000000c0000000,0x00000000cb87e000,0x00000000cc380000)
 Metaspace       used 64326K, committed 65600K, reserved 1114112K
  class space    used 6852K, committed 7424K, reserved 1048576K
}
Event: 10.584 GC heap after
{Heap after GC invocations=122 (full 8):
 PSYoungGen      total 10752K, used 2184K [0x00000000eab00000, 0x00000000eba00000, 0x0000000100000000)
  eden space 8192K, 0% used [0x00000000eab00000,0x00000000eab00000,0x00000000eb300000)
  from space 2560K, 85% used [0x00000000eb300000,0x00000000eb522078,0x00000000eb580000)
  to   space 3584K, 0% used [0x00000000eb680000,0x00000000eb680000,0x00000000eba00000)
 ParOldGen       total 200192K, used 192291K [0x00000000c0000000, 0x00000000cc380000, 0x00000000eab00000)
  object space 200192K, 96% used [0x00000000c0000000,0x00000000cbbc8cb8,0x00000000cc380000)
 Metaspace       used 64326K, committed 65600K, reserved 1114112K
  class space    used 6852K, committed 7424K, reserved 1048576K
}
Event: 10.611 GC heap before
{Heap before GC invocations=123 (full 8):
 PSYoungGen      total 10752K, used 10376K [0x00000000eab00000, 0x00000000eba00000, 0x0000000100000000)
  eden space 8192K, 100% used [0x00000000eab00000,0x00000000eb300000,0x00000000eb300000)
  from space 2560K, 85% used [0x00000000eb300000,0x00000000eb522078,0x00000000eb580000)
  to   space 3584K, 0% used [0x00000000eb680000,0x00000000eb680000,0x00000000eba00000)
 ParOldGen       total 200192K, used 192291K [0x00000000c0000000, 0x00000000cc380000, 0x00000000eab00000)
  object space 200192K, 96% used [0x00000000c0000000,0x00000000cbbc8cb8,0x00000000cc380000)
 Metaspace       used 64351K, committed 65600K, reserved 1114112K
  class space    used 6853K, committed 7424K, reserved 1048576K
}
Event: 10.614 GC heap after
{Heap after GC invocations=123 (full 8):
 PSYoungGen      total 10240K, used 2039K [0x00000000eab00000, 0x00000000eb880000, 0x0000000100000000)
  eden space 8192K, 0% used [0x00000000eab00000,0x00000000eab00000,0x00000000eb300000)
  from space 2048K, 99% used [0x00000000eb680000,0x00000000eb87df98,0x00000000eb880000)
  to   space 2560K, 0% used [0x00000000eb380000,0x00000000eb380000,0x00000000eb600000)
 ParOldGen       total 200192K, used 194263K [0x00000000c0000000, 0x00000000cc380000, 0x00000000eab00000)
  object space 200192K, 97% used [0x00000000c0000000,0x00000000cbdb5d68,0x00000000cc380000)
 Metaspace       used 64351K, committed 65600K, reserved 1114112K
  class space    used 6853K, committed 7424K, reserved 1048576K
}
Event: 10.629 GC heap before
{Heap before GC invocations=124 (full 8):
 PSYoungGen      total 10240K, used 10231K [0x00000000eab00000, 0x00000000eb880000, 0x0000000100000000)
  eden space 8192K, 100% used [0x00000000eab00000,0x00000000eb300000,0x00000000eb300000)
  from space 2048K, 99% used [0x00000000eb680000,0x00000000eb87df98,0x00000000eb880000)
  to   space 2560K, 0% used [0x00000000eb380000,0x00000000eb380000,0x00000000eb600000)
 ParOldGen       total 200192K, used 194263K [0x00000000c0000000, 0x00000000cc380000, 0x00000000eab00000)
  object space 200192K, 97% used [0x00000000c0000000,0x00000000cbdb5d68,0x00000000cc380000)
 Metaspace       used 64367K, committed 65664K, reserved 1114112K
  class space    used 6853K, committed 7424K, reserved 1048576K
}
Event: 10.631 GC heap after
{Heap after GC invocations=124 (full 8):
 PSYoungGen      total 10752K, used 2555K [0x00000000eab00000, 0x00000000eba00000, 0x0000000100000000)
  eden space 8192K, 0% used [0x00000000eab00000,0x00000000eab00000,0x00000000eb300000)
  from space 2560K, 99% used [0x00000000eb380000,0x00000000eb5fecc8,0x00000000eb600000)
  to   space 3584K, 0% used [0x00000000eb680000,0x00000000eb680000,0x00000000eba00000)
 ParOldGen       total 200192K, used 194880K [0x00000000c0000000, 0x00000000cc380000, 0x00000000eab00000)
  object space 200192K, 97% used [0x00000000c0000000,0x00000000cbe500f0,0x00000000cc380000)
 Metaspace       used 64367K, committed 65664K, reserved 1114112K
  class space    used 6853K, committed 7424K, reserved 1048576K
}
Event: 10.645 GC heap before
{Heap before GC invocations=125 (full 8):
 PSYoungGen      total 10752K, used 10747K [0x00000000eab00000, 0x00000000eba00000, 0x0000000100000000)
  eden space 8192K, 100% used [0x00000000eab00000,0x00000000eb300000,0x00000000eb300000)
  from space 2560K, 99% used [0x00000000eb380000,0x00000000eb5fecc8,0x00000000eb600000)
  to   space 3584K, 0% used [0x00000000eb680000,0x00000000eb680000,0x00000000eba00000)
 ParOldGen       total 200192K, used 194880K [0x00000000c0000000, 0x00000000cc380000, 0x00000000eab00000)
  object space 200192K, 97% used [0x00000000c0000000,0x00000000cbe500f0,0x00000000cc380000)
 Metaspace       used 64367K, committed 65664K, reserved 1114112K
  class space    used 6853K, committed 7424K, reserved 1048576K
}
Event: 11.659 GC heap after
{Heap after GC invocations=125 (full 8):
 PSYoungGen      total 12288K, used 1071K [0x00000000eab00000, 0x00000000eb900000, 0x0000000100000000)
  eden space 9728K, 0% used [0x00000000eab00000,0x00000000eab00000,0x00000000eb480000)
  from space 2560K, 41% used [0x00000000eb680000,0x00000000eb78be48,0x00000000eb900000)
  to   space 2048K, 0% used [0x00000000eb480000,0x00000000eb480000,0x00000000eb680000)
 ParOldGen       total 200192K, used 197303K [0x00000000c0000000, 0x00000000cc380000, 0x00000000eab00000)
  object space 200192K, 98% used [0x00000000c0000000,0x00000000cc0addd0,0x00000000cc380000)
 Metaspace       used 64367K, committed 65664K, reserved 1114112K
  class space    used 6853K, committed 7424K, reserved 1048576K
}
Event: 11.670 GC heap before
{Heap before GC invocations=126 (full 8):
 PSYoungGen      total 12288K, used 10799K [0x00000000eab00000, 0x00000000eb900000, 0x0000000100000000)
  eden space 9728K, 100% used [0x00000000eab00000,0x00000000eb480000,0x00000000eb480000)
  from space 2560K, 41% used [0x00000000eb680000,0x00000000eb78be48,0x00000000eb900000)
  to   space 2048K, 0% used [0x00000000eb480000,0x00000000eb480000,0x00000000eb680000)
 ParOldGen       total 200192K, used 197303K [0x00000000c0000000, 0x00000000cc380000, 0x00000000eab00000)
  object space 200192K, 98% used [0x00000000c0000000,0x00000000cc0addd0,0x00000000cc380000)
 Metaspace       used 64378K, committed 65664K, reserved 1114112K
  class space    used 6856K, committed 7424K, reserved 1048576K
}

Dll operation events (12 events):
Event: 0.012 Loaded shared library c:\Users\PC\.vscode\extensions\redhat.java-1.35.1-win32-x64\jre\17.0.12-win32-x86_64\bin\java.dll
Event: 0.137 Loaded shared library c:\Users\PC\.vscode\extensions\redhat.java-1.35.1-win32-x64\jre\17.0.12-win32-x86_64\bin\zip.dll
Event: 0.140 Loaded shared library C:\Users\PC\.vscode\extensions\redhat.java-1.35.1-win32-x64\jre\17.0.12-win32-x86_64\bin\instrument.dll
Event: 0.151 Loaded shared library C:\Users\PC\.vscode\extensions\redhat.java-1.35.1-win32-x64\jre\17.0.12-win32-x86_64\bin\net.dll
Event: 0.153 Loaded shared library C:\Users\PC\.vscode\extensions\redhat.java-1.35.1-win32-x64\jre\17.0.12-win32-x86_64\bin\nio.dll
Event: 0.161 Loaded shared library C:\Users\PC\.vscode\extensions\redhat.java-1.35.1-win32-x64\jre\17.0.12-win32-x86_64\bin\zip.dll
Event: 0.177 Loaded shared library C:\Users\PC\.vscode\extensions\redhat.java-1.35.1-win32-x64\jre\17.0.12-win32-x86_64\bin\jimage.dll
Event: 0.229 Loaded shared library c:\Users\PC\.vscode\extensions\redhat.java-1.35.1-win32-x64\jre\17.0.12-win32-x86_64\bin\verify.dll
Event: 0.994 Loaded shared library C:\Users\PC\AppData\Roaming\Code\User\globalStorage\redhat.java\1.35.1\config_win\org.eclipse.equinox.launcher\org.eclipse.equinox.launcher.win32.win32.x86_64_1.2.1100.v20240722-2106\eclipse_11904.dll
Event: 1.874 Loaded shared library C:\Users\PC\AppData\Local\Temp\jna-2547\jna17913262367874494391.dll
Event: 3.607 Loaded shared library C:\Users\PC\.vscode\extensions\redhat.java-1.35.1-win32-x64\jre\17.0.12-win32-x86_64\bin\sunmscapi.dll
Event: 3.670 Loaded shared library C:\Users\PC\.vscode\extensions\redhat.java-1.35.1-win32-x64\jre\17.0.12-win32-x86_64\bin\extnet.dll

Deoptimization events (20 events):
Event: 10.524 Thread 0x00000286dd083830 Uncommon trap: trap_request=0xffffff45 fr.pc=0x00000286cc01e89c relative=0x000000000000229c
Event: 10.524 Thread 0x00000286dd083830 Uncommon trap: reason=unstable_if action=reinterpret pc=0x00000286cc01e89c method=java.util.jar.Manifest$FastInputStream.readLine([BII)I @ 106 c2
Event: 10.525 Thread 0x00000286dd083830 DEOPT PACKING pc=0x00000286cc01e89c sp=0x000000e46d8fe040
Event: 10.525 Thread 0x00000286dd083830 DEOPT UNPACKING pc=0x00000286cb5566a3 sp=0x000000e46d8fdf18 mode 2
Event: 10.525 Thread 0x00000286dd083830 Uncommon trap: trap_request=0xffffff45 fr.pc=0x00000286cbca2fa0 relative=0x0000000000000460
Event: 10.525 Thread 0x00000286dd083830 Uncommon trap: reason=unstable_if action=reinterpret pc=0x00000286cbca2fa0 method=java.util.jar.Manifest$FastInputStream.readLine([BII)I @ 106 c2
Event: 10.525 Thread 0x00000286dd083830 DEOPT PACKING pc=0x00000286cbca2fa0 sp=0x000000e46d8fdfd0
Event: 10.525 Thread 0x00000286dd083830 DEOPT UNPACKING pc=0x00000286cb5566a3 sp=0x000000e46d8fdf08 mode 2
Event: 10.525 Thread 0x00000286dd083830 Uncommon trap: trap_request=0xffffff45 fr.pc=0x00000286cbd42ebc relative=0x000000000000047c
Event: 10.525 Thread 0x00000286dd083830 Uncommon trap: reason=unstable_if action=reinterpret pc=0x00000286cbd42ebc method=java.util.jar.Manifest$FastInputStream.readLine([BII)I @ 106 c2
Event: 10.526 Thread 0x00000286dd083830 DEOPT PACKING pc=0x00000286cbd42ebc sp=0x000000e46d8fdf60
Event: 10.526 Thread 0x00000286dd083830 DEOPT UNPACKING pc=0x00000286cb5566a3 sp=0x000000e46d8fdf10 mode 2
Event: 10.526 Thread 0x00000286dd083830 Uncommon trap: trap_request=0xffffff45 fr.pc=0x00000286cbca1938 relative=0x0000000000000098
Event: 10.526 Thread 0x00000286dd083830 Uncommon trap: reason=unstable_if action=reinterpret pc=0x00000286cbca1938 method=java.util.jar.Manifest$FastInputStream.peek()B @ 23 c2
Event: 10.527 Thread 0x00000286dd083830 DEOPT PACKING pc=0x00000286cbca1938 sp=0x000000e46d8fe030
Event: 10.527 Thread 0x00000286dd083830 DEOPT UNPACKING pc=0x00000286cb5566a3 sp=0x000000e46d8fdfc8 mode 2
Event: 10.639 Thread 0x00000286dfe068b0 Uncommon trap: trap_request=0xffffff6e fr.pc=0x00000286cc2d6cd8 relative=0x0000000000000238
Event: 10.639 Thread 0x00000286dfe068b0 Uncommon trap: reason=loop_limit_check action=maybe_recompile pc=0x00000286cc2d6cd8 method=org.eclipse.jdt.internal.core.util.HashSetOfArray.hashCode([Ljava/lang/Object;I)I @ 27 c2
Event: 10.639 Thread 0x00000286dfe068b0 DEOPT PACKING pc=0x00000286cc2d6cd8 sp=0x000000e46f6fe530
Event: 10.639 Thread 0x00000286dfe068b0 DEOPT UNPACKING pc=0x00000286cb5566a3 sp=0x000000e46f6fe4b8 mode 2

Classes loaded (20 events):
Event: 7.024 Loading class sun/nio/cs/ThreadLocalCoders$1
Event: 7.025 Loading class sun/nio/cs/ThreadLocalCoders$Cache
Event: 7.025 Loading class sun/nio/cs/ThreadLocalCoders$Cache done
Event: 7.025 Loading class sun/nio/cs/ThreadLocalCoders$1 done
Event: 7.026 Loading class sun/nio/cs/ThreadLocalCoders$2
Event: 7.026 Loading class sun/nio/cs/ThreadLocalCoders$2 done
Event: 7.033 Loading class java/util/zip/ZipError
Event: 7.033 Loading class java/util/zip/ZipError done
Event: 7.082 Loading class java/lang/invoke/BoundMethodHandle$Species_LLLLLLLLLL
Event: 7.083 Loading class java/lang/invoke/BoundMethodHandle$Species_LLLLLLLLLL done
Event: 7.085 Loading class java/lang/invoke/BoundMethodHandle$Species_LLLLLLLLLLL
Event: 7.085 Loading class java/lang/invoke/BoundMethodHandle$Species_LLLLLLLLLLL done
Event: 7.087 Loading class java/lang/invoke/BoundMethodHandle$Species_LLLLLLLLLLLL
Event: 7.087 Loading class java/lang/invoke/BoundMethodHandle$Species_LLLLLLLLLLLL done
Event: 7.089 Loading class java/lang/invoke/BoundMethodHandle$Species_LLLLLLLLLLLLL
Event: 7.089 Loading class java/lang/invoke/BoundMethodHandle$Species_LLLLLLLLLLLLL done
Event: 7.175 Loading class java/util/WeakHashMap$KeyIterator
Event: 7.176 Loading class java/util/WeakHashMap$KeyIterator done
Event: 9.535 Loading class sun/nio/cs/ISO_8859_1$Decoder
Event: 9.536 Loading class sun/nio/cs/ISO_8859_1$Decoder done

Classes unloaded (14 events):
Event: 2.701 Thread 0x00000286d519f950 Unloading class 0x000000010024a400 'java/lang/invoke/LambdaForm$MH+0x000000010024a400'
Event: 2.701 Thread 0x00000286d519f950 Unloading class 0x000000010024a000 'java/lang/invoke/LambdaForm$MH+0x000000010024a000'
Event: 2.701 Thread 0x00000286d519f950 Unloading class 0x0000000100249c00 'java/lang/invoke/LambdaForm$MH+0x0000000100249c00'
Event: 2.701 Thread 0x00000286d519f950 Unloading class 0x0000000100249800 'java/lang/invoke/LambdaForm$MH+0x0000000100249800'
Event: 2.701 Thread 0x00000286d519f950 Unloading class 0x0000000100249400 'java/lang/invoke/LambdaForm$BMH+0x0000000100249400'
Event: 2.701 Thread 0x00000286d519f950 Unloading class 0x0000000100249000 'java/lang/invoke/LambdaForm$DMH+0x0000000100249000'
Event: 2.701 Thread 0x00000286d519f950 Unloading class 0x0000000100244400 'java/lang/invoke/LambdaForm$DMH+0x0000000100244400'
Event: 8.651 Thread 0x00000286d519f950 Unloading class 0x000000010071a800 'java/lang/invoke/LambdaForm$MH+0x000000010071a800'
Event: 8.651 Thread 0x00000286d519f950 Unloading class 0x000000010071a400 'java/lang/invoke/LambdaForm$MH+0x000000010071a400'
Event: 8.651 Thread 0x00000286d519f950 Unloading class 0x000000010071a000 'java/lang/invoke/LambdaForm$MH+0x000000010071a000'
Event: 8.651 Thread 0x00000286d519f950 Unloading class 0x0000000100719800 'java/lang/invoke/LambdaForm$DMH+0x0000000100719800'
Event: 8.651 Thread 0x00000286d519f950 Unloading class 0x0000000100719400 'java/lang/invoke/LambdaForm$DMH+0x0000000100719400'
Event: 8.651 Thread 0x00000286d519f950 Unloading class 0x0000000100718800 'java/lang/invoke/LambdaForm$DMH+0x0000000100718800'
Event: 8.651 Thread 0x00000286d519f950 Unloading class 0x0000000100719000 'java/lang/invoke/LambdaForm$DMH+0x0000000100719000'

Classes redefined (0 events):
No events

Internal exceptions (20 events):
Event: 6.992 Thread 0x00000286dfe077e0 Exception <a 'sun/nio/fs/WindowsException'{0x00000000ebc896b8}> (0x00000000ebc896b8) 
thrown [s\src\hotspot\share\prims\jni.cpp, line 516]
Event: 7.031 Thread 0x00000286dfe06dc0 Exception <a 'sun/nio/fs/WindowsException'{0x00000000ec035ce8}> (0x00000000ec035ce8) 
thrown [s\src\hotspot\share\prims\jni.cpp, line 516]
Event: 7.031 Thread 0x00000286dfe077e0 Implicit null exception at 0x00000286cbea312c to 0x00000286cbea3174
Event: 7.087 Thread 0x00000286dfe077e0 Exception <a 'java/io/FileNotFoundException'{0x00000000eae7d1b8}> (0x00000000eae7d1b8) 
thrown [s\src\hotspot\share\prims\jni.cpp, line 516]
Event: 7.161 Thread 0x00000286dfe077e0 Exception <a 'sun/nio/fs/WindowsException'{0x00000000eb432820}> (0x00000000eb432820) 
thrown [s\src\hotspot\share\prims\jni.cpp, line 516]
Event: 7.161 Thread 0x00000286dfe077e0 Exception <a 'sun/nio/fs/WindowsException'{0x00000000eb433100}> (0x00000000eb433100) 
thrown [s\src\hotspot\share\prims\jni.cpp, line 516]
Event: 7.463 Thread 0x00000286dd080aa0 Implicit null exception at 0x00000286cc13652c to 0x00000286cc13661c
Event: 8.587 Thread 0x00000286dfe077e0 Implicit null exception at 0x00000286cbf6a45a to 0x00000286cbf6a54c
Event: 8.589 Thread 0x00000286dd083830 Exception <a 'java/lang/NoSuchMethodError'{0x00000000eadde5e8}: 'void java.lang.invoke.DirectMethodHandle$Holder.invokeInterface(java.lang.Object, java.lang.Object)'> (0x00000000eadde5e8) 
thrown [s\src\hotspot\share\interpreter\linkResolver.cpp, line 759]
Event: 8.614 Thread 0x00000286dd083830 Exception <a 'java/lang/NoSuchMethodError'{0x00000000eadd4b18}: 'java.lang.Object java.lang.invoke.DirectMethodHandle$Holder.newInvokeSpecial(java.lang.Object, java.lang.Object, java.lang.Object, java.lang.Object, java.lang.Object, java.lang.Object)'> (0x00000000eadd4b18) 
thrown [s\src\hotspot\share\interpreter\linkResolver.cpp, line 759]
Event: 8.626 Thread 0x00000286e002a040 Exception <a 'java/lang/NoSuchMethodError'{0x00000000eb03d280}: 'void java.lang.invoke.DirectMethodHandle$Holder.invokeSpecial(java.lang.Object, java.lang.Object, java.lang.Object, java.lang.Object, java.lang.Object, java.lang.Object, java.lang.Object, java.lang.Object)'> (0x00000000eb03d280) 
thrown [s\src\hotspot\share\interpreter\linkResolver.cpp, line 759]
Event: 8.626 Thread 0x00000286e0029b30 Exception <a 'java/lang/NoSuchMethodError'{0x00000000eb022f88}: 'void java.lang.invoke.DirectMethodHandle$Holder.invokeSpecial(java.lang.Object, java.lang.Object, java.lang.Object, java.lang.Object, java.lang.Object, java.lang.Object, java.lang.Object, java.lang.Object)'> (0x00000000eb022f88) 
thrown [s\src\hotspot\share\interpreter\linkResolver.cpp, line 759]
Event: 8.627 Thread 0x00000286e0028c00 Exception <a 'java/lang/NoSuchMethodError'{0x00000000eb082908}: 'java.lang.Object java.lang.invoke.Invokers$Holder.linkToTargetMethod(java.lang.Object, java.lang.Object, java.lang.Object, java.lang.Object, java.lang.Object, java.lang.Object, java.lang.Object)'> (0x00000000eb082908) 
thrown [s\src\hotspot\share\interpreter\linkResolver.cpp, line 759]
Event: 8.627 Thread 0x00000286e002a040 Exception <a 'java/lang/NoSuchMethodError'{0x00000000eb06fe60}: 'java.lang.Object java.lang.invoke.Invokers$Holder.linkToTargetMethod(java.lang.Object, java.lang.Object, java.lang.Object, java.lang.Object, java.lang.Object, java.lang.Object, java.lang.Object)'> (0x00000000eb06fe60) 
thrown [s\src\hotspot\share\interpreter\linkResolver.cpp, line 759]
Event: 8.627 Thread 0x00000286e0026da0 Exception <a 'java/lang/NoSuchMethodError'{0x00000000eb08a0d0}: 'java.lang.Object java.lang.invoke.Invokers$Holder.linkToTargetMethod(java.lang.Object, java.lang.Object, java.lang.Object, java.lang.Object, java.lang.Object, java.lang.Object, java.lang.Object)'> (0x00000000eb08a0d0) 
thrown [s\src\hotspot\share\interpreter\linkResolver.cpp, line 759]
Event: 8.627 Thread 0x00000286e0027cd0 Exception <a 'java/lang/NoSuchMethodError'{0x00000000eb07b560}: 'java.lang.Object java.lang.invoke.Invokers$Holder.linkToTargetMethod(java.lang.Object, java.lang.Object, java.lang.Object, java.lang.Object, java.lang.Object, java.lang.Object, java.lang.Object)'> (0x00000000eb07b560) 
thrown [s\src\hotspot\share\interpreter\linkResolver.cpp, line 759]
Event: 9.050 Thread 0x00000286dd080aa0 Implicit null exception at 0x00000286cc1eea14 to 0x00000286cc1f2f74
Event: 10.298 Thread 0x00000286dd083830 Exception <a 'sun/nio/fs/WindowsException'{0x00000000eb30aeb8}> (0x00000000eb30aeb8) 
thrown [s\src\hotspot\share\prims\jni.cpp, line 516]
Event: 10.298 Thread 0x00000286dd083830 Exception <a 'sun/nio/fs/WindowsException'{0x00000000eb30b798}> (0x00000000eb30b798) 
thrown [s\src\hotspot\share\prims\jni.cpp, line 516]
Event: 10.375 Thread 0x00000286dd083830 Exception <a 'java/lang/NoSuchMethodError'{0x00000000eabf17d0}: 'void java.lang.invoke.DirectMethodHandle$Holder.invokeSpecial(java.lang.Object, java.lang.Object, java.lang.Object, java.lang.Object, java.lang.Object)'> (0x00000000eabf17d0) 
thrown [s\src\hotspot\share\interpreter\linkResolver.cpp, line 759]

VM Operations (20 events):
Event: 10.424 Executing VM operation: ParallelGCFailedAllocation done
Event: 10.442 Executing VM operation: ParallelGCFailedAllocation
Event: 10.465 Executing VM operation: ParallelGCFailedAllocation done
Event: 10.483 Executing VM operation: ParallelGCFailedAllocation
Event: 10.485 Executing VM operation: ParallelGCFailedAllocation done
Event: 10.498 Executing VM operation: ParallelGCFailedAllocation
Event: 10.501 Executing VM operation: ParallelGCFailedAllocation done
Event: 10.522 Executing VM operation: ParallelGCFailedAllocation
Event: 10.524 Executing VM operation: ParallelGCFailedAllocation done
Event: 10.546 Executing VM operation: ParallelGCFailedAllocation
Event: 10.559 Executing VM operation: ParallelGCFailedAllocation done
Event: 10.582 Executing VM operation: ParallelGCFailedAllocation
Event: 10.584 Executing VM operation: ParallelGCFailedAllocation done
Event: 10.611 Executing VM operation: ParallelGCFailedAllocation
Event: 10.614 Executing VM operation: ParallelGCFailedAllocation done
Event: 10.629 Executing VM operation: ParallelGCFailedAllocation
Event: 10.631 Executing VM operation: ParallelGCFailedAllocation done
Event: 10.645 Executing VM operation: ParallelGCFailedAllocation
Event: 11.659 Executing VM operation: ParallelGCFailedAllocation done
Event: 11.670 Executing VM operation: ParallelGCFailedAllocation

Events (20 events):
Event: 8.427 Thread 0x00000286da480dc0 flushing nmethod 0x00000286c5170d90
Event: 8.427 Thread 0x00000286da480dc0 flushing nmethod 0x00000286c5177c10
Event: 8.427 Thread 0x00000286da480dc0 flushing nmethod 0x00000286c5178310
Event: 8.427 Thread 0x00000286da480dc0 flushing nmethod 0x00000286c5195e90
Event: 8.427 Thread 0x00000286da480dc0 flushing nmethod 0x00000286c519f890
Event: 8.427 Thread 0x00000286da480dc0 flushing nmethod 0x00000286c51b3510
Event: 8.427 Thread 0x00000286da480dc0 flushing nmethod 0x00000286c51b9110
Event: 8.621 Thread 0x00000286e0029b30 Thread added: 0x00000286e0029b30
Event: 8.621 Thread 0x00000286e0028c00 Thread added: 0x00000286e0028c00
Event: 8.622 Thread 0x00000286e0026da0 Thread added: 0x00000286e0026da0
Event: 8.622 Thread 0x00000286e0027cd0 Thread added: 0x00000286e0027cd0
Event: 8.622 Thread 0x00000286e002a040 Thread added: 0x00000286e002a040
Event: 10.044 Thread 0x00000286e0028c00 Thread exited: 0x00000286e0028c00
Event: 10.044 Thread 0x00000286e0029b30 Thread exited: 0x00000286e0029b30
Event: 10.044 Thread 0x00000286e002a040 Thread exited: 0x00000286e002a040
Event: 10.044 Thread 0x00000286e0027cd0 Thread exited: 0x00000286e0027cd0
Event: 10.044 Thread 0x00000286e0026da0 Thread exited: 0x00000286e0026da0
Event: 11.660 Thread 0x00000286dd100020 Thread exited: 0x00000286dd100020
Event: 11.665 Thread 0x00000286dc55edd0 Thread exited: 0x00000286dc55edd0
Event: 11.667 Thread 0x00000286dc55e8b0 Thread exited: 0x00000286dc55e8b0


Dynamic libraries:
0x00007ff7c95a0000 - 0x00007ff7c95ae000 	c:\Users\PC\.vscode\extensions\redhat.java-1.35.1-win32-x64\jre\17.0.12-win32-x86_64\bin\java.exe
0x00007ff8ae5c0000 - 0x00007ff8ae823000 	C:\WINDOWS\SYSTEM32\ntdll.dll
0x00007ff8acbb0000 - 0x00007ff8acc78000 	C:\WINDOWS\System32\KERNEL32.DLL
0x00007ff8ab9b0000 - 0x00007ff8abd61000 	C:\WINDOWS\System32\KERNELBASE.dll
0x00007ff8a8470000 - 0x00007ff8a850c000 	C:\WINDOWS\SYSTEM32\apphelp.dll
0x00007ff8ac2e0000 - 0x00007ff8ac42b000 	C:\WINDOWS\System32\ucrtbase.dll
0x00007ff872a10000 - 0x00007ff872a27000 	c:\Users\PC\.vscode\extensions\redhat.java-1.35.1-win32-x64\jre\17.0.12-win32-x86_64\bin\jli.dll
0x00007ff878a00000 - 0x00007ff878a1b000 	c:\Users\PC\.vscode\extensions\redhat.java-1.35.1-win32-x64\jre\17.0.12-win32-x86_64\bin\VCRUNTIME140.dll
0x00007ff8ae3b0000 - 0x00007ff8ae579000 	C:\WINDOWS\System32\USER32.dll
0x00007ff8abeb0000 - 0x00007ff8abed7000 	C:\WINDOWS\System32\win32u.dll
0x00007ff889a80000 - 0x00007ff889d10000 	C:\WINDOWS\WinSxS\amd64_microsoft.windows.common-controls_6595b64144ccf1df_6.0.26100.1882_none_3e0e949ae32eca40\COMCTL32.dll
0x00007ff8acc80000 - 0x00007ff8accaa000 	C:\WINDOWS\System32\GDI32.dll
0x00007ff8acf40000 - 0x00007ff8acfe9000 	C:\WINDOWS\System32\msvcrt.dll
0x00007ff8abee0000 - 0x00007ff8ac005000 	C:\WINDOWS\System32\gdi32full.dll
0x00007ff8ac010000 - 0x00007ff8ac0b3000 	C:\WINDOWS\System32\msvcp_win.dll
0x00007ff8acb00000 - 0x00007ff8acb2f000 	C:\WINDOWS\System32\IMM32.DLL
0x00007ff8a5a10000 - 0x00007ff8a5a1c000 	c:\Users\PC\.vscode\extensions\redhat.java-1.35.1-win32-x64\jre\17.0.12-win32-x86_64\bin\vcruntime140_1.dll
0x00007ff84e880000 - 0x00007ff84e90d000 	c:\Users\PC\.vscode\extensions\redhat.java-1.35.1-win32-x64\jre\17.0.12-win32-x86_64\bin\msvcp140.dll
0x00007ff80f150000 - 0x00007ff80fdba000 	c:\Users\PC\.vscode\extensions\redhat.java-1.35.1-win32-x64\jre\17.0.12-win32-x86_64\bin\server\jvm.dll
0x00007ff8ad320000 - 0x00007ff8ad3d4000 	C:\WINDOWS\System32\ADVAPI32.dll
0x00007ff8adf00000 - 0x00007ff8adfa6000 	C:\WINDOWS\System32\sechost.dll
0x00007ff8ac4a0000 - 0x00007ff8ac5b6000 	C:\WINDOWS\System32\RPCRT4.dll
0x00007ff8aca50000 - 0x00007ff8acac4000 	C:\WINDOWS\System32\WS2_32.dll
0x00007ff8aa640000 - 0x00007ff8aa68e000 	C:\WINDOWS\SYSTEM32\POWRPROF.dll
0x00007ff8a54a0000 - 0x00007ff8a54ab000 	C:\WINDOWS\SYSTEM32\VERSION.dll
0x00007ff89ba10000 - 0x00007ff89ba46000 	C:\WINDOWS\SYSTEM32\WINMM.dll
0x00007ff8aa620000 - 0x00007ff8aa634000 	C:\WINDOWS\SYSTEM32\UMPDC.dll
0x00007ff8aa8e0000 - 0x00007ff8aa8fa000 	C:\WINDOWS\SYSTEM32\kernel.appcore.dll
0x00007ff884a80000 - 0x00007ff884a8a000 	c:\Users\PC\.vscode\extensions\redhat.java-1.35.1-win32-x64\jre\17.0.12-win32-x86_64\bin\jimage.dll
0x00007ff8a92f0000 - 0x00007ff8a9531000 	C:\WINDOWS\SYSTEM32\DBGHELP.DLL
0x00007ff8ad460000 - 0x00007ff8ad7dd000 	C:\WINDOWS\System32\combase.dll
0x00007ff8acff0000 - 0x00007ff8ad0c6000 	C:\WINDOWS\System32\OLEAUT32.dll
0x00007ff892a70000 - 0x00007ff892aa9000 	C:\WINDOWS\SYSTEM32\dbgcore.DLL
0x00007ff8ac240000 - 0x00007ff8ac2d9000 	C:\WINDOWS\System32\bcryptPrimitives.dll
0x00007ff883cd0000 - 0x00007ff883cde000 	c:\Users\PC\.vscode\extensions\redhat.java-1.35.1-win32-x64\jre\17.0.12-win32-x86_64\bin\instrument.dll
0x00007ff8512b0000 - 0x00007ff8512d5000 	c:\Users\PC\.vscode\extensions\redhat.java-1.35.1-win32-x64\jre\17.0.12-win32-x86_64\bin\java.dll
0x00007ff867470000 - 0x00007ff867488000 	c:\Users\PC\.vscode\extensions\redhat.java-1.35.1-win32-x64\jre\17.0.12-win32-x86_64\bin\zip.dll
0x00007ff8ad7f0000 - 0x00007ff8adeee000 	C:\WINDOWS\System32\SHELL32.dll
0x00007ff8a9710000 - 0x00007ff8a9f3a000 	C:\WINDOWS\SYSTEM32\windows.storage.dll
0x00007ff8ae2d0000 - 0x00007ff8ae3a3000 	C:\WINDOWS\System32\SHCORE.dll
0x00007ff8acb40000 - 0x00007ff8acb9d000 	C:\WINDOWS\System32\shlwapi.dll
0x00007ff8ab8d0000 - 0x00007ff8ab8f9000 	C:\WINDOWS\SYSTEM32\profapi.dll
0x00007ff8503c0000 - 0x00007ff8503d9000 	C:\Users\PC\.vscode\extensions\redhat.java-1.35.1-win32-x64\jre\17.0.12-win32-x86_64\bin\net.dll
0x00007ff8a19d0000 - 0x00007ff8a1af6000 	C:\WINDOWS\SYSTEM32\WINHTTP.dll
0x00007ff8aadc0000 - 0x00007ff8aae28000 	C:\WINDOWS\system32\mswsock.dll
0x00007ff8503a0000 - 0x00007ff8503b6000 	C:\Users\PC\.vscode\extensions\redhat.java-1.35.1-win32-x64\jre\17.0.12-win32-x86_64\bin\nio.dll
0x00007ff882ac0000 - 0x00007ff882ad0000 	c:\Users\PC\.vscode\extensions\redhat.java-1.35.1-win32-x64\jre\17.0.12-win32-x86_64\bin\verify.dll
0x00007ff84ee90000 - 0x00007ff84eed5000 	C:\Users\PC\AppData\Roaming\Code\User\globalStorage\redhat.java\1.35.1\config_win\org.eclipse.equinox.launcher\org.eclipse.equinox.launcher.win32.win32.x86_64_1.2.1100.v20240722-2106\eclipse_11904.dll
0x00007ff8acda0000 - 0x00007ff8acf39000 	C:\WINDOWS\System32\ole32.dll
0x00007ff8ab170000 - 0x00007ff8ab18c000 	C:\WINDOWS\SYSTEM32\CRYPTSP.dll
0x00007ff8aa840000 - 0x00007ff8aa878000 	C:\WINDOWS\system32\rsaenh.dll
0x00007ff8aae60000 - 0x00007ff8aae8b000 	C:\WINDOWS\SYSTEM32\USERENV.dll
0x00007ff8ab300000 - 0x00007ff8ab326000 	C:\WINDOWS\SYSTEM32\bcrypt.dll
0x00007ff8aaff0000 - 0x00007ff8aaffc000 	C:\WINDOWS\SYSTEM32\CRYPTBASE.dll
0x00007ff8aa2a0000 - 0x00007ff8aa2d1000 	C:\WINDOWS\SYSTEM32\IPHLPAPI.DLL
0x00007ff8ad7e0000 - 0x00007ff8ad7ea000 	C:\WINDOWS\System32\NSI.dll
0x00007ff8a19a0000 - 0x00007ff8a19be000 	C:\WINDOWS\SYSTEM32\dhcpcsvc6.DLL
0x00007ff8a1970000 - 0x00007ff8a1995000 	C:\WINDOWS\SYSTEM32\dhcpcsvc.DLL
0x00007ff8aa340000 - 0x00007ff8aa465000 	C:\WINDOWS\SYSTEM32\DNSAPI.dll
0x00007ff80e8d0000 - 0x00007ff80e919000 	C:\Users\PC\AppData\Local\Temp\jna-2547\jna17913262367874494391.dll
0x00007ff8acba0000 - 0x00007ff8acba8000 	C:\WINDOWS\System32\PSAPI.DLL
0x00007ff8a10a0000 - 0x00007ff8a10bb000 	\\?\C:\WINDOWS\system32\MpeHttpExt.dll
0x00007ff87f0b0000 - 0x00007ff87f0be000 	C:\Users\PC\.vscode\extensions\redhat.java-1.35.1-win32-x64\jre\17.0.12-win32-x86_64\bin\sunmscapi.dll
0x00007ff8ac0c0000 - 0x00007ff8ac236000 	C:\WINDOWS\System32\CRYPT32.dll
0x00007ff8ab2c0000 - 0x00007ff8ab2f0000 	C:\WINDOWS\SYSTEM32\ncrypt.dll
0x00007ff8ab270000 - 0x00007ff8ab2af000 	C:\WINDOWS\SYSTEM32\NTASN1.dll
0x00007ff8a4c80000 - 0x00007ff8a4c8b000 	C:\Windows\System32\rasadhlp.dll
0x00007ff8a1520000 - 0x00007ff8a15a6000 	C:\WINDOWS\System32\fwpuclnt.dll
0x00007ff87f000000 - 0x00007ff87f009000 	C:\Users\PC\.vscode\extensions\redhat.java-1.35.1-win32-x64\jre\17.0.12-win32-x86_64\bin\extnet.dll

dbghelp: loaded successfully - version: 4.0.5 - missing functions: none
symbol engine: initialized successfully - sym options: 0x614 - pdb path: .;c:\Users\PC\.vscode\extensions\redhat.java-1.35.1-win32-x64\jre\17.0.12-win32-x86_64\bin;C:\WINDOWS\SYSTEM32;C:\WINDOWS\WinSxS\amd64_microsoft.windows.common-controls_6595b64144ccf1df_6.0.26100.1882_none_3e0e949ae32eca40;c:\Users\PC\.vscode\extensions\redhat.java-1.35.1-win32-x64\jre\17.0.12-win32-x86_64\bin\server;C:\Users\PC\AppData\Roaming\Code\User\globalStorage\redhat.java\1.35.1\config_win\org.eclipse.equinox.launcher\org.eclipse.equinox.launcher.win32.win32.x86_64_1.2.1100.v20240722-2106;C:\Users\PC\AppData\Local\Temp\jna-2547;\\?\C:\WINDOWS\system32

VM Arguments:
jvm_args: --add-modules=ALL-SYSTEM --add-opens=java.base/java.util=ALL-UNNAMED --add-opens=java.base/java.lang=ALL-UNNAMED --add-opens=java.base/sun.nio.fs=ALL-UNNAMED -Declipse.application=org.eclipse.jdt.ls.core.id1 -Dosgi.bundles.defaultStartLevel=4 -Declipse.product=org.eclipse.jdt.ls.core.product -Djava.import.generatesMetadataFilesAtProjectRoot=false -DDetectVMInstallationsJob.disabled=true -Dfile.encoding=utf8 -XX:+UseParallelGC -XX:GCTimeRatio=4 -XX:AdaptiveSizePolicyWeight=90 -Dsun.zip.disableMemoryMapping=true -Xmx1G -Xms100m -Xlog:disable -javaagent:c:\Users\PC\.vscode\extensions\redhat.java-1.35.1-win32-x64\lombok\lombok-1.18.33.jar -XX:+HeapDumpOnOutOfMemoryError -XX:HeapDumpPath=c:\Users\PC\AppData\Roaming\Code\User\workspaceStorage\a62762605cb7f6e2f88296b2dcde094d\redhat.java -Daether.dependencyCollector.impl=bf 
java_command: c:\Users\PC\.vscode\extensions\redhat.java-1.35.1-win32-x64\server\plugins\org.eclipse.equinox.launcher_1.6.900.v20240613-2009.jar -configuration c:\Users\PC\AppData\Roaming\Code\User\globalStorage\redhat.java\1.35.1\config_win -data c:\Users\PC\AppData\Roaming\Code\User\workspaceStorage\a62762605cb7f6e2f88296b2dcde094d\redhat.java\jdt_ws --pipe=\\.\pipe\lsp-55aa2d81f61bc26dea7d77cad11ece54-sock
java_class_path (initial): c:\Users\PC\.vscode\extensions\redhat.java-1.35.1-win32-x64\server\plugins\org.eclipse.equinox.launcher_1.6.900.v20240613-2009.jar
Launcher Type: SUN_STANDARD

[Global flags]
    uintx AdaptiveSizePolicyWeight                 = 90                                        {product} {command line}
     intx CICompilerCount                          = 12                                        {product} {ergonomic}
    uintx GCTimeRatio                              = 4                                         {product} {command line}
     bool HeapDumpOnOutOfMemoryError               = true                                   {manageable} {command line}
    ccstr HeapDumpPath                             = c:\Users\PC\AppData\Roaming\Code\User\workspaceStorage\a62762605cb7f6e2f88296b2dcde094d\redhat.java         {manageable} {command line}
   size_t InitialHeapSize                          = 104857600                                 {product} {command line}
   size_t MaxHeapSize                              = 1073741824                                {product} {command line}
   size_t MaxNewSize                               = 357564416                                 {product} {ergonomic}
   size_t MinHeapDeltaBytes                        = 524288                                    {product} {ergonomic}
   size_t MinHeapSize                              = 104857600                                 {product} {command line}
   size_t NewSize                                  = 34603008                                  {product} {ergonomic}
    uintx NonNMethodCodeHeapSize                   = 7602480                                {pd product} {ergonomic}
    uintx NonProfiledCodeHeapSize                  = 122027880                              {pd product} {ergonomic}
   size_t OldSize                                  = 70254592                                  {product} {ergonomic}
    uintx ProfiledCodeHeapSize                     = 122027880                              {pd product} {ergonomic}
    uintx ReservedCodeCacheSize                    = 251658240                              {pd product} {ergonomic}
     bool SegmentedCodeCache                       = true                                      {product} {ergonomic}
   size_t SoftMaxHeapSize                          = 1073741824                             {manageable} {ergonomic}
     bool UseCompressedClassPointers               = true                           {product lp64_product} {ergonomic}
     bool UseCompressedOops                        = true                           {product lp64_product} {ergonomic}
     bool UseLargePagesIndividualAllocation        = false                                  {pd product} {ergonomic}
     bool UseParallelGC                            = true                                      {product} {command line}

Logging:
Log output configuration:
 #0: stdout all=off uptime,level,tags
 #1: stderr all=off uptime,level,tags

Environment Variables:
JAVA_HOME=C:\Program Files\Java\jdk-22\
PATH=C:\Python\Scripts\;C:\Python\;C:\sqlite3\;C:\Program Files\Java\jdk-22\bin;C:\Program Files\Common Files\Oracle\Java\javapath;C:\Program Files (x86)\VMware\VMware Workstation\bin\;C:\Windows\system32;C:\Windows;C:\Windows\System32\Wbem;C:\Windows\System32\WindowsPowerShell\v1.0\;C:\Windows\System32\OpenSSH\;C:\WINDOWS\system32;C:\WINDOWS;C:\WINDOWS\System32\Wbem;C:\WINDOWS\System32\WindowsPowerShell\v1.0\;C:\WINDOWS\System32\OpenSSH\;C:\Program Files\Microsoft SQL Server\150\Tools\Binn\;C:\Program Files\Microsoft VS Code\bin;C:\Program Files\dotnet\;C:\WINDOWS\system32;C:\WINDOWS;C:\WINDOWS\System32\Wbem;C:\WINDOWS\System32\WindowsPowerShell\v1.0\;C:\WINDOWS\System32\OpenSSH\;C:\Program Files (x86)\NVIDIA Corporation\PhysX\Common;C:\Program Files\nodejs\;C:\Program Files (x86)\Windows Kits\10\Windows Performance Toolkit\;C:\Program Files\Microsoft SQL Server\Client SDK\ODBC\170\Tools\Binn\;C:\Program Files\Git\cmd;C:\xampp\php;C:\Users\PC\.cargo\bin;C:\Program Files\MySQL\MySQL Shell 8.4\bin\;C:\Program Files\MySQL\MySQL Shell 8.2\bin\;C:\Program Files\MySQL\MySQL Shell 8.0\bin\;C:\Users\PC\AppData\Local\Microsoft\WindowsApps;C:\Users\PC\.dotnet\tools;C:\Users\PC\AppData\Local\GitHubDesktop\bin;C:\Users\PC\Desktop\Flutter\flutter\bin;C:\flutter\bin;C:\Program Files (x86)\Nmap;C:\Program Files\heroku\bin;C:\Program Files\Microsoft\jdk-21.0.3.9-hotspot\bin;;C:\Program Files\JetBrains\PyCharm 2024.1.6\bin;;C:\Program Files\JetBrains\PyCharm Community Edition 2024.1.6\bin;;C:\Users\PC\AppData\Roaming\npm;C:\Program Files\mitmproxy\bin
USERNAME=PC
OS=Windows_NT
PROCESSOR_IDENTIFIER=AMD64 Family 25 Model 80 Stepping 0, AuthenticAMD
TMP=C:\Users\PC\AppData\Local\Temp
TEMP=C:\Users\PC\AppData\Local\Temp



Periodic native trim disabled


---------------  S Y S T E M  ---------------

OS:
 Windows 11 , 64 bit Build 26100 (10.0.26100.2152)
OS uptime: 2 days 5:41 hours
Hyper-V role detected

CPU: total 16 (initial active 16) (16 cores per cpu, 2 threads per core) family 25 model 80 stepping 0 microcode 0xa50000f, cx8, cmov, fxsr, ht, mmx, 3dnowpref, sse, sse2, sse3, ssse3, sse4a, sse4.1, sse4.2, popcnt, lzcnt, tsc, tscinvbit, avx, avx2, aes, erms, clmul, bmi1, bmi2, adx, sha, fma, vzeroupper, clflush, clflushopt, hv
Processor Information for all 16 processors :
  Max Mhz: 3201, Current Mhz: 3201, Mhz Limit: 3201

Memory: 4k page, system-wide physical 16236M (3827M free)
TotalPageFile size 21236M (AvailPageFile size 355M)
current process WorkingSet (physical memory assigned to process): 506M, peak: 535M
current process commit charge ("private bytes"): 495M, peak: 550M

vm_info: OpenJDK 64-Bit Server VM (17.0.12+7) for windows-amd64 JRE (17.0.12+7), built on Jul 16 2024 22:08:24 by "admin" with MS VC++ 16.10 / 16.11 (VS2019)

END.
