#
# There is insufficient memory for the Java Runtime Environment to continue.
# Native memory allocation (malloc) failed to allocate 1639216 bytes. Error detail: Chunk::new
# Possible reasons:
#   The system is out of physical RAM or swap space
#   This process is running with CompressedOops enabled, and the Java Heap may be blocking the growth of the native heap
# Possible solutions:
#   Reduce memory load on the system
#   Increase physical memory or swap space
#   Check if swap backing store is full
#   Decrease Java heap size (-Xmx/-Xms)
#   Decrease number of Java threads
#   Decrease Java thread stack sizes (-Xss)
#   Set larger code cache with -XX:ReservedCodeCacheSize=
#   JVM is running with Unscaled Compressed Oops mode in which the Java heap is
#     placed in the first 4GB address space. The Java Heap base address is the
#     maximum limit for the native heap growth. Please use -XX:HeapBaseMinAddress
#     to set the Java Heap base and to place the Java Heap above 4GB virtual address.
# This output file may be truncated or incomplete.
#
#  Out of Memory Error (arena.cpp:191), pid=16132, tid=26580
#
# JRE version: OpenJDK Runtime Environment Temurin-17.0.12+7 (17.0.12+7) (build 17.0.12+7)
# Java VM: OpenJDK 64-Bit Server VM Temurin-17.0.12+7 (17.0.12+7, mixed mode, tiered, compressed oops, compressed class ptrs, parallel gc, windows-amd64)
# No core dump will be written. Minidumps are not enabled by default on client versions of Windows
#

---------------  S U M M A R Y ------------

Command Line: --add-modules=ALL-SYSTEM --add-opens=java.base/java.util=ALL-UNNAMED --add-opens=java.base/java.lang=ALL-UNNAMED --add-opens=java.base/sun.nio.fs=ALL-UNNAMED -Declipse.application=org.eclipse.jdt.ls.core.id1 -Dosgi.bundles.defaultStartLevel=4 -Declipse.product=org.eclipse.jdt.ls.core.product -Djava.import.generatesMetadataFilesAtProjectRoot=false -DDetectVMInstallationsJob.disabled=true -Dfile.encoding=utf8 -XX:+UseParallelGC -XX:GCTimeRatio=4 -XX:AdaptiveSizePolicyWeight=90 -Dsun.zip.disableMemoryMapping=true -Xmx1G -Xms100m -Xlog:disable -javaagent:c:\Users\PC\.vscode\extensions\redhat.java-1.35.1-win32-x64\lombok\lombok-1.18.33.jar -XX:+HeapDumpOnOutOfMemoryError -XX:HeapDumpPath=c:\Users\PC\AppData\Roaming\Code\User\workspaceStorage\a62762605cb7f6e2f88296b2dcde094d\redhat.java -Daether.dependencyCollector.impl=bf c:\Users\PC\.vscode\extensions\redhat.java-1.35.1-win32-x64\server\plugins\org.eclipse.equinox.launcher_1.6.900.v20240613-2009.jar -configuration c:\Users\PC\AppData\Roaming\Code\User\globalStorage\redhat.java\1.35.1\config_win -data c:\Users\PC\AppData\Roaming\Code\User\workspaceStorage\a62762605cb7f6e2f88296b2dcde094d\redhat.java\jdt_ws --pipe=\\.\pipe\lsp-9f55bfd8a49e97c8f3479bcbabcf6776-sock

Host: AMD Ryzen 7 5800H with Radeon Graphics         , 16 cores, 15G,  Windows 11 , 64 bit Build 26100 (10.0.26100.2152)
Time: Mon Oct 14 14:51:36 2024 Eastern Daylight Time elapsed time: 6.544619 seconds (0d 0h 0m 6s)

---------------  T H R E A D  ---------------

Current thread (0x00000203b89a8b00):  JavaThread "C2 CompilerThread0" daemon [_thread_in_native, id=26580, stack(0x0000007bb4000000,0x0000007bb4100000)]


Current CompileTask:
C2:   6544 6500       4       java.util.stream.SortedOps$SizedRefSortingSink::end (129 bytes)

Stack: [0x0000007bb4000000,0x0000007bb4100000]
Native frames: (J=compiled Java code, j=interpreted, Vv=VM code, C=native code)
V  [jvm.dll+0x67f929]
V  [jvm.dll+0x8371ba]
V  [jvm.dll+0x838c7e]
V  [jvm.dll+0x8392e3]
V  [jvm.dll+0x24834f]
V  [jvm.dll+0xac9d4]
V  [jvm.dll+0xad01c]
V  [jvm.dll+0x367452]
V  [jvm.dll+0x33197a]
V  [jvm.dll+0x330e1a]
V  [jvm.dll+0x21a8b1]
V  [jvm.dll+0x219cf1]
V  [jvm.dll+0x1a58bd]
V  [jvm.dll+0x229a2d]
V  [jvm.dll+0x227bdc]
V  [jvm.dll+0x7ec1f7]
V  [jvm.dll+0x7e65dc]
V  [jvm.dll+0x67e7f7]
C  [ucrtbase.dll+0x14ea0]
C  [KERNEL32.DLL+0x2dbe7]
C  [ntdll.dll+0xdfbec]


---------------  P R O C E S S  ---------------

Threads class SMR info:
_java_thread_list=0x00000203bf1f78e0, length=56, elements={
0x000002039f93cac0, 0x00000203b37b1d70, 0x00000203b37b4850, 0x00000203b37b9ef0,
0x00000203b37ba8c0, 0x00000203b37be650, 0x00000203b899f310, 0x00000203b89a8b00,
0x00000203b89aa030, 0x00000203b89ab0e0, 0x00000203b8a55400, 0x000002039f9a13f0,
0x00000203b8aab4f0, 0x00000203b8c7c750, 0x00000203bab03780, 0x00000203bb765cf0,
0x00000203bad2f240, 0x00000203bad2e820, 0x00000203bad2ed30, 0x00000203bad315b0,
0x00000203bad2fc60, 0x00000203bad2f750, 0x00000203bad2de00, 0x00000203bad2e310,
0x00000203bad30b90, 0x00000203bad310a0, 0x00000203bcc95260, 0x00000203bd3db610,
0x00000203bd3dabf0, 0x00000203bd3dbb20, 0x00000203bd3d8880, 0x00000203bd3db100,
0x00000203bd3da1d0, 0x00000203bd3da6e0, 0x00000203bd3d8370, 0x00000203bd3dc030,
0x00000203bd3dc540, 0x00000203bd3d92a0, 0x00000203bd3d8d90, 0x00000203bd3dca50,
0x00000203bd3dcf60, 0x00000203bd3d9cc0, 0x00000203bd3d97b0, 0x00000203bd3dfcf0,
0x00000203bd3dd470, 0x00000203bd3dd980, 0x00000203bd3de3a0, 0x00000203bd3de8b0,
0x00000203bd1dcfa0, 0x00000203bd5fc120, 0x00000203bc1e8910, 0x00000203bd3dedc0,
0x00000203bd3df2d0, 0x00000203bcd5e650, 0x00000203bcd5f580, 0x00000203bcd5d720
}

Java Threads: ( => current thread )
  0x000002039f93cac0 JavaThread "main" [_thread_blocked, id=25896, stack(0x0000007bb3700000,0x0000007bb3800000)]
  0x00000203b37b1d70 JavaThread "Reference Handler" daemon [_thread_blocked, id=14484, stack(0x0000007bb3a00000,0x0000007bb3b00000)]
  0x00000203b37b4850 JavaThread "Finalizer" daemon [_thread_blocked, id=11884, stack(0x0000007bb3b00000,0x0000007bb3c00000)]
  0x00000203b37b9ef0 JavaThread "Signal Dispatcher" daemon [_thread_blocked, id=17308, stack(0x0000007bb3c00000,0x0000007bb3d00000)]
  0x00000203b37ba8c0 JavaThread "Attach Listener" daemon [_thread_blocked, id=5656, stack(0x0000007bb3d00000,0x0000007bb3e00000)]
  0x00000203b37be650 JavaThread "Service Thread" daemon [_thread_blocked, id=25848, stack(0x0000007bb3e00000,0x0000007bb3f00000)]
  0x00000203b899f310 JavaThread "Monitor Deflation Thread" daemon [_thread_blocked, id=8916, stack(0x0000007bb3f00000,0x0000007bb4000000)]
=>0x00000203b89a8b00 JavaThread "C2 CompilerThread0" daemon [_thread_in_native, id=26580, stack(0x0000007bb4000000,0x0000007bb4100000)]
  0x00000203b89aa030 JavaThread "C1 CompilerThread0" daemon [_thread_blocked, id=19916, stack(0x0000007bb4100000,0x0000007bb4200000)]
  0x00000203b89ab0e0 JavaThread "Sweeper thread" daemon [_thread_blocked, id=20432, stack(0x0000007bb4200000,0x0000007bb4300000)]
  0x00000203b8a55400 JavaThread "Common-Cleaner" daemon [_thread_blocked, id=17540, stack(0x0000007bb4300000,0x0000007bb4400000)]
  0x000002039f9a13f0 JavaThread "C1 CompilerThread1" daemon [_thread_blocked, id=26268, stack(0x0000007bb4400000,0x0000007bb4500000)]
  0x00000203b8aab4f0 JavaThread "C2 CompilerThread1" daemon [_thread_blocked, id=23244, stack(0x0000007bb4500000,0x0000007bb4600000)]
  0x00000203b8c7c750 JavaThread "C1 CompilerThread2" daemon [_thread_blocked, id=20016, stack(0x0000007bb4700000,0x0000007bb4800000)]
  0x00000203bab03780 JavaThread "Notification Thread" daemon [_thread_blocked, id=17180, stack(0x0000007bb4900000,0x0000007bb4a00000)]
  0x00000203bb765cf0 JavaThread "C2 CompilerThread2" daemon [_thread_in_native, id=20856, stack(0x0000007bb4600000,0x0000007bb4700000)]
  0x00000203bad2f240 JavaThread "Active Thread: Equinox Container: 5141532f-3180-4d2e-a46f-3d4b05bac1c3" [_thread_blocked, id=23956, stack(0x0000007bb5200000,0x0000007bb5300000)]
  0x00000203bad2e820 JavaThread "Framework Event Dispatcher: Equinox Container: 5141532f-3180-4d2e-a46f-3d4b05bac1c3" daemon [_thread_blocked, id=25012, stack(0x0000007bb5300000,0x0000007bb5400000)]
  0x00000203bad2ed30 JavaThread "Start Level: Equinox Container: 5141532f-3180-4d2e-a46f-3d4b05bac1c3" daemon [_thread_blocked, id=10888, stack(0x0000007bb5400000,0x0000007bb5500000)]
  0x00000203bad315b0 JavaThread "Bundle File Closer" daemon [_thread_blocked, id=20816, stack(0x0000007bb5700000,0x0000007bb5800000)]
  0x00000203bad2fc60 JavaThread "SCR Component Actor" daemon [_thread_blocked, id=3836, stack(0x0000007bb5900000,0x0000007bb5a00000)]
  0x00000203bad2f750 JavaThread "SCR Component Registry" daemon [_thread_blocked, id=16252, stack(0x0000007bb5a00000,0x0000007bb5b00000)]
  0x00000203bad2de00 JavaThread "Worker-JM" [_thread_blocked, id=18300, stack(0x0000007bb5d00000,0x0000007bb5e00000)]
  0x00000203bad2e310 JavaThread "JNA Cleaner" daemon [_thread_blocked, id=19592, stack(0x0000007bb5000000,0x0000007bb5100000)]
  0x00000203bad30b90 JavaThread "Worker-0" [_thread_blocked, id=13904, stack(0x0000007bb5100000,0x0000007bb5200000)]
  0x00000203bad310a0 JavaThread "Worker-1: Initialize workspace" [_thread_blocked, id=18700, stack(0x0000007bb5f00000,0x0000007bb6000000)]
  0x00000203bcc95260 JavaThread "C2 CompilerThread3" daemon [_thread_in_native, id=13328, stack(0x0000007bb6100000,0x0000007bb6200000)]
  0x00000203bd3db610 JavaThread "Java indexing" daemon [_thread_blocked, id=21648, stack(0x0000007bb6200000,0x0000007bb6300000)]
  0x00000203bd3dabf0 JavaThread "Thread-2" daemon [_thread_in_native, id=13976, stack(0x0000007bb6500000,0x0000007bb6600000)]
  0x00000203bd3dbb20 JavaThread "Thread-3" daemon [_thread_in_native, id=26552, stack(0x0000007bb6600000,0x0000007bb6700000)]
  0x00000203bd3d8880 JavaThread "Thread-4" daemon [_thread_in_native, id=26468, stack(0x0000007bb6700000,0x0000007bb6800000)]
  0x00000203bd3db100 JavaThread "Thread-5" daemon [_thread_in_native, id=18664, stack(0x0000007bb6800000,0x0000007bb6900000)]
  0x00000203bd3da1d0 JavaThread "Thread-6" daemon [_thread_in_native, id=21844, stack(0x0000007bb6900000,0x0000007bb6a00000)]
  0x00000203bd3da6e0 JavaThread "Thread-7" daemon [_thread_in_native, id=25628, stack(0x0000007bb6a00000,0x0000007bb6b00000)]
  0x00000203bd3d8370 JavaThread "Thread-8" daemon [_thread_in_native, id=14024, stack(0x0000007bb6b00000,0x0000007bb6c00000)]
  0x00000203bd3dc030 JavaThread "Thread-9" daemon [_thread_in_native, id=3968, stack(0x0000007bb6c00000,0x0000007bb6d00000)]
  0x00000203bd3dc540 JavaThread "Thread-10" daemon [_thread_in_native, id=24060, stack(0x0000007bb6d00000,0x0000007bb6e00000)]
  0x00000203bd3d92a0 JavaThread "Thread-11" daemon [_thread_in_native, id=6204, stack(0x0000007bb6e00000,0x0000007bb6f00000)]
  0x00000203bd3d8d90 JavaThread "Thread-12" daemon [_thread_in_native, id=24088, stack(0x0000007bb6f00000,0x0000007bb7000000)]
  0x00000203bd3dca50 JavaThread "Thread-13" daemon [_thread_in_native, id=15832, stack(0x0000007bb7000000,0x0000007bb7100000)]
  0x00000203bd3dcf60 JavaThread "Thread-14" daemon [_thread_in_native, id=16404, stack(0x0000007bb7100000,0x0000007bb7200000)]
  0x00000203bd3d9cc0 JavaThread "Thread-15" daemon [_thread_in_native, id=5948, stack(0x0000007bb7200000,0x0000007bb7300000)]
  0x00000203bd3d97b0 JavaThread "Thread-16" daemon [_thread_in_native, id=20768, stack(0x0000007bb7300000,0x0000007bb7400000)]
  0x00000203bd3dfcf0 JavaThread "Thread-17" daemon [_thread_in_native, id=6788, stack(0x0000007bb7400000,0x0000007bb7500000)]
  0x00000203bd3dd470 JavaThread "Thread-18" daemon [_thread_in_native, id=14160, stack(0x0000007bb7500000,0x0000007bb7600000)]
  0x00000203bd3dd980 JavaThread "pool-2-thread-1" [_thread_blocked, id=22508, stack(0x0000007bb7600000,0x0000007bb7700000)]
  0x00000203bd3de3a0 JavaThread "WorkspaceEventsHandler" [_thread_blocked, id=16180, stack(0x0000007bb7700000,0x0000007bb7800000)]
  0x00000203bd3de8b0 JavaThread "pool-1-thread-1" [_thread_blocked, id=2944, stack(0x0000007bb7800000,0x0000007bb7900000)]
  0x00000203bd1dcfa0 JavaThread "C2 CompilerThread4" daemon [_thread_in_native, id=26256, stack(0x0000007bb7900000,0x0000007bb7a00000)]
  0x00000203bd5fc120 JavaThread "C2 CompilerThread5" daemon [_thread_in_native, id=19888, stack(0x0000007bb7a00000,0x0000007bb7b00000)]
  0x00000203bc1e8910 JavaThread "C2 CompilerThread6" daemon [_thread_blocked, id=6672, stack(0x0000007bb7b00000,0x0000007bb7c00000)]
  0x00000203bd3dedc0 JavaThread "Worker-2: Initialize Workspace" [_thread_blocked, id=20428, stack(0x0000007bb7d00000,0x0000007bb7e00000)]
  0x00000203bd3df2d0 JavaThread "Worker-3: Send Classpath Notifications" [_thread_blocked, id=7392, stack(0x0000007bb7e00000,0x0000007bb7f00000)]
  0x00000203bcd5e650 JavaThread "ForkJoinPool.commonPool-worker-1" daemon [_thread_blocked, id=12652, stack(0x0000007bb7c00000,0x0000007bb7d00000)]
  0x00000203bcd5f580 JavaThread "ForkJoinPool.commonPool-worker-2" daemon [_thread_blocked, id=19928, stack(0x0000007bb7f00000,0x0000007bb8000000)]
  0x00000203bcd5d720 JavaThread "Worker-4" [_thread_blocked, id=4524, stack(0x0000007bb8000000,0x0000007bb8100000)]

Other Threads:
  0x00000203b89645f0 VMThread "VM Thread" [stack: 0x0000007bb3900000,0x0000007bb3a00000] [id=16472] _threads_hazard_ptr=0x00000203bf1f78e0
  0x00000203bab03c60 WatcherThread [stack: 0x0000007bb4a00000,0x0000007bb4b00000] [id=24680]
  0x000002039f950780 GCTaskThread "GC Thread#0" [stack: 0x0000007bb3800000,0x0000007bb3900000] [id=24248]
  0x00000203bb3d74a0 GCTaskThread "GC Thread#1" [stack: 0x0000007bb4b00000,0x0000007bb4c00000] [id=11464]
  0x00000203bb767010 GCTaskThread "GC Thread#2" [stack: 0x0000007bb4c00000,0x0000007bb4d00000] [id=16640]
  0x00000203bb7672d0 GCTaskThread "GC Thread#3" [stack: 0x0000007bb4d00000,0x0000007bb4e00000] [id=10816]
  0x00000203bada88d0 GCTaskThread "GC Thread#4" [stack: 0x0000007bb4e00000,0x0000007bb4f00000] [id=25748]
  0x00000203bada8b90 GCTaskThread "GC Thread#5" [stack: 0x0000007bb4f00000,0x0000007bb5000000] [id=4324]
  0x00000203bb43fc00 GCTaskThread "GC Thread#6" [stack: 0x0000007bb5500000,0x0000007bb5600000] [id=7628]
  0x00000203bb4e9b70 GCTaskThread "GC Thread#7" [stack: 0x0000007bb5600000,0x0000007bb5700000] [id=9444]
  0x00000203bbdc7c80 GCTaskThread "GC Thread#8" [stack: 0x0000007bb5800000,0x0000007bb5900000] [id=26480]
  0x00000203bb8d9830 GCTaskThread "GC Thread#9" [stack: 0x0000007bb5b00000,0x0000007bb5c00000] [id=26600]
  0x00000203bb8d8d30 GCTaskThread "GC Thread#10" [stack: 0x0000007bb5c00000,0x0000007bb5d00000] [id=3756]
  0x00000203bb8d9570 GCTaskThread "GC Thread#11" [stack: 0x0000007bb5e00000,0x0000007bb5f00000] [id=21708]
  0x00000203bb8d8a70 GCTaskThread "GC Thread#12" [stack: 0x0000007bb6000000,0x0000007bb6100000] [id=1960]

Threads with active compile tasks:
C2 CompilerThread0     7564 6500       4       java.util.stream.SortedOps$SizedRefSortingSink::end (129 bytes)
C1 CompilerThread0     7564 6849       3       org.osgi.util.tracker.ServiceTracker::getService (33 bytes)
C1 CompilerThread1     7564 6847       3       org.eclipse.core.internal.runtime.InternalPlatform::getDefault (4 bytes)
C2 CompilerThread1     7564 6295   !   4       org.eclipse.osgi.internal.weaving.WovenClassImpl::callHooks (410 bytes)
C1 CompilerThread2     7564 6846       3       org.eclipse.core.runtime.Path::<init> (161 bytes)
C2 CompilerThread2     7564 6781   !   4       java.io.ObjectInputStream$BlockDataInputStream::readUTFSpan (502 bytes)
C2 CompilerThread3     7564 6755       4       java.io.WinNTFileSystem::normalize (143 bytes)
C2 CompilerThread4     7564 6791       4       java.io.ObjectInputStream$PeekInputStream::readFully (48 bytes)
C2 CompilerThread5     7564 6501   !   4       com.google.inject.spi.InjectionPoint::getInjectionPoints (491 bytes)
C2 CompilerThread6     7564 6759       4       java.io.DataInputStream::readUTF (501 bytes)

VM state: synchronizing (normal execution)

VM Mutex/Monitor currently owned by a thread:  ([mutex/lock_event])
[0x000002039f937160] Threads_lock - owner thread: 0x00000203b89645f0

Heap address: 0x00000000c0000000, size: 1024 MB, Compressed Oops mode: 32-bit

CDS archive(s) not mapped
Compressed class space mapped at: 0x0000000100000000-0x0000000140000000, reserved size: 1073741824
Narrow klass base: 0x0000000000000000, Narrow klass shift: 3, Narrow klass range: 0x140000000

GC Precious Log:
 CPUs: 16 total, 16 available
 Memory: 16236M
 Large Page Support: Disabled
 NUMA Support: Disabled
 Compressed Oops: Enabled (32-bit)
 Alignments: Space 512K, Generation 512K, Heap 2M
 Heap Min Capacity: 100M
 Heap Initial Capacity: 100M
 Heap Max Capacity: 1G
 Pre-touch: Disabled
 Parallel Workers: 13

Heap:
 PSYoungGen      total 22528K, used 5694K [0x00000000eab00000, 0x00000000ec580000, 0x0000000100000000)
  eden space 22016K, 23% used [0x00000000eab00000,0x00000000eb0119f0,0x00000000ec080000)
  from space 512K, 98% used [0x00000000ec300000,0x00000000ec37dfc8,0x00000000ec380000)
  to   space 2560K, 0% used [0x00000000ec080000,0x00000000ec080000,0x00000000ec300000)
 ParOldGen       total 68608K, used 23557K [0x00000000c0000000, 0x00000000c4300000, 0x00000000eab00000)
  object space 68608K, 34% used [0x00000000c0000000,0x00000000c17015c8,0x00000000c4300000)
 Metaspace       used 54246K, committed 55360K, reserved 1114112K
  class space    used 5841K, committed 6336K, reserved 1048576K

Card table byte_map: [0x000002039f2c0000,0x000002039f4d0000] _byte_map_base: 0x000002039ecc0000

Marking Bits: (ParMarkBitMap*) 0x00007ff80fcf58b0
 Begin Bits: [0x00000203b15c0000, 0x00000203b25c0000)
 End Bits:   [0x00000203b25c0000, 0x00000203b35c0000)

Polling page: 0x000002039d850000

Metaspace:

Usage:
  Non-class:     47.27 MB used.
      Class:      5.70 MB used.
       Both:     52.98 MB used.

Virtual space:
  Non-class space:       64.00 MB reserved,      47.88 MB ( 75%) committed,  1 nodes.
      Class space:        1.00 GB reserved,       6.19 MB ( <1%) committed,  1 nodes.
             Both:        1.06 GB reserved,      54.06 MB (  5%) committed. 

Chunk freelists:
   Non-Class:  15.83 MB
       Class:  9.84 MB
        Both:  25.67 MB

MaxMetaspaceSize: unlimited
CompressedClassSpaceSize: 1.00 GB
Initial GC threshold: 21.00 MB
Current GC threshold: 58.38 MB
CDS: off
MetaspaceReclaimPolicy: balanced
 - commit_granule_bytes: 65536.
 - commit_granule_words: 8192.
 - virtual_space_node_default_size: 8388608.
 - enlarge_chunks_in_place: 1.
 - new_chunks_are_fully_committed: 0.
 - uncommit_free_chunks: 1.
 - use_allocation_guard: 0.
 - handle_deallocations: 1.


Internal statistics:

num_allocs_failed_limit: 6.
num_arena_births: 760.
num_arena_deaths: 14.
num_vsnodes_births: 2.
num_vsnodes_deaths: 0.
num_space_committed: 865.
num_space_uncommitted: 0.
num_chunks_returned_to_freelist: 20.
num_chunks_taken_from_freelist: 2875.
num_chunk_merges: 8.
num_chunk_splits: 1776.
num_chunks_enlarged: 1017.
num_inconsistent_stats: 0.

CodeHeap 'non-profiled nmethods': size=119168Kb used=3480Kb max_used=3480Kb free=115687Kb
 bounds [0x00000203aa160000, 0x00000203aa4d0000, 0x00000203b15c0000]
CodeHeap 'profiled nmethods': size=119104Kb used=12577Kb max_used=12577Kb free=106527Kb
 bounds [0x00000203a25c0000, 0x00000203a3210000, 0x00000203a9a10000]
CodeHeap 'non-nmethods': size=7488Kb used=2431Kb max_used=3087Kb free=5056Kb
 bounds [0x00000203a9a10000, 0x00000203a9d20000, 0x00000203aa160000]
 total_blobs=6657 nmethods=6018 adapters=550
 compilation: enabled
              stopped_count=0, restarted_count=0
 full_count=0

Compilation events (20 events):
Event: 5.529 Thread 0x000002039f9a13f0 nmethod 6827 0x00000203a31fdd10 code [0x00000203a31fe040, 0x00000203a31ff188]
Event: 5.529 Thread 0x00000203b8c7c750 6832       3       java.io.RandomAccessFile$1::close (11 bytes)
Event: 5.530 Thread 0x00000203b8c7cc70 nmethod 6831 0x00000203aa4c5290 code [0x00000203aa4c5420, 0x00000203aa4c54f8]
Event: 5.531 Thread 0x00000203b8c7c750 nmethod 6832 0x00000203a31ff690 code [0x00000203a31ff860, 0x00000203a31ffd58]
Event: 5.532 Thread 0x00000203b8c7c750 6833       3       org.eclipse.core.internal.resources.Resource::getFlags (13 bytes)
Event: 5.533 Thread 0x00000203b8c7cc70 6834       3       org.eclipse.core.internal.resources.Resource::getResourceInfo (14 bytes)
Event: 5.533 Thread 0x00000203b8c7c750 nmethod 6833 0x00000203a3203690 code [0x00000203a3203840, 0x00000203a3203a58]
Event: 5.534 Thread 0x000002039f9a13f0 6835       1       org.eclipse.core.internal.resources.WorkspaceRoot::getLocation (5 bytes)
Event: 5.534 Thread 0x00000203b89aa030 nmethod 6829 0x00000203a31fff90 code [0x00000203a3200400, 0x00000203a3202798]
Event: 5.534 Thread 0x00000203b8c7cc70 nmethod 6834 0x00000203a3203b10 code [0x00000203a3203cc0, 0x00000203a3203ec8]
Event: 5.534 Thread 0x000002039f9a13f0 nmethod 6835 0x00000203aa4c5590 code [0x00000203aa4c5720, 0x00000203aa4c57f8]
Event: 5.536 Thread 0x00000203b8c7cc70 6838       3       java.util.concurrent.CopyOnWriteArrayList::size (6 bytes)
Event: 5.536 Thread 0x00000203b8c7cc70 nmethod 6838 0x00000203a3203f90 code [0x00000203a3204120, 0x00000203a3204258]
Event: 5.536 Thread 0x00000203b8c7c750 6839       1       org.eclipse.core.runtime.Status::getCode (5 bytes)
Event: 5.537 Thread 0x00000203b8c7cc70 6840       3       org.eclipse.core.internal.resources.ResourceInfo::getType (10 bytes)
Event: 5.537 Thread 0x00000203b8c7c750 nmethod 6839 0x00000203aa4c5890 code [0x00000203aa4c5a20, 0x00000203aa4c5af8]
Event: 5.537 Thread 0x00000203b8c7cc70 nmethod 6840 0x00000203a3204310 code [0x00000203a32044a0, 0x00000203a32045f8]
Event: 5.538 Thread 0x000002039f9a13f0 6841       1       org.eclipse.core.runtime.NullProgressMonitor::isCanceled (5 bytes)
Event: 5.538 Thread 0x000002039f9a13f0 nmethod 6841 0x00000203aa4c5b90 code [0x00000203aa4c5d20, 0x00000203aa4c5df8]
Event: 5.543 Thread 0x00000203b8c7c750 6842       3       org.eclipse.core.internal.resources.Resource::exists (24 bytes)

GC Heap History (20 events):
Event: 2.982 GC heap before
{Heap before GC invocations=13 (full 2):
 PSYoungGen      total 23552K, used 522K [0x00000000eab00000, 0x00000000ec580000, 0x0000000100000000)
  eden space 22528K, 0% used [0x00000000eab00000,0x00000000eab00000,0x00000000ec100000)
  from space 1024K, 50% used [0x00000000ec280000,0x00000000ec302810,0x00000000ec380000)
  to   space 1536K, 0% used [0x00000000ec400000,0x00000000ec400000,0x00000000ec580000)
 ParOldGen       total 68608K, used 18668K [0x00000000c0000000, 0x00000000c4300000, 0x00000000eab00000)
  object space 68608K, 27% used [0x00000000c0000000,0x00000000c123b310,0x00000000c4300000)
 Metaspace       used 35051K, committed 35840K, reserved 1114112K
  class space    used 3439K, committed 3840K, reserved 1048576K
}
Event: 3.001 GC heap after
{Heap after GC invocations=13 (full 2):
 PSYoungGen      total 23552K, used 0K [0x00000000eab00000, 0x00000000ec580000, 0x0000000100000000)
  eden space 22528K, 0% used [0x00000000eab00000,0x00000000eab00000,0x00000000ec100000)
  from space 1024K, 0% used [0x00000000ec280000,0x00000000ec280000,0x00000000ec380000)
  to   space 1536K, 0% used [0x00000000ec400000,0x00000000ec400000,0x00000000ec580000)
 ParOldGen       total 68608K, used 15264K [0x00000000c0000000, 0x00000000c4300000, 0x00000000eab00000)
  object space 68608K, 22% used [0x00000000c0000000,0x00000000c0ee8178,0x00000000c4300000)
 Metaspace       used 35038K, committed 35840K, reserved 1114112K
  class space    used 3436K, committed 3840K, reserved 1048576K
}
Event: 3.311 GC heap before
{Heap before GC invocations=14 (full 2):
 PSYoungGen      total 23552K, used 22528K [0x00000000eab00000, 0x00000000ec580000, 0x0000000100000000)
  eden space 22528K, 100% used [0x00000000eab00000,0x00000000ec100000,0x00000000ec100000)
  from space 1024K, 0% used [0x00000000ec280000,0x00000000ec280000,0x00000000ec380000)
  to   space 1536K, 0% used [0x00000000ec400000,0x00000000ec400000,0x00000000ec580000)
 ParOldGen       total 68608K, used 15264K [0x00000000c0000000, 0x00000000c4300000, 0x00000000eab00000)
  object space 68608K, 22% used [0x00000000c0000000,0x00000000c0ee8178,0x00000000c4300000)
 Metaspace       used 38294K, committed 39232K, reserved 1114112K
  class space    used 3820K, committed 4224K, reserved 1048576K
}
Event: 3.313 GC heap after
{Heap after GC invocations=14 (full 2):
 PSYoungGen      total 23552K, used 1423K [0x00000000eab00000, 0x00000000ec580000, 0x0000000100000000)
  eden space 22016K, 0% used [0x00000000eab00000,0x00000000eab00000,0x00000000ec080000)
  from space 1536K, 92% used [0x00000000ec400000,0x00000000ec563ef8,0x00000000ec580000)
  to   space 2048K, 0% used [0x00000000ec180000,0x00000000ec180000,0x00000000ec380000)
 ParOldGen       total 68608K, used 15272K [0x00000000c0000000, 0x00000000c4300000, 0x00000000eab00000)
  object space 68608K, 22% used [0x00000000c0000000,0x00000000c0eea178,0x00000000c4300000)
 Metaspace       used 38294K, committed 39232K, reserved 1114112K
  class space    used 3820K, committed 4224K, reserved 1048576K
}
Event: 3.496 GC heap before
{Heap before GC invocations=15 (full 2):
 PSYoungGen      total 23552K, used 23439K [0x00000000eab00000, 0x00000000ec580000, 0x0000000100000000)
  eden space 22016K, 100% used [0x00000000eab00000,0x00000000ec080000,0x00000000ec080000)
  from space 1536K, 92% used [0x00000000ec400000,0x00000000ec563ef8,0x00000000ec580000)
  to   space 2048K, 0% used [0x00000000ec180000,0x00000000ec180000,0x00000000ec380000)
 ParOldGen       total 68608K, used 15272K [0x00000000c0000000, 0x00000000c4300000, 0x00000000eab00000)
  object space 68608K, 22% used [0x00000000c0000000,0x00000000c0eea178,0x00000000c4300000)
 Metaspace       used 40209K, committed 41152K, reserved 1114112K
  class space    used 4040K, committed 4480K, reserved 1048576K
}
Event: 3.499 GC heap after
{Heap after GC invocations=15 (full 2):
 PSYoungGen      total 23552K, used 1504K [0x00000000eab00000, 0x00000000ec480000, 0x0000000100000000)
  eden space 22016K, 0% used [0x00000000eab00000,0x00000000eab00000,0x00000000ec080000)
  from space 1536K, 97% used [0x00000000ec180000,0x00000000ec2f8000,0x00000000ec300000)
  to   space 1536K, 0% used [0x00000000ec300000,0x00000000ec300000,0x00000000ec480000)
 ParOldGen       total 68608K, used 16519K [0x00000000c0000000, 0x00000000c4300000, 0x00000000eab00000)
  object space 68608K, 24% used [0x00000000c0000000,0x00000000c1021e70,0x00000000c4300000)
 Metaspace       used 40209K, committed 41152K, reserved 1114112K
  class space    used 4040K, committed 4480K, reserved 1048576K
}
Event: 3.706 GC heap before
{Heap before GC invocations=16 (full 2):
 PSYoungGen      total 23552K, used 23520K [0x00000000eab00000, 0x00000000ec480000, 0x0000000100000000)
  eden space 22016K, 100% used [0x00000000eab00000,0x00000000ec080000,0x00000000ec080000)
  from space 1536K, 97% used [0x00000000ec180000,0x00000000ec2f8000,0x00000000ec300000)
  to   space 1536K, 0% used [0x00000000ec300000,0x00000000ec300000,0x00000000ec480000)
 ParOldGen       total 68608K, used 16519K [0x00000000c0000000, 0x00000000c4300000, 0x00000000eab00000)
  object space 68608K, 24% used [0x00000000c0000000,0x00000000c1021e70,0x00000000c4300000)
 Metaspace       used 42014K, committed 43008K, reserved 1114112K
  class space    used 4285K, committed 4736K, reserved 1048576K
}
Event: 3.707 GC heap after
{Heap after GC invocations=16 (full 2):
 PSYoungGen      total 23552K, used 1069K [0x00000000eab00000, 0x00000000ec480000, 0x0000000100000000)
  eden space 22016K, 0% used [0x00000000eab00000,0x00000000eab00000,0x00000000ec080000)
  from space 1536K, 69% used [0x00000000ec300000,0x00000000ec40b6d0,0x00000000ec480000)
  to   space 1536K, 0% used [0x00000000ec180000,0x00000000ec180000,0x00000000ec300000)
 ParOldGen       total 68608K, used 17047K [0x00000000c0000000, 0x00000000c4300000, 0x00000000eab00000)
  object space 68608K, 24% used [0x00000000c0000000,0x00000000c10a5e80,0x00000000c4300000)
 Metaspace       used 42014K, committed 43008K, reserved 1114112K
  class space    used 4285K, committed 4736K, reserved 1048576K
}
Event: 4.046 GC heap before
{Heap before GC invocations=17 (full 2):
 PSYoungGen      total 23552K, used 23085K [0x00000000eab00000, 0x00000000ec480000, 0x0000000100000000)
  eden space 22016K, 100% used [0x00000000eab00000,0x00000000ec080000,0x00000000ec080000)
  from space 1536K, 69% used [0x00000000ec300000,0x00000000ec40b6d0,0x00000000ec480000)
  to   space 1536K, 0% used [0x00000000ec180000,0x00000000ec180000,0x00000000ec300000)
 ParOldGen       total 68608K, used 17047K [0x00000000c0000000, 0x00000000c4300000, 0x00000000eab00000)
  object space 68608K, 24% used [0x00000000c0000000,0x00000000c10a5e80,0x00000000c4300000)
 Metaspace       used 44058K, committed 45056K, reserved 1114112K
  class space    used 4592K, committed 5056K, reserved 1048576K
}
Event: 4.049 GC heap after
{Heap after GC invocations=17 (full 2):
 PSYoungGen      total 23552K, used 1485K [0x00000000eab00000, 0x00000000ec480000, 0x0000000100000000)
  eden space 22016K, 0% used [0x00000000eab00000,0x00000000eab00000,0x00000000ec080000)
  from space 1536K, 96% used [0x00000000ec180000,0x00000000ec2f3668,0x00000000ec300000)
  to   space 1536K, 0% used [0x00000000ec300000,0x00000000ec300000,0x00000000ec480000)
 ParOldGen       total 68608K, used 17942K [0x00000000c0000000, 0x00000000c4300000, 0x00000000eab00000)
  object space 68608K, 26% used [0x00000000c0000000,0x00000000c1185b70,0x00000000c4300000)
 Metaspace       used 44058K, committed 45056K, reserved 1114112K
  class space    used 4592K, committed 5056K, reserved 1048576K
}
Event: 4.336 GC heap before
{Heap before GC invocations=18 (full 2):
 PSYoungGen      total 23552K, used 23501K [0x00000000eab00000, 0x00000000ec480000, 0x0000000100000000)
  eden space 22016K, 100% used [0x00000000eab00000,0x00000000ec080000,0x00000000ec080000)
  from space 1536K, 96% used [0x00000000ec180000,0x00000000ec2f3668,0x00000000ec300000)
  to   space 1536K, 0% used [0x00000000ec300000,0x00000000ec300000,0x00000000ec480000)
 ParOldGen       total 68608K, used 17942K [0x00000000c0000000, 0x00000000c4300000, 0x00000000eab00000)
  object space 68608K, 26% used [0x00000000c0000000,0x00000000c1185b70,0x00000000c4300000)
 Metaspace       used 45715K, committed 46656K, reserved 1114112K
  class space    used 4802K, committed 5248K, reserved 1048576K
}
Event: 4.337 GC heap after
{Heap after GC invocations=18 (full 2):
 PSYoungGen      total 23040K, used 640K [0x00000000eab00000, 0x00000000ec400000, 0x0000000100000000)
  eden space 22016K, 0% used [0x00000000eab00000,0x00000000eab00000,0x00000000ec080000)
  from space 1024K, 62% used [0x00000000ec300000,0x00000000ec3a0000,0x00000000ec400000)
  to   space 1024K, 0% used [0x00000000ec200000,0x00000000ec200000,0x00000000ec300000)
 ParOldGen       total 68608K, used 19190K [0x00000000c0000000, 0x00000000c4300000, 0x00000000eab00000)
  object space 68608K, 27% used [0x00000000c0000000,0x00000000c12bdb80,0x00000000c4300000)
 Metaspace       used 45715K, committed 46656K, reserved 1114112K
  class space    used 4802K, committed 5248K, reserved 1048576K
}
Event: 4.567 GC heap before
{Heap before GC invocations=19 (full 2):
 PSYoungGen      total 23040K, used 22656K [0x00000000eab00000, 0x00000000ec400000, 0x0000000100000000)
  eden space 22016K, 100% used [0x00000000eab00000,0x00000000ec080000,0x00000000ec080000)
  from space 1024K, 62% used [0x00000000ec300000,0x00000000ec3a0000,0x00000000ec400000)
  to   space 1024K, 0% used [0x00000000ec200000,0x00000000ec200000,0x00000000ec300000)
 ParOldGen       total 68608K, used 19190K [0x00000000c0000000, 0x00000000c4300000, 0x00000000eab00000)
  object space 68608K, 27% used [0x00000000c0000000,0x00000000c12bdb80,0x00000000c4300000)
 Metaspace       used 48171K, committed 49152K, reserved 1114112K
  class space    used 5130K, committed 5568K, reserved 1048576K
}
Event: 4.568 GC heap after
{Heap after GC invocations=19 (full 2):
 PSYoungGen      total 23040K, used 1024K [0x00000000eab00000, 0x00000000ec480000, 0x0000000100000000)
  eden space 22016K, 0% used [0x00000000eab00000,0x00000000eab00000,0x00000000ec080000)
  from space 1024K, 100% used [0x00000000ec200000,0x00000000ec300000,0x00000000ec300000)
  to   space 1536K, 0% used [0x00000000ec300000,0x00000000ec300000,0x00000000ec480000)
 ParOldGen       total 68608K, used 19718K [0x00000000c0000000, 0x00000000c4300000, 0x00000000eab00000)
  object space 68608K, 28% used [0x00000000c0000000,0x00000000c1341b80,0x00000000c4300000)
 Metaspace       used 48171K, committed 49152K, reserved 1114112K
  class space    used 5130K, committed 5568K, reserved 1048576K
}
Event: 4.845 GC heap before
{Heap before GC invocations=20 (full 2):
 PSYoungGen      total 23040K, used 23040K [0x00000000eab00000, 0x00000000ec480000, 0x0000000100000000)
  eden space 22016K, 100% used [0x00000000eab00000,0x00000000ec080000,0x00000000ec080000)
  from space 1024K, 100% used [0x00000000ec200000,0x00000000ec300000,0x00000000ec300000)
  to   space 1536K, 0% used [0x00000000ec300000,0x00000000ec300000,0x00000000ec480000)
 ParOldGen       total 68608K, used 19718K [0x00000000c0000000, 0x00000000c4300000, 0x00000000eab00000)
  object space 68608K, 28% used [0x00000000c0000000,0x00000000c1341b80,0x00000000c4300000)
 Metaspace       used 50730K, committed 51840K, reserved 1114112K
  class space    used 5449K, committed 5952K, reserved 1048576K
}
Event: 4.846 GC heap after
{Heap after GC invocations=20 (full 2):
 PSYoungGen      total 23552K, used 1280K [0x00000000eab00000, 0x00000000ec480000, 0x0000000100000000)
  eden space 22016K, 0% used [0x00000000eab00000,0x00000000eab00000,0x00000000ec080000)
  from space 1536K, 83% used [0x00000000ec300000,0x00000000ec440000,0x00000000ec480000)
  to   space 1536K, 0% used [0x00000000ec180000,0x00000000ec180000,0x00000000ec300000)
 ParOldGen       total 68608K, used 20698K [0x00000000c0000000, 0x00000000c4300000, 0x00000000eab00000)
  object space 68608K, 30% used [0x00000000c0000000,0x00000000c1436890,0x00000000c4300000)
 Metaspace       used 50730K, committed 51840K, reserved 1114112K
  class space    used 5449K, committed 5952K, reserved 1048576K
}
Event: 5.184 GC heap before
{Heap before GC invocations=21 (full 2):
 PSYoungGen      total 23552K, used 23276K [0x00000000eab00000, 0x00000000ec480000, 0x0000000100000000)
  eden space 22016K, 99% used [0x00000000eab00000,0x00000000ec07b3e8,0x00000000ec080000)
  from space 1536K, 83% used [0x00000000ec300000,0x00000000ec440000,0x00000000ec480000)
  to   space 1536K, 0% used [0x00000000ec180000,0x00000000ec180000,0x00000000ec300000)
 ParOldGen       total 68608K, used 20698K [0x00000000c0000000, 0x00000000c4300000, 0x00000000eab00000)
  object space 68608K, 30% used [0x00000000c0000000,0x00000000c1436890,0x00000000c4300000)
 Metaspace       used 52446K, committed 53440K, reserved 1114112K
  class space    used 5634K, committed 6080K, reserved 1048576K
}
Event: 5.186 GC heap after
{Heap after GC invocations=21 (full 2):
 PSYoungGen      total 23552K, used 1130K [0x00000000eab00000, 0x00000000ec380000, 0x0000000100000000)
  eden space 22016K, 0% used [0x00000000eab00000,0x00000000eab00000,0x00000000ec080000)
  from space 1536K, 73% used [0x00000000ec180000,0x00000000ec29a818,0x00000000ec300000)
  to   space 512K, 0% used [0x00000000ec300000,0x00000000ec300000,0x00000000ec380000)
 ParOldGen       total 68608K, used 21778K [0x00000000c0000000, 0x00000000c4300000, 0x00000000eab00000)
  object space 68608K, 31% used [0x00000000c0000000,0x00000000c15449b0,0x00000000c4300000)
 Metaspace       used 52446K, committed 53440K, reserved 1114112K
  class space    used 5634K, committed 6080K, reserved 1048576K
}
Event: 5.514 GC heap before
{Heap before GC invocations=22 (full 2):
 PSYoungGen      total 23552K, used 22656K [0x00000000eab00000, 0x00000000ec380000, 0x0000000100000000)
  eden space 22016K, 97% used [0x00000000eab00000,0x00000000ec0059d8,0x00000000ec080000)
  from space 1536K, 73% used [0x00000000ec180000,0x00000000ec29a818,0x00000000ec300000)
  to   space 512K, 0% used [0x00000000ec300000,0x00000000ec300000,0x00000000ec380000)
 ParOldGen       total 68608K, used 21778K [0x00000000c0000000, 0x00000000c4300000, 0x00000000eab00000)
  object space 68608K, 31% used [0x00000000c0000000,0x00000000c15449b0,0x00000000c4300000)
 Metaspace       used 54116K, committed 55232K, reserved 1114112K
  class space    used 5825K, committed 6336K, reserved 1048576K
}
Event: 5.519 GC heap after
{Heap after GC invocations=22 (full 2):
 PSYoungGen      total 22528K, used 503K [0x00000000eab00000, 0x00000000ec580000, 0x0000000100000000)
  eden space 22016K, 0% used [0x00000000eab00000,0x00000000eab00000,0x00000000ec080000)
  from space 512K, 98% used [0x00000000ec300000,0x00000000ec37dfc8,0x00000000ec380000)
  to   space 2560K, 0% used [0x00000000ec080000,0x00000000ec080000,0x00000000ec300000)
 ParOldGen       total 68608K, used 23557K [0x00000000c0000000, 0x00000000c4300000, 0x00000000eab00000)
  object space 68608K, 34% used [0x00000000c0000000,0x00000000c17015c8,0x00000000c4300000)
 Metaspace       used 54116K, committed 55232K, reserved 1114112K
  class space    used 5825K, committed 6336K, reserved 1048576K
}

Dll operation events (10 events):
Event: 0.011 Loaded shared library c:\Users\PC\.vscode\extensions\redhat.java-1.35.1-win32-x64\jre\17.0.12-win32-x86_64\bin\java.dll
Event: 0.138 Loaded shared library c:\Users\PC\.vscode\extensions\redhat.java-1.35.1-win32-x64\jre\17.0.12-win32-x86_64\bin\zip.dll
Event: 0.142 Loaded shared library C:\Users\PC\.vscode\extensions\redhat.java-1.35.1-win32-x64\jre\17.0.12-win32-x86_64\bin\instrument.dll
Event: 0.152 Loaded shared library C:\Users\PC\.vscode\extensions\redhat.java-1.35.1-win32-x64\jre\17.0.12-win32-x86_64\bin\net.dll
Event: 0.154 Loaded shared library C:\Users\PC\.vscode\extensions\redhat.java-1.35.1-win32-x64\jre\17.0.12-win32-x86_64\bin\nio.dll
Event: 0.161 Loaded shared library C:\Users\PC\.vscode\extensions\redhat.java-1.35.1-win32-x64\jre\17.0.12-win32-x86_64\bin\zip.dll
Event: 0.175 Loaded shared library C:\Users\PC\.vscode\extensions\redhat.java-1.35.1-win32-x64\jre\17.0.12-win32-x86_64\bin\jimage.dll
Event: 0.224 Loaded shared library c:\Users\PC\.vscode\extensions\redhat.java-1.35.1-win32-x64\jre\17.0.12-win32-x86_64\bin\verify.dll
Event: 1.091 Loaded shared library C:\Users\PC\AppData\Roaming\Code\User\globalStorage\redhat.java\1.35.1\config_win\org.eclipse.equinox.launcher\org.eclipse.equinox.launcher.win32.win32.x86_64_1.2.1100.v20240722-2106\eclipse_11904.dll
Event: 2.151 Loaded shared library C:\Users\PC\AppData\Local\Temp\jna-2547\jna6950922185567886520.dll

Deoptimization events (20 events):
Event: 5.354 Thread 0x00000203bd3de8b0 Uncommon trap: trap_request=0xffffff45 fr.pc=0x00000203aa32fc88 relative=0x00000000000000c8
Event: 5.354 Thread 0x00000203bd3de8b0 Uncommon trap: reason=unstable_if action=reinterpret pc=0x00000203aa32fc88 method=java.util.TreeMap.containsKey(Ljava/lang/Object;)Z @ 5 c2
Event: 5.355 Thread 0x00000203bd3de8b0 DEOPT PACKING pc=0x00000203aa32fc88 sp=0x0000007bb78fde50
Event: 5.355 Thread 0x00000203bd3de8b0 DEOPT UNPACKING pc=0x00000203a9a666a3 sp=0x0000007bb78fde00 mode 2
Event: 5.404 Thread 0x00000203bd3df2d0 Uncommon trap: trap_request=0xffffff45 fr.pc=0x00000203aa2b89a0 relative=0x0000000000000c00
Event: 5.404 Thread 0x00000203bd3df2d0 Uncommon trap: reason=unstable_if action=reinterpret pc=0x00000203aa2b89a0 method=java.util.concurrent.ConcurrentHashMap.putVal(Ljava/lang/Object;Ljava/lang/Object;Z)Ljava/lang/Object; @ 97 c2
Event: 5.404 Thread 0x00000203bd3df2d0 DEOPT PACKING pc=0x00000203aa2b89a0 sp=0x0000007bb7efe710
Event: 5.404 Thread 0x00000203bd3df2d0 DEOPT UNPACKING pc=0x00000203a9a666a3 sp=0x0000007bb7efe698 mode 2
Event: 5.473 Thread 0x00000203bcd5f580 Uncommon trap: trap_request=0xffffff45 fr.pc=0x00000203aa47af78 relative=0x0000000000000118
Event: 5.474 Thread 0x00000203bcd5f580 Uncommon trap: reason=unstable_if action=reinterpret pc=0x00000203aa47af78 method=sun.nio.fs.WindowsPathParser.nextNonSlash(Ljava/lang/String;II)I @ 2 c2
Event: 5.474 Thread 0x00000203bcd5f580 DEOPT PACKING pc=0x00000203aa47af78 sp=0x0000007bb7ffe660
Event: 5.474 Thread 0x00000203bcd5f580 DEOPT UNPACKING pc=0x00000203a9a666a3 sp=0x0000007bb7ffe5e0 mode 2
Event: 5.474 Thread 0x00000203bcd5f580 DEOPT PACKING pc=0x00000203a2a55208 sp=0x0000007bb7ffe900
Event: 5.474 Thread 0x00000203bcd5f580 DEOPT UNPACKING pc=0x00000203a9a66e43 sp=0x0000007bb7ffde08 mode 0
Event: 5.482 Thread 0x00000203bcd5f580 DEOPT PACKING pc=0x00000203a2b7e74e sp=0x0000007bb7ffdea0
Event: 5.482 Thread 0x00000203bcd5f580 DEOPT UNPACKING pc=0x00000203a9a66e43 sp=0x0000007bb7ffd3b0 mode 0
Event: 5.511 Thread 0x00000203bd3df2d0 DEOPT PACKING pc=0x00000203a2a55208 sp=0x0000007bb7efdd80
Event: 5.511 Thread 0x00000203bd3df2d0 DEOPT UNPACKING pc=0x00000203a9a66e43 sp=0x0000007bb7efd288 mode 0
Event: 5.531 Thread 0x00000203bd3dedc0 DEOPT PACKING pc=0x00000203a2a55208 sp=0x0000007bb7dfdb60
Event: 5.531 Thread 0x00000203bd3dedc0 DEOPT UNPACKING pc=0x00000203a9a66e43 sp=0x0000007bb7dfd068 mode 0

Classes loaded (20 events):
Event: 5.304 Loading class java/util/Collections$SynchronizedRandomAccessList
Event: 5.304 Loading class java/util/Collections$SynchronizedList
Event: 5.304 Loading class java/util/Collections$SynchronizedList done
Event: 5.304 Loading class java/util/Collections$SynchronizedRandomAccessList done
Event: 5.309 Loading class java/util/concurrent/CompletableFuture$UniApply
Event: 5.309 Loading class java/util/concurrent/CompletableFuture$UniApply done
Event: 5.311 Loading class java/util/concurrent/ForkJoinPool$DefaultCommonPoolForkJoinWorkerThreadFactory$1
Event: 5.311 Loading class java/util/concurrent/ForkJoinPool$DefaultCommonPoolForkJoinWorkerThreadFactory$1 done
Event: 5.312 Loading class java/util/concurrent/CompletableFuture$UniExceptionally
Event: 5.312 Loading class java/util/concurrent/CompletableFuture$UniExceptionally done
Event: 5.313 Loading class java/util/HashMap$ValueSpliterator
Event: 5.313 Loading class java/util/HashMap$ValueSpliterator done
Event: 5.351 Loading class java/util/concurrent/locks/ReentrantReadWriteLock$Sync$HoldCounter
Event: 5.351 Loading class java/util/concurrent/locks/ReentrantReadWriteLock$Sync$HoldCounter done
Event: 5.383 Loading class java/util/ArrayDeque$DeqSpliterator
Event: 5.383 Loading class java/util/ArrayDeque$DeqSpliterator done
Event: 5.402 Loading class java/util/concurrent/CompletableFuture$Signaller
Event: 5.402 Loading class java/util/concurrent/CompletableFuture$Signaller done
Event: 5.468 Loading class java/util/Hashtable$KeySet
Event: 5.468 Loading class java/util/Hashtable$KeySet done

Classes unloaded (7 events):
Event: 2.985 Thread 0x00000203b89645f0 Unloading class 0x000000010024a400 'java/lang/invoke/LambdaForm$MH+0x000000010024a400'
Event: 2.985 Thread 0x00000203b89645f0 Unloading class 0x000000010024a000 'java/lang/invoke/LambdaForm$MH+0x000000010024a000'
Event: 2.985 Thread 0x00000203b89645f0 Unloading class 0x0000000100249c00 'java/lang/invoke/LambdaForm$MH+0x0000000100249c00'
Event: 2.985 Thread 0x00000203b89645f0 Unloading class 0x0000000100249800 'java/lang/invoke/LambdaForm$MH+0x0000000100249800'
Event: 2.985 Thread 0x00000203b89645f0 Unloading class 0x0000000100249400 'java/lang/invoke/LambdaForm$BMH+0x0000000100249400'
Event: 2.985 Thread 0x00000203b89645f0 Unloading class 0x0000000100249000 'java/lang/invoke/LambdaForm$DMH+0x0000000100249000'
Event: 2.985 Thread 0x00000203b89645f0 Unloading class 0x0000000100244400 'java/lang/invoke/LambdaForm$DMH+0x0000000100244400'

Classes redefined (0 events):
No events

Internal exceptions (20 events):
Event: 5.397 Thread 0x00000203bd3df2d0 Exception <a 'sun/nio/fs/WindowsException'{0x00000000eb9515f8}> (0x00000000eb9515f8) 
thrown [s\src\hotspot\share\prims\jni.cpp, line 516]
Event: 5.397 Thread 0x00000203bd3df2d0 Exception <a 'sun/nio/fs/WindowsException'{0x00000000eb951ed8}> (0x00000000eb951ed8) 
thrown [s\src\hotspot\share\prims\jni.cpp, line 516]
Event: 5.397 Thread 0x00000203bd3dedc0 Exception <a 'sun/nio/fs/WindowsException'{0x00000000eb8fd4d8}> (0x00000000eb8fd4d8) 
thrown [s\src\hotspot\share\prims\jni.cpp, line 516]
Event: 5.398 Thread 0x00000203bd3dedc0 Exception <a 'sun/nio/fs/WindowsException'{0x00000000eb8fddb8}> (0x00000000eb8fddb8) 
thrown [s\src\hotspot\share\prims\jni.cpp, line 516]
Event: 5.415 Thread 0x00000203bd3dedc0 Exception <a 'sun/nio/fs/WindowsException'{0x00000000eb98f3e0}> (0x00000000eb98f3e0) 
thrown [s\src\hotspot\share\prims\jni.cpp, line 516]
Event: 5.415 Thread 0x00000203bd3df2d0 Exception <a 'sun/nio/fs/WindowsException'{0x00000000eb9ba980}> (0x00000000eb9ba980) 
thrown [s\src\hotspot\share\prims\jni.cpp, line 516]
Event: 5.415 Thread 0x00000203bd3dedc0 Exception <a 'sun/nio/fs/WindowsException'{0x00000000eb98fcc0}> (0x00000000eb98fcc0) 
thrown [s\src\hotspot\share\prims\jni.cpp, line 516]
Event: 5.415 Thread 0x00000203bd3df2d0 Exception <a 'sun/nio/fs/WindowsException'{0x00000000eb9bb4b8}> (0x00000000eb9bb4b8) 
thrown [s\src\hotspot\share\prims\jni.cpp, line 516]
Event: 5.427 Thread 0x00000203bd3df2d0 Exception <a 'java/io/FileNotFoundException'{0x00000000eba2e2c0}> (0x00000000eba2e2c0) 
thrown [s\src\hotspot\share\prims\jni.cpp, line 516]
Event: 5.467 Thread 0x00000203bcd5f580 Exception <a 'java/lang/NoSuchMethodError'{0x00000000ebc37b30}: 'java.lang.Object java.lang.invoke.DirectMethodHandle$Holder.invokeInterface(java.lang.Object, java.lang.Object, java.lang.Object)'> (0x00000000ebc37b30) 
thrown [s\src\hotspot\share\interpreter\linkResolver.cpp, line 759]
Event: 5.468 Thread 0x00000203bad310a0 Exception <a 'java/io/FileNotFoundException'{0x00000000ebc570c8}> (0x00000000ebc570c8) 
thrown [s\src\hotspot\share\prims\jni.cpp, line 516]
Event: 5.469 Thread 0x00000203bad310a0 Exception <a 'java/io/FileNotFoundException'{0x00000000ebc58350}> (0x00000000ebc58350) 
thrown [s\src\hotspot\share\prims\jni.cpp, line 516]
Event: 5.469 Thread 0x00000203bad310a0 Exception <a 'java/io/FileNotFoundException'{0x00000000ebc59330}> (0x00000000ebc59330) 
thrown [s\src\hotspot\share\prims\jni.cpp, line 516]
Event: 5.503 Thread 0x00000203bd3df2d0 Exception <a 'sun/nio/fs/WindowsException'{0x00000000ebf8fa90}> (0x00000000ebf8fa90) 
thrown [s\src\hotspot\share\prims\jni.cpp, line 516]
Event: 5.503 Thread 0x00000203bd3df2d0 Exception <a 'sun/nio/fs/WindowsException'{0x00000000ebf90370}> (0x00000000ebf90370) 
thrown [s\src\hotspot\share\prims\jni.cpp, line 516]
Event: 5.508 Thread 0x00000203bcd5f580 Exception <a 'java/io/FileNotFoundException'{0x00000000ebf9fd30}> (0x00000000ebf9fd30) 
thrown [s\src\hotspot\share\prims\jni.cpp, line 516]
Event: 5.508 Thread 0x00000203bcd5f580 Exception <a 'java/io/FileNotFoundException'{0x00000000ebfa1258}> (0x00000000ebfa1258) 
thrown [s\src\hotspot\share\prims\jni.cpp, line 516]
Event: 5.512 Thread 0x00000203bcd5f580 Exception <a 'java/lang/NoSuchMethodError'{0x00000000ebfaa490}: 'java.lang.Object java.lang.invoke.DirectMethodHandle$Holder.newInvokeSpecial(java.lang.Object, java.lang.Object, java.lang.Object, int)'> (0x00000000ebfaa490) 
thrown [s\src\hotspot\share\interpreter\linkResolver.cpp, line 759]
Event: 5.513 Thread 0x00000203bcd5f580 Exception <a 'java/lang/NoSuchMethodError'{0x00000000ebffaeb0}: 'java.lang.Object java.lang.invoke.DirectMethodHandle$Holder.invokeSpecial(java.lang.Object, java.lang.Object, java.lang.Object, java.lang.Object, int)'> (0x00000000ebffaeb0) 
thrown [s\src\hotspot\share\interpreter\linkResolver.cpp, line 759]
Event: 5.520 Thread 0x00000203bcd5f580 Exception <a 'java/lang/NoSuchMethodError'{0x00000000eabc4a90}: 'java.lang.Object java.lang.invoke.Invokers$Holder.linkToTargetMethod(java.lang.Object, java.lang.Object, int, java.lang.Object)'> (0x00000000eabc4a90) 
thrown [s\src\hotspot\share\interpreter\linkResolver.cpp, line 759]

VM Operations (20 events):
Event: 4.624 Executing VM operation: HandshakeAllThreads
Event: 4.624 Executing VM operation: HandshakeAllThreads done
Event: 4.795 Executing VM operation: ICBufferFull
Event: 4.795 Executing VM operation: ICBufferFull done
Event: 4.838 Executing VM operation: HandshakeAllThreads
Event: 4.838 Executing VM operation: HandshakeAllThreads done
Event: 4.838 Executing VM operation: HandshakeAllThreads
Event: 4.838 Executing VM operation: HandshakeAllThreads done
Event: 4.845 Executing VM operation: ParallelGCFailedAllocation
Event: 4.846 Executing VM operation: ParallelGCFailedAllocation done
Event: 5.184 Executing VM operation: ParallelGCFailedAllocation
Event: 5.186 Executing VM operation: ParallelGCFailedAllocation done
Event: 5.280 Executing VM operation: HandshakeAllThreads
Event: 5.280 Executing VM operation: HandshakeAllThreads done
Event: 5.372 Executing VM operation: HandshakeAllThreads
Event: 5.375 Executing VM operation: HandshakeAllThreads done
Event: 5.377 Executing VM operation: HandshakeAllThreads
Event: 5.377 Executing VM operation: HandshakeAllThreads done
Event: 5.513 Executing VM operation: ParallelGCFailedAllocation
Event: 5.519 Executing VM operation: ParallelGCFailedAllocation done

Events (20 events):
Event: 4.160 Thread 0x00000203b89ab0e0 flushing nmethod 0x00000203a2fef990
Event: 4.160 Thread 0x00000203b89ab0e0 flushing nmethod 0x00000203a2ff0690
Event: 4.160 Thread 0x00000203b89ab0e0 flushing nmethod 0x00000203a2ffa410
Event: 4.161 Thread 0x00000203b89ab0e0 flushing nmethod 0x00000203a3006b10
Event: 4.161 Thread 0x00000203b89ab0e0 flushing nmethod 0x00000203a300a190
Event: 4.161 Thread 0x00000203b89ab0e0 flushing nmethod 0x00000203a300a710
Event: 4.161 Thread 0x00000203b89ab0e0 flushing nmethod 0x00000203a300c290
Event: 4.161 Thread 0x00000203b89ab0e0 flushing nmethod 0x00000203a300cc90
Event: 4.161 Thread 0x00000203b89ab0e0 flushing nmethod 0x00000203a300e610
Event: 4.161 Thread 0x00000203b89ab0e0 flushing nmethod 0x00000203a3013910
Event: 4.161 Thread 0x00000203b89ab0e0 flushing nmethod 0x00000203a3020610
Event: 4.161 Thread 0x00000203b89ab0e0 flushing nmethod 0x00000203a302f710
Event: 4.161 Thread 0x00000203b89ab0e0 flushing nmethod 0x00000203a3030110
Event: 4.161 Thread 0x00000203b89ab0e0 flushing nmethod 0x00000203a3030490
Event: 4.161 Thread 0x00000203b89ab0e0 flushing nmethod 0x00000203a304ef90
Event: 4.161 Thread 0x00000203b89ab0e0 flushing nmethod 0x00000203a307aa90
Event: 4.510 Thread 0x00000203be3c3910 Thread exited: 0x00000203be3c3910
Event: 5.312 Thread 0x00000203bcd5e650 Thread added: 0x00000203bcd5e650
Event: 5.431 Thread 0x00000203bcd5f580 Thread added: 0x00000203bcd5f580
Event: 5.458 Thread 0x00000203bcd5d720 Thread added: 0x00000203bcd5d720


Dynamic libraries:
0x00007ff7c95a0000 - 0x00007ff7c95ae000 	c:\Users\PC\.vscode\extensions\redhat.java-1.35.1-win32-x64\jre\17.0.12-win32-x86_64\bin\java.exe
0x00007ff8ae5c0000 - 0x00007ff8ae823000 	C:\WINDOWS\SYSTEM32\ntdll.dll
0x00007ff8acbb0000 - 0x00007ff8acc78000 	C:\WINDOWS\System32\KERNEL32.DLL
0x00007ff8ab9b0000 - 0x00007ff8abd61000 	C:\WINDOWS\System32\KERNELBASE.dll
0x00007ff8a8470000 - 0x00007ff8a850c000 	C:\WINDOWS\SYSTEM32\apphelp.dll
0x00007ff8ac2e0000 - 0x00007ff8ac42b000 	C:\WINDOWS\System32\ucrtbase.dll
0x00007ff872a10000 - 0x00007ff872a27000 	c:\Users\PC\.vscode\extensions\redhat.java-1.35.1-win32-x64\jre\17.0.12-win32-x86_64\bin\jli.dll
0x00007ff878a00000 - 0x00007ff878a1b000 	c:\Users\PC\.vscode\extensions\redhat.java-1.35.1-win32-x64\jre\17.0.12-win32-x86_64\bin\VCRUNTIME140.dll
0x00007ff8ae3b0000 - 0x00007ff8ae579000 	C:\WINDOWS\System32\USER32.dll
0x00007ff8abeb0000 - 0x00007ff8abed7000 	C:\WINDOWS\System32\win32u.dll
0x00007ff889a80000 - 0x00007ff889d10000 	C:\WINDOWS\WinSxS\amd64_microsoft.windows.common-controls_6595b64144ccf1df_6.0.26100.1882_none_3e0e949ae32eca40\COMCTL32.dll
0x00007ff8acc80000 - 0x00007ff8accaa000 	C:\WINDOWS\System32\GDI32.dll
0x00007ff8acf40000 - 0x00007ff8acfe9000 	C:\WINDOWS\System32\msvcrt.dll
0x00007ff8abee0000 - 0x00007ff8ac005000 	C:\WINDOWS\System32\gdi32full.dll
0x00007ff8ac010000 - 0x00007ff8ac0b3000 	C:\WINDOWS\System32\msvcp_win.dll
0x00007ff8acb00000 - 0x00007ff8acb2f000 	C:\WINDOWS\System32\IMM32.DLL
0x00007ff8a5a10000 - 0x00007ff8a5a1c000 	c:\Users\PC\.vscode\extensions\redhat.java-1.35.1-win32-x64\jre\17.0.12-win32-x86_64\bin\vcruntime140_1.dll
0x00007ff84e880000 - 0x00007ff84e90d000 	c:\Users\PC\.vscode\extensions\redhat.java-1.35.1-win32-x64\jre\17.0.12-win32-x86_64\bin\msvcp140.dll
0x00007ff80f150000 - 0x00007ff80fdba000 	c:\Users\PC\.vscode\extensions\redhat.java-1.35.1-win32-x64\jre\17.0.12-win32-x86_64\bin\server\jvm.dll
0x00007ff8ad320000 - 0x00007ff8ad3d4000 	C:\WINDOWS\System32\ADVAPI32.dll
0x00007ff8adf00000 - 0x00007ff8adfa6000 	C:\WINDOWS\System32\sechost.dll
0x00007ff8ac4a0000 - 0x00007ff8ac5b6000 	C:\WINDOWS\System32\RPCRT4.dll
0x00007ff8aca50000 - 0x00007ff8acac4000 	C:\WINDOWS\System32\WS2_32.dll
0x00007ff8aa640000 - 0x00007ff8aa68e000 	C:\WINDOWS\SYSTEM32\POWRPROF.dll
0x00007ff8a54a0000 - 0x00007ff8a54ab000 	C:\WINDOWS\SYSTEM32\VERSION.dll
0x00007ff89ba10000 - 0x00007ff89ba46000 	C:\WINDOWS\SYSTEM32\WINMM.dll
0x00007ff8aa620000 - 0x00007ff8aa634000 	C:\WINDOWS\SYSTEM32\UMPDC.dll
0x00007ff8aa8e0000 - 0x00007ff8aa8fa000 	C:\WINDOWS\SYSTEM32\kernel.appcore.dll
0x00007ff884a80000 - 0x00007ff884a8a000 	c:\Users\PC\.vscode\extensions\redhat.java-1.35.1-win32-x64\jre\17.0.12-win32-x86_64\bin\jimage.dll
0x00007ff8a92f0000 - 0x00007ff8a9531000 	C:\WINDOWS\SYSTEM32\DBGHELP.DLL
0x00007ff8ad460000 - 0x00007ff8ad7dd000 	C:\WINDOWS\System32\combase.dll
0x00007ff8acff0000 - 0x00007ff8ad0c6000 	C:\WINDOWS\System32\OLEAUT32.dll
0x00007ff892a70000 - 0x00007ff892aa9000 	C:\WINDOWS\SYSTEM32\dbgcore.DLL
0x00007ff8ac240000 - 0x00007ff8ac2d9000 	C:\WINDOWS\System32\bcryptPrimitives.dll
0x00007ff883cd0000 - 0x00007ff883cde000 	c:\Users\PC\.vscode\extensions\redhat.java-1.35.1-win32-x64\jre\17.0.12-win32-x86_64\bin\instrument.dll
0x00007ff8512b0000 - 0x00007ff8512d5000 	c:\Users\PC\.vscode\extensions\redhat.java-1.35.1-win32-x64\jre\17.0.12-win32-x86_64\bin\java.dll
0x00007ff867470000 - 0x00007ff867488000 	c:\Users\PC\.vscode\extensions\redhat.java-1.35.1-win32-x64\jre\17.0.12-win32-x86_64\bin\zip.dll
0x00007ff8ad7f0000 - 0x00007ff8adeee000 	C:\WINDOWS\System32\SHELL32.dll
0x00007ff8a9710000 - 0x00007ff8a9f3a000 	C:\WINDOWS\SYSTEM32\windows.storage.dll
0x00007ff8ae2d0000 - 0x00007ff8ae3a3000 	C:\WINDOWS\System32\SHCORE.dll
0x00007ff8acb40000 - 0x00007ff8acb9d000 	C:\WINDOWS\System32\shlwapi.dll
0x00007ff8ab8d0000 - 0x00007ff8ab8f9000 	C:\WINDOWS\SYSTEM32\profapi.dll
0x00007ff8503c0000 - 0x00007ff8503d9000 	C:\Users\PC\.vscode\extensions\redhat.java-1.35.1-win32-x64\jre\17.0.12-win32-x86_64\bin\net.dll
0x00007ff8a19d0000 - 0x00007ff8a1af6000 	C:\WINDOWS\SYSTEM32\WINHTTP.dll
0x00007ff8aadc0000 - 0x00007ff8aae28000 	C:\WINDOWS\system32\mswsock.dll
0x00007ff8503a0000 - 0x00007ff8503b6000 	C:\Users\PC\.vscode\extensions\redhat.java-1.35.1-win32-x64\jre\17.0.12-win32-x86_64\bin\nio.dll
0x00007ff882ac0000 - 0x00007ff882ad0000 	c:\Users\PC\.vscode\extensions\redhat.java-1.35.1-win32-x64\jre\17.0.12-win32-x86_64\bin\verify.dll
0x00007ff84ee90000 - 0x00007ff84eed5000 	C:\Users\PC\AppData\Roaming\Code\User\globalStorage\redhat.java\1.35.1\config_win\org.eclipse.equinox.launcher\org.eclipse.equinox.launcher.win32.win32.x86_64_1.2.1100.v20240722-2106\eclipse_11904.dll
0x00007ff8acda0000 - 0x00007ff8acf39000 	C:\WINDOWS\System32\ole32.dll
0x00007ff8ab170000 - 0x00007ff8ab18c000 	C:\WINDOWS\SYSTEM32\CRYPTSP.dll
0x00007ff8aa840000 - 0x00007ff8aa878000 	C:\WINDOWS\system32\rsaenh.dll
0x00007ff8aae60000 - 0x00007ff8aae8b000 	C:\WINDOWS\SYSTEM32\USERENV.dll
0x00007ff8ab300000 - 0x00007ff8ab326000 	C:\WINDOWS\SYSTEM32\bcrypt.dll
0x00007ff8aaff0000 - 0x00007ff8aaffc000 	C:\WINDOWS\SYSTEM32\CRYPTBASE.dll
0x00007ff8aa2a0000 - 0x00007ff8aa2d1000 	C:\WINDOWS\SYSTEM32\IPHLPAPI.DLL
0x00007ff8ad7e0000 - 0x00007ff8ad7ea000 	C:\WINDOWS\System32\NSI.dll
0x00007ff8a19a0000 - 0x00007ff8a19be000 	C:\WINDOWS\SYSTEM32\dhcpcsvc6.DLL
0x00007ff8a1970000 - 0x00007ff8a1995000 	C:\WINDOWS\SYSTEM32\dhcpcsvc.DLL
0x00007ff8aa340000 - 0x00007ff8aa465000 	C:\WINDOWS\SYSTEM32\DNSAPI.dll
0x00007ff80e920000 - 0x00007ff80e969000 	C:\Users\PC\AppData\Local\Temp\jna-2547\jna6950922185567886520.dll
0x00007ff8acba0000 - 0x00007ff8acba8000 	C:\WINDOWS\System32\PSAPI.DLL
0x00007ff8a10a0000 - 0x00007ff8a10bb000 	\\?\C:\WINDOWS\system32\MpeHttpExt.dll

dbghelp: loaded successfully - version: 4.0.5 - missing functions: none
symbol engine: initialized successfully - sym options: 0x614 - pdb path: .;c:\Users\PC\.vscode\extensions\redhat.java-1.35.1-win32-x64\jre\17.0.12-win32-x86_64\bin;C:\WINDOWS\SYSTEM32;C:\WINDOWS\WinSxS\amd64_microsoft.windows.common-controls_6595b64144ccf1df_6.0.26100.1882_none_3e0e949ae32eca40;c:\Users\PC\.vscode\extensions\redhat.java-1.35.1-win32-x64\jre\17.0.12-win32-x86_64\bin\server;C:\Users\PC\AppData\Roaming\Code\User\globalStorage\redhat.java\1.35.1\config_win\org.eclipse.equinox.launcher\org.eclipse.equinox.launcher.win32.win32.x86_64_1.2.1100.v20240722-2106;C:\Users\PC\AppData\Local\Temp\jna-2547;\\?\C:\WINDOWS\system32

VM Arguments:
jvm_args: --add-modules=ALL-SYSTEM --add-opens=java.base/java.util=ALL-UNNAMED --add-opens=java.base/java.lang=ALL-UNNAMED --add-opens=java.base/sun.nio.fs=ALL-UNNAMED -Declipse.application=org.eclipse.jdt.ls.core.id1 -Dosgi.bundles.defaultStartLevel=4 -Declipse.product=org.eclipse.jdt.ls.core.product -Djava.import.generatesMetadataFilesAtProjectRoot=false -DDetectVMInstallationsJob.disabled=true -Dfile.encoding=utf8 -XX:+UseParallelGC -XX:GCTimeRatio=4 -XX:AdaptiveSizePolicyWeight=90 -Dsun.zip.disableMemoryMapping=true -Xmx1G -Xms100m -Xlog:disable -javaagent:c:\Users\PC\.vscode\extensions\redhat.java-1.35.1-win32-x64\lombok\lombok-1.18.33.jar -XX:+HeapDumpOnOutOfMemoryError -XX:HeapDumpPath=c:\Users\PC\AppData\Roaming\Code\User\workspaceStorage\a62762605cb7f6e2f88296b2dcde094d\redhat.java -Daether.dependencyCollector.impl=bf 
java_command: c:\Users\PC\.vscode\extensions\redhat.java-1.35.1-win32-x64\server\plugins\org.eclipse.equinox.launcher_1.6.900.v20240613-2009.jar -configuration c:\Users\PC\AppData\Roaming\Code\User\globalStorage\redhat.java\1.35.1\config_win -data c:\Users\PC\AppData\Roaming\Code\User\workspaceStorage\a62762605cb7f6e2f88296b2dcde094d\redhat.java\jdt_ws --pipe=\\.\pipe\lsp-9f55bfd8a49e97c8f3479bcbabcf6776-sock
java_class_path (initial): c:\Users\PC\.vscode\extensions\redhat.java-1.35.1-win32-x64\server\plugins\org.eclipse.equinox.launcher_1.6.900.v20240613-2009.jar
Launcher Type: SUN_STANDARD

[Global flags]
    uintx AdaptiveSizePolicyWeight                 = 90                                        {product} {command line}
     intx CICompilerCount                          = 12                                        {product} {ergonomic}
    uintx GCTimeRatio                              = 4                                         {product} {command line}
     bool HeapDumpOnOutOfMemoryError               = true                                   {manageable} {command line}
    ccstr HeapDumpPath                             = c:\Users\PC\AppData\Roaming\Code\User\workspaceStorage\a62762605cb7f6e2f88296b2dcde094d\redhat.java         {manageable} {command line}
   size_t InitialHeapSize                          = 104857600                                 {product} {command line}
   size_t MaxHeapSize                              = 1073741824                                {product} {command line}
   size_t MaxNewSize                               = 357564416                                 {product} {ergonomic}
   size_t MinHeapDeltaBytes                        = 524288                                    {product} {ergonomic}
   size_t MinHeapSize                              = 104857600                                 {product} {command line}
   size_t NewSize                                  = 34603008                                  {product} {ergonomic}
    uintx NonNMethodCodeHeapSize                   = 7602480                                {pd product} {ergonomic}
    uintx NonProfiledCodeHeapSize                  = 122027880                              {pd product} {ergonomic}
   size_t OldSize                                  = 70254592                                  {product} {ergonomic}
    uintx ProfiledCodeHeapSize                     = 122027880                              {pd product} {ergonomic}
    uintx ReservedCodeCacheSize                    = 251658240                              {pd product} {ergonomic}
     bool SegmentedCodeCache                       = true                                      {product} {ergonomic}
   size_t SoftMaxHeapSize                          = 1073741824                             {manageable} {ergonomic}
     bool UseCompressedClassPointers               = true                           {product lp64_product} {ergonomic}
     bool UseCompressedOops                        = true                           {product lp64_product} {ergonomic}
     bool UseLargePagesIndividualAllocation        = false                                  {pd product} {ergonomic}
     bool UseParallelGC                            = true                                      {product} {command line}

Logging:
Log output configuration:
 #0: stdout all=off uptime,level,tags
 #1: stderr all=off uptime,level,tags

Environment Variables:
JAVA_HOME=C:\Program Files\Java\jdk-22\
PATH=C:\Python\Scripts\;C:\Python\;C:\sqlite3\;C:\Program Files\Java\jdk-22\bin;C:\Program Files\Common Files\Oracle\Java\javapath;C:\Program Files (x86)\VMware\VMware Workstation\bin\;C:\Windows\system32;C:\Windows;C:\Windows\System32\Wbem;C:\Windows\System32\WindowsPowerShell\v1.0\;C:\Windows\System32\OpenSSH\;C:\WINDOWS\system32;C:\WINDOWS;C:\WINDOWS\System32\Wbem;C:\WINDOWS\System32\WindowsPowerShell\v1.0\;C:\WINDOWS\System32\OpenSSH\;C:\Program Files\Microsoft SQL Server\150\Tools\Binn\;C:\Program Files\Microsoft VS Code\bin;C:\Program Files\dotnet\;C:\WINDOWS\system32;C:\WINDOWS;C:\WINDOWS\System32\Wbem;C:\WINDOWS\System32\WindowsPowerShell\v1.0\;C:\WINDOWS\System32\OpenSSH\;C:\Program Files (x86)\NVIDIA Corporation\PhysX\Common;C:\Program Files\nodejs\;C:\Program Files (x86)\Windows Kits\10\Windows Performance Toolkit\;C:\Program Files\Microsoft SQL Server\Client SDK\ODBC\170\Tools\Binn\;C:\Program Files\Git\cmd;C:\xampp\php;C:\Users\PC\.cargo\bin;C:\Program Files\MySQL\MySQL Shell 8.4\bin\;C:\Program Files\MySQL\MySQL Shell 8.2\bin\;C:\Program Files\MySQL\MySQL Shell 8.0\bin\;C:\Users\PC\AppData\Local\Microsoft\WindowsApps;C:\Users\PC\.dotnet\tools;C:\Users\PC\AppData\Local\GitHubDesktop\bin;C:\Users\PC\Desktop\Flutter\flutter\bin;C:\flutter\bin;C:\Program Files (x86)\Nmap;C:\Program Files\heroku\bin;C:\Program Files\Microsoft\jdk-21.0.3.9-hotspot\bin;;C:\Program Files\JetBrains\PyCharm 2024.1.6\bin;;C:\Program Files\JetBrains\PyCharm Community Edition 2024.1.6\bin;;C:\Users\PC\AppData\Roaming\npm;C:\Program Files\mitmproxy\bin
USERNAME=PC
OS=Windows_NT
PROCESSOR_IDENTIFIER=AMD64 Family 25 Model 80 Stepping 0, AuthenticAMD
TMP=C:\Users\PC\AppData\Local\Temp
TEMP=C:\Users\PC\AppData\Local\Temp



Periodic native trim disabled


---------------  S Y S T E M  ---------------

OS:
 Windows 11 , 64 bit Build 26100 (10.0.26100.2152)
OS uptime: 2 days 5:41 hours
Hyper-V role detected

CPU: total 16 (initial active 16) (16 cores per cpu, 2 threads per core) family 25 model 80 stepping 0 microcode 0xa50000f, cx8, cmov, fxsr, ht, mmx, 3dnowpref, sse, sse2, sse3, ssse3, sse4a, sse4.1, sse4.2, popcnt, lzcnt, tsc, tscinvbit, avx, avx2, aes, erms, clmul, bmi1, bmi2, adx, sha, fma, vzeroupper, clflush, clflushopt, hv
Processor Information for all 16 processors :
  Max Mhz: 3201, Current Mhz: 3201, Mhz Limit: 3201

Memory: 4k page, system-wide physical 16236M (4027M free)
TotalPageFile size 21236M (AvailPageFile size 20M)
current process WorkingSet (physical memory assigned to process): 246M, peak: 246M
current process commit charge ("private bytes"): 349M, peak: 350M

vm_info: OpenJDK 64-Bit Server VM (17.0.12+7) for windows-amd64 JRE (17.0.12+7), built on Jul 16 2024 22:08:24 by "admin" with MS VC++ 16.10 / 16.11 (VS2019)

END.
