#
# There is insufficient memory for the Java Runtime Environment to continue.
# Native memory allocation (malloc) failed to allocate 1564496 bytes. Error detail: Chunk::new
# Possible reasons:
#   The system is out of physical RAM or swap space
#   This process is running with CompressedOops enabled, and the Java Heap may be blocking the growth of the native heap
# Possible solutions:
#   Reduce memory load on the system
#   Increase physical memory or swap space
#   Check if swap backing store is full
#   Decrease Java heap size (-Xmx/-Xms)
#   Decrease number of Java threads
#   Decrease Java thread stack sizes (-Xss)
#   Set larger code cache with -XX:ReservedCodeCacheSize=
#   JVM is running with Unscaled Compressed Oops mode in which the Java heap is
#     placed in the first 4GB address space. The Java Heap base address is the
#     maximum limit for the native heap growth. Please use -XX:HeapBaseMinAddress
#     to set the Java Heap base and to place the Java Heap above 4GB virtual address.
# This output file may be truncated or incomplete.
#
#  Out of Memory Error (arena.cpp:191), pid=5904, tid=4424
#
# JRE version: OpenJDK Runtime Environment Temurin-17.0.12+7 (17.0.12+7) (build 17.0.12+7)
# Java VM: OpenJDK 64-Bit Server VM Temurin-17.0.12+7 (17.0.12+7, mixed mode, tiered, compressed oops, compressed class ptrs, parallel gc, windows-amd64)
# No core dump will be written. Minidumps are not enabled by default on client versions of Windows
#

---------------  S U M M A R Y ------------

Command Line: --add-modules=ALL-SYSTEM --add-opens=java.base/java.util=ALL-UNNAMED --add-opens=java.base/java.lang=ALL-UNNAMED --add-opens=java.base/sun.nio.fs=ALL-UNNAMED -Declipse.application=org.eclipse.jdt.ls.core.id1 -Dosgi.bundles.defaultStartLevel=4 -Declipse.product=org.eclipse.jdt.ls.core.product -Djava.import.generatesMetadataFilesAtProjectRoot=false -DDetectVMInstallationsJob.disabled=true -Dfile.encoding=utf8 -XX:+UseParallelGC -XX:GCTimeRatio=4 -XX:AdaptiveSizePolicyWeight=90 -Dsun.zip.disableMemoryMapping=true -Xmx1G -Xms100m -Xlog:disable -javaagent:c:\Users\PC\.vscode\extensions\redhat.java-1.35.1-win32-x64\lombok\lombok-1.18.33.jar -XX:+HeapDumpOnOutOfMemoryError -XX:HeapDumpPath=c:\Users\PC\AppData\Roaming\Code\User\workspaceStorage\a62762605cb7f6e2f88296b2dcde094d\redhat.java -Daether.dependencyCollector.impl=bf c:\Users\PC\.vscode\extensions\redhat.java-1.35.1-win32-x64\server\plugins\org.eclipse.equinox.launcher_1.6.900.v20240613-2009.jar -configuration c:\Users\PC\AppData\Roaming\Code\User\globalStorage\redhat.java\1.35.1\config_win -data c:\Users\PC\AppData\Roaming\Code\User\workspaceStorage\a62762605cb7f6e2f88296b2dcde094d\redhat.java\jdt_ws --pipe=\\.\pipe\lsp-9fcdfdf39a06ff360d2789e3e84cb7a3-sock

Host: AMD Ryzen 7 5800H with Radeon Graphics         , 16 cores, 15G,  Windows 11 , 64 bit Build 26100 (10.0.26100.1882)
Time: Tue Oct  8 17:38:08 2024 Eastern Daylight Time elapsed time: 6634.409116 seconds (0d 1h 50m 34s)

---------------  T H R E A D  ---------------

Current thread (0x000002007f107120):  JavaThread "C2 CompilerThread2" daemon [_thread_in_native, id=4424, stack(0x0000004bc2f00000,0x0000004bc3000000)]


Current CompileTask:
C2:6634409 17592       4       org.eclipse.jdt.internal.compiler.parser.Parser::consumeRule (7904 bytes)

Stack: [0x0000004bc2f00000,0x0000004bc3000000]
Native frames: (J=compiled Java code, j=interpreted, Vv=VM code, C=native code)
V  [jvm.dll+0x67f929]
V  [jvm.dll+0x8371ba]
V  [jvm.dll+0x838c7e]
V  [jvm.dll+0x8392e3]
V  [jvm.dll+0x24834f]
V  [jvm.dll+0xac9d4]
V  [jvm.dll+0xad01c]
V  [jvm.dll+0x367452]
V  [jvm.dll+0x33197a]
V  [jvm.dll+0x330e1a]
V  [jvm.dll+0x21a8b1]
V  [jvm.dll+0x219cf1]
V  [jvm.dll+0x1a58bd]
V  [jvm.dll+0x229a2d]
V  [jvm.dll+0x227bdc]
V  [jvm.dll+0x7ec1f7]
V  [jvm.dll+0x7e65dc]
V  [jvm.dll+0x67e7f7]
C  [ucrtbase.dll+0x14ea0]
C  [KERNEL32.DLL+0x2dbe7]
C  [ntdll.dll+0x85a4c]


---------------  P R O C E S S  ---------------

Threads class SMR info:
_java_thread_list=0x000002007ab9ea60, length=77, elements={
0x000002005a2bb770, 0x000002007331c030, 0x000002007331dab0, 0x0000020073344f20,
0x00000200733458f0, 0x000002007334a4f0, 0x000002007334adc0, 0x000002007334d970,
0x0000020073359bf0, 0x0000020073367480, 0x0000020073458790, 0x000002007551bfe0,
0x0000020075f6b720, 0x0000020075f0fd30, 0x0000020075dceea0, 0x000002007608eea0,
0x0000020076683980, 0x00000200733e9c20, 0x00000200733e78b0, 0x00000200733e8cf0,
0x00000200733e6980, 0x0000020077b793e0, 0x0000020077b76b60, 0x0000020077b77580,
0x0000020077b76650, 0x0000020077b77a90, 0x0000020077b784b0, 0x0000020077b78ed0,
0x0000020077b798f0, 0x0000020077b79e00, 0x0000020077b77070, 0x0000020077b7b240,
0x0000020077b7b750, 0x0000020077b789c0, 0x0000020077b7a310, 0x0000020077b77fa0,
0x0000020077b7d0a0, 0x0000020077b7c170, 0x0000020077b7bc60, 0x0000020077b7d5b0,
0x00000200733e73a0, 0x0000020078a83b10, 0x0000020078a817a0, 0x0000020078a830f0,
0x0000020078a821c0, 0x0000020078a84530, 0x0000020078a81cb0, 0x0000020078a80d80,
0x0000020078a84a40, 0x0000020078a81290, 0x0000020078a84f50, 0x0000020078a85970,
0x0000020077b7a820, 0x0000020078a868a0, 0x0000020078a83600, 0x0000020077d29670,
0x0000020077d2c910, 0x0000020077d29160, 0x0000020077d28740, 0x0000020077d27d20,
0x0000020077d2b9e0, 0x0000020077d2a5a0, 0x0000020077d28230, 0x0000020077d2afc0,
0x0000020077d2b4d0, 0x0000020077d2c400, 0x0000020077d2aab0, 0x0000020077d2a090,
0x0000020077d2dd50, 0x0000020078a881f0, 0x0000020078a88700, 0x0000020078a85e80,
0x0000020078a86390, 0x0000020078a86db0, 0x000002007f106bd0, 0x000002007f107120,
0x0000020078a877d0
}

Java Threads: ( => current thread )
  0x000002005a2bb770 JavaThread "main" [_thread_blocked, id=22080, stack(0x0000004bbda00000,0x0000004bbdb00000)]
  0x000002007331c030 JavaThread "Reference Handler" daemon [_thread_blocked, id=10548, stack(0x0000004bbdd00000,0x0000004bbde00000)]
  0x000002007331dab0 JavaThread "Finalizer" daemon [_thread_blocked, id=23060, stack(0x0000004bbde00000,0x0000004bbdf00000)]
  0x0000020073344f20 JavaThread "Signal Dispatcher" daemon [_thread_blocked, id=10660, stack(0x0000004bbdf00000,0x0000004bbe000000)]
  0x00000200733458f0 JavaThread "Attach Listener" daemon [_thread_blocked, id=18744, stack(0x0000004bbe000000,0x0000004bbe100000)]
  0x000002007334a4f0 JavaThread "Service Thread" daemon [_thread_blocked, id=15784, stack(0x0000004bbe100000,0x0000004bbe200000)]
  0x000002007334adc0 JavaThread "Monitor Deflation Thread" daemon [_thread_blocked, id=2428, stack(0x0000004bbe200000,0x0000004bbe300000)]
  0x000002007334d970 JavaThread "C2 CompilerThread0" daemon [_thread_blocked, id=20872, stack(0x0000004bbe300000,0x0000004bbe400000)]
  0x0000020073359bf0 JavaThread "C1 CompilerThread0" daemon [_thread_blocked, id=22488, stack(0x0000004bbe400000,0x0000004bbe500000)]
  0x0000020073367480 JavaThread "Sweeper thread" daemon [_thread_blocked, id=9580, stack(0x0000004bbe500000,0x0000004bbe600000)]
  0x0000020073458790 JavaThread "Common-Cleaner" daemon [_thread_blocked, id=2324, stack(0x0000004bbe600000,0x0000004bbe700000)]
  0x000002007551bfe0 JavaThread "Notification Thread" daemon [_thread_blocked, id=4924, stack(0x0000004bbec00000,0x0000004bbed00000)]
  0x0000020075f6b720 JavaThread "Active Thread: Equinox Container: 1aef5986-91dc-471e-b2bf-a099bf74578d" [_thread_blocked, id=12476, stack(0x0000004bbf300000,0x0000004bbf400000)]
  0x0000020075f0fd30 JavaThread "Framework Event Dispatcher: Equinox Container: 1aef5986-91dc-471e-b2bf-a099bf74578d" daemon [_thread_blocked, id=8968, stack(0x0000004bbf400000,0x0000004bbf500000)]
  0x0000020075dceea0 JavaThread "Start Level: Equinox Container: 1aef5986-91dc-471e-b2bf-a099bf74578d" daemon [_thread_blocked, id=3628, stack(0x0000004bbf500000,0x0000004bbf600000)]
  0x000002007608eea0 JavaThread "Bundle File Closer" daemon [_thread_blocked, id=10628, stack(0x0000004bbf800000,0x0000004bbf900000)]
  0x0000020076683980 JavaThread "SCR Component Actor" daemon [_thread_blocked, id=22180, stack(0x0000004bbfa00000,0x0000004bbfb00000)]
  0x00000200733e9c20 JavaThread "Worker-JM" [_thread_blocked, id=13948, stack(0x0000004bbfe00000,0x0000004bbff00000)]
  0x00000200733e78b0 JavaThread "JNA Cleaner" daemon [_thread_blocked, id=5088, stack(0x0000004bbe800000,0x0000004bbe900000)]
  0x00000200733e8cf0 JavaThread "Java indexing" daemon [_thread_blocked, id=19828, stack(0x0000004bc0300000,0x0000004bc0400000)]
  0x00000200733e6980 JavaThread "Thread-2" daemon [_thread_in_native, id=22348, stack(0x0000004bc0d00000,0x0000004bc0e00000)]
  0x0000020077b793e0 JavaThread "Thread-3" daemon [_thread_in_native, id=12484, stack(0x0000004bc0e00000,0x0000004bc0f00000)]
  0x0000020077b76b60 JavaThread "Thread-4" daemon [_thread_in_native, id=16200, stack(0x0000004bc0f00000,0x0000004bc1000000)]
  0x0000020077b77580 JavaThread "Thread-5" daemon [_thread_in_native, id=16968, stack(0x0000004bc1000000,0x0000004bc1100000)]
  0x0000020077b76650 JavaThread "Thread-6" daemon [_thread_in_native, id=8340, stack(0x0000004bc1100000,0x0000004bc1200000)]
  0x0000020077b77a90 JavaThread "Thread-7" daemon [_thread_in_native, id=22296, stack(0x0000004bc1200000,0x0000004bc1300000)]
  0x0000020077b784b0 JavaThread "Thread-8" daemon [_thread_in_native, id=17388, stack(0x0000004bc1300000,0x0000004bc1400000)]
  0x0000020077b78ed0 JavaThread "Thread-9" daemon [_thread_in_native, id=20588, stack(0x0000004bc1400000,0x0000004bc1500000)]
  0x0000020077b798f0 JavaThread "Thread-10" daemon [_thread_in_native, id=19832, stack(0x0000004bc1500000,0x0000004bc1600000)]
  0x0000020077b79e00 JavaThread "Thread-11" daemon [_thread_in_native, id=1216, stack(0x0000004bc1600000,0x0000004bc1700000)]
  0x0000020077b77070 JavaThread "Thread-12" daemon [_thread_in_native, id=21040, stack(0x0000004bc1700000,0x0000004bc1800000)]
  0x0000020077b7b240 JavaThread "Thread-13" daemon [_thread_in_native, id=21976, stack(0x0000004bc1800000,0x0000004bc1900000)]
  0x0000020077b7b750 JavaThread "Thread-14" daemon [_thread_in_native, id=17412, stack(0x0000004bc1900000,0x0000004bc1a00000)]
  0x0000020077b789c0 JavaThread "Thread-15" daemon [_thread_in_native, id=7828, stack(0x0000004bc1a00000,0x0000004bc1b00000)]
  0x0000020077b7a310 JavaThread "Thread-16" daemon [_thread_in_native, id=6392, stack(0x0000004bc1b00000,0x0000004bc1c00000)]
  0x0000020077b77fa0 JavaThread "Thread-17" daemon [_thread_in_native, id=15416, stack(0x0000004bc1c00000,0x0000004bc1d00000)]
  0x0000020077b7d0a0 JavaThread "Thread-18" daemon [_thread_in_native, id=4168, stack(0x0000004bc1d00000,0x0000004bc1e00000)]
  0x0000020077b7c170 JavaThread "pool-2-thread-1" [_thread_blocked, id=12428, stack(0x0000004bc1e00000,0x0000004bc1f00000)]
  0x0000020077b7bc60 JavaThread "WorkspaceEventsHandler" [_thread_blocked, id=2240, stack(0x0000004bc1f00000,0x0000004bc2000000)]
  0x0000020077b7d5b0 JavaThread "pool-1-thread-1" [_thread_blocked, id=21872, stack(0x0000004bc2000000,0x0000004bc2100000)]
  0x00000200733e73a0 JavaThread "Worker-4" [_thread_blocked, id=11812, stack(0x0000004bc0c00000,0x0000004bc0d00000)]
  0x0000020078a83b10 JavaThread "Compiler Source File Reader" daemon [_thread_blocked, id=15544, stack(0x0000004bc2400000,0x0000004bc2500000)]
  0x0000020078a817a0 JavaThread "Compiler Source File Reader" daemon [_thread_blocked, id=5016, stack(0x0000004bc2500000,0x0000004bc2600000)]
  0x0000020078a830f0 JavaThread "Compiler Source File Reader" daemon [_thread_blocked, id=17092, stack(0x0000004bc2600000,0x0000004bc2700000)]
  0x0000020078a821c0 JavaThread "Compiler Source File Reader" daemon [_thread_blocked, id=19816, stack(0x0000004bc2700000,0x0000004bc2800000)]
  0x0000020078a84530 JavaThread "Compiler Source File Reader" daemon [_thread_blocked, id=12908, stack(0x0000004bc2800000,0x0000004bc2900000)]
  0x0000020078a81cb0 JavaThread "Compiler Source File Reader" daemon [_thread_blocked, id=19196, stack(0x0000004bc2900000,0x0000004bc2a00000)]
  0x0000020078a80d80 JavaThread "Compiler Source File Reader" daemon [_thread_blocked, id=3876, stack(0x0000004bc2a00000,0x0000004bc2b00000)]
  0x0000020078a84a40 JavaThread "Compiler Source File Reader" daemon [_thread_blocked, id=1816, stack(0x0000004bc2b00000,0x0000004bc2c00000)]
  0x0000020078a81290 JavaThread "Compiler Source File Reader" daemon [_thread_blocked, id=19024, stack(0x0000004bc2c00000,0x0000004bc2d00000)]
  0x0000020078a84f50 JavaThread "Compiler Source File Reader" daemon [_thread_blocked, id=9364, stack(0x0000004bc2d00000,0x0000004bc2e00000)]
  0x0000020078a85970 JavaThread "Compiler Source File Reader" daemon [_thread_blocked, id=19712, stack(0x0000004bc2e00000,0x0000004bc2f00000)]
  0x0000020077b7a820 JavaThread "Compiler Source File Reader" daemon [_thread_blocked, id=20220, stack(0x0000004bbfb00000,0x0000004bbfc00000)]
  0x0000020078a868a0 JavaThread "Compiler Source File Reader" daemon [_thread_blocked, id=19680, stack(0x0000004bc0900000,0x0000004bc0a00000)]
  0x0000020078a83600 JavaThread "Compiler Source File Reader" daemon [_thread_blocked, id=17116, stack(0x0000004bc0a00000,0x0000004bc0b00000)]
  0x0000020077d29670 JavaThread "Cleaner-0" daemon [_thread_blocked, id=9612, stack(0x0000004bc3e00000,0x0000004bc3f00000)]
  0x0000020077d2c910 JavaThread "Worker-10" [_thread_blocked, id=7024, stack(0x0000004bbd800000,0x0000004bbd900000)]
  0x0000020077d29160 JavaThread "Java Debug Server" daemon [_thread_in_native, id=12160, stack(0x0000004bbe700000,0x0000004bbe800000)]
  0x0000020077d28740 JavaThread "pool-5-thread-1" [_thread_in_native, id=17984, stack(0x0000004bbea00000,0x0000004bbeb00000)]
  0x0000020077d27d20 JavaThread "RxSchedulerPurge-1" daemon [_thread_blocked, id=15612, stack(0x0000004bbeb00000,0x0000004bbec00000)]
  0x0000020077d2b9e0 JavaThread "RxCachedWorkerPoolEvictor-1" daemon [_thread_blocked, id=15568, stack(0x0000004bbff00000,0x0000004bc0000000)]
  0x0000020077d2a5a0 JavaThread "RxNewThreadScheduler-1" daemon [_thread_blocked, id=17324, stack(0x0000004bc0000000,0x0000004bc0100000)]
  0x0000020077d28230 JavaThread "process reaper (pid 6568)" daemon [_thread_in_native, id=2560, stack(0x0000004bbd340000,0x0000004bbd360000)]
  0x0000020077d2afc0 JavaThread "ForkJoinPool.commonPool-worker-27" daemon [_thread_blocked, id=12472, stack(0x0000004bbd700000,0x0000004bbd800000)]
  0x0000020077d2b4d0 JavaThread "ForkJoinPool.commonPool-worker-28" daemon [_thread_blocked, id=23012, stack(0x0000004bbd900000,0x0000004bbda00000)]
  0x0000020077d2c400 JavaThread "ForkJoinPool.commonPool-worker-29" daemon [_thread_blocked, id=21188, stack(0x0000004bc0100000,0x0000004bc0200000)]
  0x0000020077d2aab0 JavaThread "ForkJoinPool.commonPool-worker-30" daemon [_thread_blocked, id=11324, stack(0x0000004bc0500000,0x0000004bc0600000)]
  0x0000020077d2a090 JavaThread "ForkJoinPool.commonPool-worker-31" daemon [_thread_blocked, id=16160, stack(0x0000004bc0b00000,0x0000004bc0c00000)]
  0x0000020077d2dd50 JavaThread "ForkJoinPool.commonPool-worker-32" daemon [_thread_blocked, id=13136, stack(0x0000004bc0600000,0x0000004bc0700000)]
  0x0000020078a881f0 JavaThread "ForkJoinPool.commonPool-worker-33" daemon [_thread_blocked, id=5460, stack(0x0000004bc0700000,0x0000004bc0800000)]
  0x0000020078a88700 JavaThread "ForkJoinPool.commonPool-worker-34" daemon [_thread_blocked, id=23084, stack(0x0000004bc2100000,0x0000004bc2200000)]
  0x0000020078a85e80 JavaThread "ForkJoinPool.commonPool-worker-35" daemon [_thread_blocked, id=8940, stack(0x0000004bc2200000,0x0000004bc2300000)]
  0x0000020078a86390 JavaThread "Worker-12" [_thread_blocked, id=9304, stack(0x0000004bc0400000,0x0000004bc0500000)]
  0x0000020078a86db0 JavaThread "ForkJoinPool.commonPool-worker-36" daemon [_thread_blocked, id=12300, stack(0x0000004bc0800000,0x0000004bc0900000)]
  0x000002007f106bd0 JavaThread "C2 CompilerThread1" daemon [_thread_blocked, id=14312, stack(0x0000004bc2300000,0x0000004bc2400000)]
=>0x000002007f107120 JavaThread "C2 CompilerThread2" daemon [_thread_in_native, id=4424, stack(0x0000004bc2f00000,0x0000004bc3000000)]
  0x0000020078a877d0 JavaThread "ForkJoinPool.commonPool-worker-37" daemon [_thread_blocked, id=18456, stack(0x0000004bc3200000,0x0000004bc3300000)]

Other Threads:
  0x000002005a35ece0 VMThread "VM Thread" [stack: 0x0000004bbdc00000,0x0000004bbdd00000] [id=8332]
  0x0000020075580c60 WatcherThread [stack: 0x0000004bbed00000,0x0000004bbee00000] [id=16852]
  0x000002005a2c7180 GCTaskThread "GC Thread#0" [stack: 0x0000004bbdb00000,0x0000004bbdc00000] [id=7756]
  0x000002007596ad50 GCTaskThread "GC Thread#1" [stack: 0x0000004bbee00000,0x0000004bbef00000] [id=10084]
  0x00000200757d1f40 GCTaskThread "GC Thread#2" [stack: 0x0000004bbef00000,0x0000004bbf000000] [id=22408]
  0x0000020075913810 GCTaskThread "GC Thread#3" [stack: 0x0000004bbf000000,0x0000004bbf100000] [id=12144]
  0x0000020075913ad0 GCTaskThread "GC Thread#4" [stack: 0x0000004bbf100000,0x0000004bbf200000] [id=21644]
  0x0000020075563d70 GCTaskThread "GC Thread#5" [stack: 0x0000004bbf200000,0x0000004bbf300000] [id=17228]
  0x0000020075d5caf0 GCTaskThread "GC Thread#6" [stack: 0x0000004bbf600000,0x0000004bbf700000] [id=19932]
  0x00000200760acaf0 GCTaskThread "GC Thread#7" [stack: 0x0000004bbf700000,0x0000004bbf800000] [id=22344]
  0x0000020076281700 GCTaskThread "GC Thread#8" [stack: 0x0000004bbf900000,0x0000004bbfa00000] [id=7880]
  0x000002007657a940 GCTaskThread "GC Thread#9" [stack: 0x0000004bbe900000,0x0000004bbea00000] [id=23220]
  0x000002007657ac00 GCTaskThread "GC Thread#10" [stack: 0x0000004bbfc00000,0x0000004bbfd00000] [id=22532]
  0x00000200765798c0 GCTaskThread "GC Thread#11" [stack: 0x0000004bbfd00000,0x0000004bbfe00000] [id=11504]
  0x0000020076579080 GCTaskThread "GC Thread#12" [stack: 0x0000004bc0200000,0x0000004bc0300000] [id=8808]

Threads with active compile tasks:
C2 CompilerThread2  6634428 17592       4       org.eclipse.jdt.internal.compiler.parser.Parser::consumeRule (7904 bytes)

VM state: not at safepoint (normal execution)

VM Mutex/Monitor currently owned by a thread: None

Heap address: 0x00000000c0000000, size: 1024 MB, Compressed Oops mode: 32-bit

CDS archive(s) not mapped
Compressed class space mapped at: 0x0000000100000000-0x0000000140000000, reserved size: 1073741824
Narrow klass base: 0x0000000000000000, Narrow klass shift: 3, Narrow klass range: 0x140000000

GC Precious Log:
 CPUs: 16 total, 16 available
 Memory: 16236M
 Large Page Support: Disabled
 NUMA Support: Disabled
 Compressed Oops: Enabled (32-bit)
 Alignments: Space 512K, Generation 512K, Heap 2M
 Heap Min Capacity: 100M
 Heap Initial Capacity: 100M
 Heap Max Capacity: 1G
 Pre-touch: Disabled
 Parallel Workers: 13

Heap:
 PSYoungGen      total 17408K, used 7495K [0x00000000eab00000, 0x00000000ec580000, 0x0000000100000000)
  eden space 11776K, 15% used [0x00000000eab00000,0x00000000eacd3b98,0x00000000eb680000)
  from space 5632K, 99% used [0x00000000eb680000,0x00000000ebbfe3e0,0x00000000ebc00000)
  to   space 7680K, 0% used [0x00000000ebe00000,0x00000000ebe00000,0x00000000ec580000)
 ParOldGen       total 304128K, used 277169K [0x00000000c0000000, 0x00000000d2900000, 0x00000000eab00000)
  object space 304128K, 91% used [0x00000000c0000000,0x00000000d0eac6f8,0x00000000d2900000)
 Metaspace       used 89300K, committed 90880K, reserved 1179648K
  class space    used 9269K, committed 9984K, reserved 1048576K

Card table byte_map: [0x0000020059c40000,0x0000020059e50000] _byte_map_base: 0x0000020059640000

Marking Bits: (ParMarkBitMap*) 0x00007ffa257258b0
 Begin Bits: [0x000002006bf40000, 0x000002006cf40000)
 End Bits:   [0x000002006cf40000, 0x000002006df40000)

Polling page: 0x00000200581c0000

Metaspace:

Usage:
  Non-class:     78.16 MB used.
      Class:      9.05 MB used.
       Both:     87.21 MB used.

Virtual space:
  Non-class space:      128.00 MB reserved,      79.00 MB ( 62%) committed,  2 nodes.
      Class space:        1.00 GB reserved,       9.75 MB ( <1%) committed,  1 nodes.
             Both:        1.12 GB reserved,      88.75 MB (  8%) committed. 

Chunk freelists:
   Non-Class:  912.00 KB
       Class:  6.21 MB
        Both:  7.10 MB

MaxMetaspaceSize: unlimited
CompressedClassSpaceSize: 1.00 GB
Initial GC threshold: 21.00 MB
Current GC threshold: 137.94 MB
CDS: off
MetaspaceReclaimPolicy: balanced
 - commit_granule_bytes: 65536.
 - commit_granule_words: 8192.
 - virtual_space_node_default_size: 8388608.
 - enlarge_chunks_in_place: 1.
 - new_chunks_are_fully_committed: 0.
 - uncommit_free_chunks: 1.
 - use_allocation_guard: 0.
 - handle_deallocations: 1.


Internal statistics:

num_allocs_failed_limit: 9.
num_arena_births: 1162.
num_arena_deaths: 30.
num_vsnodes_births: 3.
num_vsnodes_deaths: 0.
num_space_committed: 1420.
num_space_uncommitted: 0.
num_chunks_returned_to_freelist: 46.
num_chunks_taken_from_freelist: 4999.
num_chunk_merges: 21.
num_chunk_splits: 3029.
num_chunks_enlarged: 1611.
num_inconsistent_stats: 0.

CodeHeap 'non-profiled nmethods': size=119168Kb used=13891Kb max_used=13891Kb free=105276Kb
 bounds [0x0000020064ae0000, 0x0000020065880000, 0x000002006bf40000]
CodeHeap 'profiled nmethods': size=119104Kb used=31978Kb max_used=31978Kb free=87125Kb
 bounds [0x000002005cf40000, 0x000002005ee80000, 0x0000020064390000]
CodeHeap 'non-nmethods': size=7488Kb used=1458Kb max_used=3277Kb free=6029Kb
 bounds [0x0000020064390000, 0x00000200646d0000, 0x0000020064ae0000]
 total_blobs=15138 nmethods=14318 adapters=731
 compilation: enabled
              stopped_count=0, restarted_count=0
 full_count=0

Compilation events (20 events):
Event: 6633.375 Thread 0x000002007f106bd0 17607       4       org.eclipse.jdt.internal.compiler.codegen.StackMapFrame::getNumberOfLocals (97 bytes)
Event: 6633.377 Thread 0x0000020073359bf0 17608       3       org.eclipse.jdt.internal.compiler.parser.Parser::pushIdentifier (53 bytes)
Event: 6633.377 Thread 0x0000020073359bf0 nmethod 17608 0x000002005ee71810 code [0x000002005ee719c0, 0x000002005ee71ca8]
Event: 6633.378 Thread 0x000002007f106bd0 nmethod 17607 0x000002006586b390 code [0x000002006586b500, 0x000002006586b6d8]
Event: 6633.379 Thread 0x000002007f10b0e0 17609       3       org.eclipse.jdt.internal.compiler.lookup.BinaryTypeBinding::evaluateTypeQualifierDefault (198 bytes)
Event: 6633.380 Thread 0x0000020073359bf0 17610       3       org.eclipse.jdt.internal.compiler.lookup.BinaryTypeBinding::retrieveAnnotations (33 bytes)
Event: 6633.380 Thread 0x000002007f10b0e0 nmethod 17609 0x000002005ee71e10 code [0x000002005ee720a0, 0x000002005ee72c38]
Event: 6633.380 Thread 0x000002007f10b0e0 17612   !   3       org.eclipse.jdt.internal.compiler.lookup.UnresolvedAnnotationBinding::getElementValuePairs (221 bytes)
Event: 6633.380 Thread 0x0000020073359bf0 nmethod 17610 0x000002005ee73210 code [0x000002005ee734c0, 0x000002005ee744e8]
Event: 6633.380 Thread 0x0000020073359bf0 17611       3       org.eclipse.jdt.internal.compiler.lookup.AnnotationBinding::buildTargetAnnotation (538 bytes)
Event: 6633.381 Thread 0x000002007f106bd0 17615       4       org.eclipse.jdt.internal.compiler.parser.Parser::consumeQualifiedName (30 bytes)
Event: 6633.381 Thread 0x000002007f10b0e0 nmethod 17612 0x000002005ee74910 code [0x000002005ee74b80, 0x000002005ee75ae8]
Event: 6633.381 Thread 0x000002007f10b0e0 17613       3       org.eclipse.jdt.internal.compiler.lookup.AnnotationBinding::buildRetentionAnnotation (113 bytes)
Event: 6633.382 Thread 0x000002007f10b0e0 nmethod 17613 0x000002005ee79a10 code [0x000002005ee79c60, 0x000002005ee7a6f8]
Event: 6633.382 Thread 0x000002007f10b0e0 17614       3       org.eclipse.jdt.internal.compiler.lookup.AnnotationBinding::buildMarkerAnnotation (18 bytes)
Event: 6633.382 Thread 0x0000020073359bf0 nmethod 17611 0x000002005ee76090 code [0x000002005ee76460, 0x000002005ee79018]
Event: 6633.382 Thread 0x000002007f10b0e0 nmethod 17614 0x000002005ee7aa90 code [0x000002005ee7ac40, 0x000002005ee7ae78]
Event: 6633.383 Thread 0x000002007f106bd0 nmethod 17615 0x000002006586b810 code [0x000002006586b9a0, 0x000002006586bad8]
Event: 6633.383 Thread 0x000002007f106bd0 17616       4       org.eclipse.jdt.internal.compiler.lookup.MethodBinding::isPrivate (13 bytes)
Event: 6633.383 Thread 0x000002007f106bd0 nmethod 17616 0x000002006586bc90 code [0x000002006586be00, 0x000002006586be98]

GC Heap History (20 events):
Event: 6627.603 GC heap after
{Heap after GC invocations=301 (full 15):
 PSYoungGen      total 17408K, used 5133K [0x00000000eab00000, 0x00000000ec180000, 0x0000000100000000)
  eden space 11776K, 0% used [0x00000000eab00000,0x00000000eab00000,0x00000000eb680000)
  from space 5632K, 91% used [0x00000000eb680000,0x00000000ebb83620,0x00000000ebc00000)
  to   space 5632K, 0% used [0x00000000ebc00000,0x00000000ebc00000,0x00000000ec180000)
 ParOldGen       total 304128K, used 270478K [0x00000000c0000000, 0x00000000d2900000, 0x00000000eab00000)
  object space 304128K, 88% used [0x00000000c0000000,0x00000000d08239d0,0x00000000d2900000)
 Metaspace       used 89139K, committed 90688K, reserved 1179648K
  class space    used 9268K, committed 9984K, reserved 1048576K
}
Event: 6627.767 GC heap before
{Heap before GC invocations=302 (full 15):
 PSYoungGen      total 17408K, used 16909K [0x00000000eab00000, 0x00000000ec180000, 0x0000000100000000)
  eden space 11776K, 100% used [0x00000000eab00000,0x00000000eb680000,0x00000000eb680000)
  from space 5632K, 91% used [0x00000000eb680000,0x00000000ebb83620,0x00000000ebc00000)
  to   space 5632K, 0% used [0x00000000ebc00000,0x00000000ebc00000,0x00000000ec180000)
 ParOldGen       total 304128K, used 270478K [0x00000000c0000000, 0x00000000d2900000, 0x00000000eab00000)
  object space 304128K, 88% used [0x00000000c0000000,0x00000000d08239d0,0x00000000d2900000)
 Metaspace       used 89156K, committed 90688K, reserved 1179648K
  class space    used 9268K, committed 9984K, reserved 1048576K
}
Event: 6627.770 GC heap after
{Heap after GC invocations=302 (full 15):
 PSYoungGen      total 16384K, used 4547K [0x00000000eab00000, 0x00000000ec080000, 0x0000000100000000)
  eden space 11776K, 0% used [0x00000000eab00000,0x00000000eab00000,0x00000000eb680000)
  from space 4608K, 98% used [0x00000000ebc00000,0x00000000ec070d30,0x00000000ec080000)
  to   space 5120K, 0% used [0x00000000eb680000,0x00000000eb680000,0x00000000ebb80000)
 ParOldGen       total 304128K, used 270478K [0x00000000c0000000, 0x00000000d2900000, 0x00000000eab00000)
  object space 304128K, 88% used [0x00000000c0000000,0x00000000d08239d0,0x00000000d2900000)
 Metaspace       used 89156K, committed 90688K, reserved 1179648K
  class space    used 9268K, committed 9984K, reserved 1048576K
}
Event: 6629.264 GC heap before
{Heap before GC invocations=303 (full 15):
 PSYoungGen      total 16384K, used 16323K [0x00000000eab00000, 0x00000000ec080000, 0x0000000100000000)
  eden space 11776K, 100% used [0x00000000eab00000,0x00000000eb680000,0x00000000eb680000)
  from space 4608K, 98% used [0x00000000ebc00000,0x00000000ec070d30,0x00000000ec080000)
  to   space 5120K, 0% used [0x00000000eb680000,0x00000000eb680000,0x00000000ebb80000)
 ParOldGen       total 304128K, used 270478K [0x00000000c0000000, 0x00000000d2900000, 0x00000000eab00000)
  object space 304128K, 88% used [0x00000000c0000000,0x00000000d08239d0,0x00000000d2900000)
 Metaspace       used 89166K, committed 90688K, reserved 1179648K
  class space    used 9268K, committed 9984K, reserved 1048576K
}
Event: 6629.268 GC heap after
{Heap after GC invocations=303 (full 15):
 PSYoungGen      total 16896K, used 5092K [0x00000000eab00000, 0x00000000ec680000, 0x0000000100000000)
  eden space 11776K, 0% used [0x00000000eab00000,0x00000000eab00000,0x00000000eb680000)
  from space 5120K, 99% used [0x00000000eb680000,0x00000000ebb79120,0x00000000ebb80000)
  to   space 8192K, 0% used [0x00000000ebe80000,0x00000000ebe80000,0x00000000ec680000)
 ParOldGen       total 304128K, used 272854K [0x00000000c0000000, 0x00000000d2900000, 0x00000000eab00000)
  object space 304128K, 89% used [0x00000000c0000000,0x00000000d0a759d0,0x00000000d2900000)
 Metaspace       used 89166K, committed 90688K, reserved 1179648K
  class space    used 9268K, committed 9984K, reserved 1048576K
}
Event: 6629.303 GC heap before
{Heap before GC invocations=304 (full 15):
 PSYoungGen      total 16896K, used 16868K [0x00000000eab00000, 0x00000000ec680000, 0x0000000100000000)
  eden space 11776K, 100% used [0x00000000eab00000,0x00000000eb680000,0x00000000eb680000)
  from space 5120K, 99% used [0x00000000eb680000,0x00000000ebb79120,0x00000000ebb80000)
  to   space 8192K, 0% used [0x00000000ebe80000,0x00000000ebe80000,0x00000000ec680000)
 ParOldGen       total 304128K, used 272854K [0x00000000c0000000, 0x00000000d2900000, 0x00000000eab00000)
  object space 304128K, 89% used [0x00000000c0000000,0x00000000d0a759d0,0x00000000d2900000)
 Metaspace       used 89169K, committed 90688K, reserved 1179648K
  class space    used 9268K, committed 9984K, reserved 1048576K
}
Event: 6629.306 GC heap after
{Heap after GC invocations=304 (full 15):
 PSYoungGen      total 18432K, used 6307K [0x00000000eab00000, 0x00000000ec500000, 0x0000000100000000)
  eden space 11776K, 0% used [0x00000000eab00000,0x00000000eab00000,0x00000000eb680000)
  from space 6656K, 94% used [0x00000000ebe80000,0x00000000ec4a8cb0,0x00000000ec500000)
  to   space 7168K, 0% used [0x00000000eb700000,0x00000000eb700000,0x00000000ebe00000)
 ParOldGen       total 304128K, used 273173K [0x00000000c0000000, 0x00000000d2900000, 0x00000000eab00000)
  object space 304128K, 89% used [0x00000000c0000000,0x00000000d0ac5478,0x00000000d2900000)
 Metaspace       used 89169K, committed 90688K, reserved 1179648K
  class space    used 9268K, committed 9984K, reserved 1048576K
}
Event: 6629.342 GC heap before
{Heap before GC invocations=305 (full 15):
 PSYoungGen      total 18432K, used 18083K [0x00000000eab00000, 0x00000000ec500000, 0x0000000100000000)
  eden space 11776K, 100% used [0x00000000eab00000,0x00000000eb680000,0x00000000eb680000)
  from space 6656K, 94% used [0x00000000ebe80000,0x00000000ec4a8cb0,0x00000000ec500000)
  to   space 7168K, 0% used [0x00000000eb700000,0x00000000eb700000,0x00000000ebe00000)
 ParOldGen       total 304128K, used 273173K [0x00000000c0000000, 0x00000000d2900000, 0x00000000eab00000)
  object space 304128K, 89% used [0x00000000c0000000,0x00000000d0ac5478,0x00000000d2900000)
 Metaspace       used 89176K, committed 90688K, reserved 1179648K
  class space    used 9268K, committed 9984K, reserved 1048576K
}
Event: 6629.344 GC heap after
{Heap after GC invocations=305 (full 15):
 PSYoungGen      total 18432K, used 6260K [0x00000000eab00000, 0x00000000ec380000, 0x0000000100000000)
  eden space 11776K, 0% used [0x00000000eab00000,0x00000000eab00000,0x00000000eb680000)
  from space 6656K, 94% used [0x00000000eb700000,0x00000000ebd1d090,0x00000000ebd80000)
  to   space 6144K, 0% used [0x00000000ebd80000,0x00000000ebd80000,0x00000000ec380000)
 ParOldGen       total 304128K, used 273173K [0x00000000c0000000, 0x00000000d2900000, 0x00000000eab00000)
  object space 304128K, 89% used [0x00000000c0000000,0x00000000d0ac5478,0x00000000d2900000)
 Metaspace       used 89176K, committed 90688K, reserved 1179648K
  class space    used 9268K, committed 9984K, reserved 1048576K
}
Event: 6629.367 GC heap before
{Heap before GC invocations=306 (full 15):
 PSYoungGen      total 18432K, used 18036K [0x00000000eab00000, 0x00000000ec380000, 0x0000000100000000)
  eden space 11776K, 100% used [0x00000000eab00000,0x00000000eb680000,0x00000000eb680000)
  from space 6656K, 94% used [0x00000000eb700000,0x00000000ebd1d090,0x00000000ebd80000)
  to   space 6144K, 0% used [0x00000000ebd80000,0x00000000ebd80000,0x00000000ec380000)
 ParOldGen       total 304128K, used 273173K [0x00000000c0000000, 0x00000000d2900000, 0x00000000eab00000)
  object space 304128K, 89% used [0x00000000c0000000,0x00000000d0ac5478,0x00000000d2900000)
 Metaspace       used 89178K, committed 90688K, reserved 1179648K
  class space    used 9268K, committed 9984K, reserved 1048576K
}
Event: 6629.369 GC heap after
{Heap after GC invocations=306 (full 15):
 PSYoungGen      total 17920K, used 6003K [0x00000000eab00000, 0x00000000ec380000, 0x0000000100000000)
  eden space 11776K, 0% used [0x00000000eab00000,0x00000000eab00000,0x00000000eb680000)
  from space 6144K, 97% used [0x00000000ebd80000,0x00000000ec35ccc0,0x00000000ec380000)
  to   space 6144K, 0% used [0x00000000eb780000,0x00000000eb780000,0x00000000ebd80000)
 ParOldGen       total 304128K, used 273173K [0x00000000c0000000, 0x00000000d2900000, 0x00000000eab00000)
  object space 304128K, 89% used [0x00000000c0000000,0x00000000d0ac5478,0x00000000d2900000)
 Metaspace       used 89178K, committed 90688K, reserved 1179648K
  class space    used 9268K, committed 9984K, reserved 1048576K
}
Event: 6629.400 GC heap before
{Heap before GC invocations=307 (full 15):
 PSYoungGen      total 17920K, used 17779K [0x00000000eab00000, 0x00000000ec380000, 0x0000000100000000)
  eden space 11776K, 99% used [0x00000000eab00000,0x00000000eb67fff8,0x00000000eb680000)
  from space 6144K, 97% used [0x00000000ebd80000,0x00000000ec35ccc0,0x00000000ec380000)
  to   space 6144K, 0% used [0x00000000eb780000,0x00000000eb780000,0x00000000ebd80000)
 ParOldGen       total 304128K, used 273173K [0x00000000c0000000, 0x00000000d2900000, 0x00000000eab00000)
  object space 304128K, 89% used [0x00000000c0000000,0x00000000d0ac5478,0x00000000d2900000)
 Metaspace       used 89190K, committed 90688K, reserved 1179648K
  class space    used 9268K, committed 9984K, reserved 1048576K
}
Event: 6629.402 GC heap after
{Heap after GC invocations=307 (full 15):
 PSYoungGen      total 16896K, used 5059K [0x00000000eab00000, 0x00000000ec180000, 0x0000000100000000)
  eden space 11776K, 0% used [0x00000000eab00000,0x00000000eab00000,0x00000000eb680000)
  from space 5120K, 98% used [0x00000000eb780000,0x00000000ebc70cd0,0x00000000ebc80000)
  to   space 5120K, 0% used [0x00000000ebc80000,0x00000000ebc80000,0x00000000ec180000)
 ParOldGen       total 304128K, used 273437K [0x00000000c0000000, 0x00000000d2900000, 0x00000000eab00000)
  object space 304128K, 89% used [0x00000000c0000000,0x00000000d0b07488,0x00000000d2900000)
 Metaspace       used 89190K, committed 90688K, reserved 1179648K
  class space    used 9268K, committed 9984K, reserved 1048576K
}
Event: 6629.423 GC heap before
{Heap before GC invocations=308 (full 15):
 PSYoungGen      total 16896K, used 16835K [0x00000000eab00000, 0x00000000ec180000, 0x0000000100000000)
  eden space 11776K, 100% used [0x00000000eab00000,0x00000000eb680000,0x00000000eb680000)
  from space 5120K, 98% used [0x00000000eb780000,0x00000000ebc70cd0,0x00000000ebc80000)
  to   space 5120K, 0% used [0x00000000ebc80000,0x00000000ebc80000,0x00000000ec180000)
 ParOldGen       total 304128K, used 273437K [0x00000000c0000000, 0x00000000d2900000, 0x00000000eab00000)
  object space 304128K, 89% used [0x00000000c0000000,0x00000000d0b07488,0x00000000d2900000)
 Metaspace       used 89193K, committed 90752K, reserved 1179648K
  class space    used 9268K, committed 9984K, reserved 1048576K
}
Event: 6629.426 GC heap after
{Heap after GC invocations=308 (full 15):
 PSYoungGen      total 16896K, used 5091K [0x00000000eab00000, 0x00000000ec180000, 0x0000000100000000)
  eden space 11776K, 0% used [0x00000000eab00000,0x00000000eab00000,0x00000000eb680000)
  from space 5120K, 99% used [0x00000000ebc80000,0x00000000ec178ca0,0x00000000ec180000)
  to   space 5632K, 0% used [0x00000000eb680000,0x00000000eb680000,0x00000000ebc00000)
 ParOldGen       total 304128K, used 273761K [0x00000000c0000000, 0x00000000d2900000, 0x00000000eab00000)
  object space 304128K, 90% used [0x00000000c0000000,0x00000000d0b584a8,0x00000000d2900000)
 Metaspace       used 89193K, committed 90752K, reserved 1179648K
  class space    used 9268K, committed 9984K, reserved 1048576K
}
Event: 6630.928 GC heap before
{Heap before GC invocations=309 (full 15):
 PSYoungGen      total 16896K, used 16867K [0x00000000eab00000, 0x00000000ec180000, 0x0000000100000000)
  eden space 11776K, 100% used [0x00000000eab00000,0x00000000eb680000,0x00000000eb680000)
  from space 5120K, 99% used [0x00000000ebc80000,0x00000000ec178ca0,0x00000000ec180000)
  to   space 5632K, 0% used [0x00000000eb680000,0x00000000eb680000,0x00000000ebc00000)
 ParOldGen       total 304128K, used 273761K [0x00000000c0000000, 0x00000000d2900000, 0x00000000eab00000)
  object space 304128K, 90% used [0x00000000c0000000,0x00000000d0b584a8,0x00000000d2900000)
 Metaspace       used 89212K, committed 90752K, reserved 1179648K
  class space    used 9268K, committed 9984K, reserved 1048576K
}
Event: 6630.932 GC heap after
{Heap after GC invocations=309 (full 15):
 PSYoungGen      total 17408K, used 5505K [0x00000000eab00000, 0x00000000ec180000, 0x0000000100000000)
  eden space 11776K, 0% used [0x00000000eab00000,0x00000000eab00000,0x00000000eb680000)
  from space 5632K, 97% used [0x00000000eb680000,0x00000000ebbe04d8,0x00000000ebc00000)
  to   space 5632K, 0% used [0x00000000ebc00000,0x00000000ebc00000,0x00000000ec180000)
 ParOldGen       total 304128K, used 274697K [0x00000000c0000000, 0x00000000d2900000, 0x00000000eab00000)
  object space 304128K, 90% used [0x00000000c0000000,0x00000000d0c42718,0x00000000d2900000)
 Metaspace       used 89212K, committed 90752K, reserved 1179648K
  class space    used 9268K, committed 9984K, reserved 1048576K
}
Event: 6631.362 GC heap before
{Heap before GC invocations=310 (full 15):
 PSYoungGen      total 17408K, used 17281K [0x00000000eab00000, 0x00000000ec180000, 0x0000000100000000)
  eden space 11776K, 100% used [0x00000000eab00000,0x00000000eb680000,0x00000000eb680000)
  from space 5632K, 97% used [0x00000000eb680000,0x00000000ebbe04d8,0x00000000ebc00000)
  to   space 5632K, 0% used [0x00000000ebc00000,0x00000000ebc00000,0x00000000ec180000)
 ParOldGen       total 304128K, used 274697K [0x00000000c0000000, 0x00000000d2900000, 0x00000000eab00000)
  object space 304128K, 90% used [0x00000000c0000000,0x00000000d0c42718,0x00000000d2900000)
 Metaspace       used 89281K, committed 90880K, reserved 1179648K
  class space    used 9269K, committed 9984K, reserved 1048576K
}
Event: 6633.365 GC heap after
{Heap after GC invocations=310 (full 15):
 PSYoungGen      total 17408K, used 5619K [0x00000000eab00000, 0x00000000ec180000, 0x0000000100000000)
  eden space 11776K, 0% used [0x00000000eab00000,0x00000000eab00000,0x00000000eb680000)
  from space 5632K, 99% used [0x00000000ebc00000,0x00000000ec17cce0,0x00000000ec180000)
  to   space 5632K, 0% used [0x00000000eb680000,0x00000000eb680000,0x00000000ebc00000)
 ParOldGen       total 304128K, used 275736K [0x00000000c0000000, 0x00000000d2900000, 0x00000000eab00000)
  object space 304128K, 90% used [0x00000000c0000000,0x00000000d0d46228,0x00000000d2900000)
 Metaspace       used 89281K, committed 90880K, reserved 1179648K
  class space    used 9269K, committed 9984K, reserved 1048576K
}
Event: 6633.384 GC heap before
{Heap before GC invocations=311 (full 15):
 PSYoungGen      total 17408K, used 17395K [0x00000000eab00000, 0x00000000ec180000, 0x0000000100000000)
  eden space 11776K, 100% used [0x00000000eab00000,0x00000000eb680000,0x00000000eb680000)
  from space 5632K, 99% used [0x00000000ebc00000,0x00000000ec17cce0,0x00000000ec180000)
  to   space 5632K, 0% used [0x00000000eb680000,0x00000000eb680000,0x00000000ebc00000)
 ParOldGen       total 304128K, used 275736K [0x00000000c0000000, 0x00000000d2900000, 0x00000000eab00000)
  object space 304128K, 90% used [0x00000000c0000000,0x00000000d0d46228,0x00000000d2900000)
 Metaspace       used 89295K, committed 90880K, reserved 1179648K
  class space    used 9269K, committed 9984K, reserved 1048576K
}

Dll operation events (12 events):
Event: 0.014 Loaded shared library c:\Users\PC\.vscode\extensions\redhat.java-1.35.1-win32-x64\jre\17.0.12-win32-x86_64\bin\java.dll
Event: 0.185 Loaded shared library c:\Users\PC\.vscode\extensions\redhat.java-1.35.1-win32-x64\jre\17.0.12-win32-x86_64\bin\zip.dll
Event: 0.189 Loaded shared library C:\Users\PC\.vscode\extensions\redhat.java-1.35.1-win32-x64\jre\17.0.12-win32-x86_64\bin\instrument.dll
Event: 0.204 Loaded shared library C:\Users\PC\.vscode\extensions\redhat.java-1.35.1-win32-x64\jre\17.0.12-win32-x86_64\bin\net.dll
Event: 0.207 Loaded shared library C:\Users\PC\.vscode\extensions\redhat.java-1.35.1-win32-x64\jre\17.0.12-win32-x86_64\bin\nio.dll
Event: 0.215 Loaded shared library C:\Users\PC\.vscode\extensions\redhat.java-1.35.1-win32-x64\jre\17.0.12-win32-x86_64\bin\zip.dll
Event: 0.233 Loaded shared library C:\Users\PC\.vscode\extensions\redhat.java-1.35.1-win32-x64\jre\17.0.12-win32-x86_64\bin\jimage.dll
Event: 0.306 Loaded shared library c:\Users\PC\.vscode\extensions\redhat.java-1.35.1-win32-x64\jre\17.0.12-win32-x86_64\bin\verify.dll
Event: 1.569 Loaded shared library C:\Users\PC\AppData\Roaming\Code\User\globalStorage\redhat.java\1.35.1\config_win\org.eclipse.equinox.launcher\org.eclipse.equinox.launcher.win32.win32.x86_64_1.2.1100.v20240722-2106\eclipse_11904.dll
Event: 3.540 Loaded shared library C:\Users\PC\AppData\Local\Temp\jna-2547\jna16904401243929778977.dll
Event: 7.748 Loaded shared library C:\Users\PC\.vscode\extensions\redhat.java-1.35.1-win32-x64\jre\17.0.12-win32-x86_64\bin\sunmscapi.dll
Event: 7.851 Loaded shared library C:\Users\PC\.vscode\extensions\redhat.java-1.35.1-win32-x64\jre\17.0.12-win32-x86_64\bin\extnet.dll

Deoptimization events (20 events):
Event: 6630.946 Thread 0x0000020077d2aab0 Uncommon trap: trap_request=0xffffffde fr.pc=0x00000200657d4868 relative=0x0000000000005448
Event: 6630.946 Thread 0x0000020077d2aab0 Uncommon trap: reason=class_check action=maybe_recompile pc=0x00000200657d4868 method=org.eclipse.jdt.core.dom.DefaultBindingResolver.resolveName(Lorg/eclipse/jdt/core/dom/Name;)Lorg/eclipse/jdt/core/dom/IBinding; @ 856 c2
Event: 6630.946 Thread 0x0000020077d2aab0 DEOPT PACKING pc=0x00000200657d4868 sp=0x0000004bc05fe840
Event: 6630.946 Thread 0x0000020077d2aab0 DEOPT UNPACKING pc=0x00000200643e66a3 sp=0x0000004bc05fe820 mode 2
Event: 6630.946 Thread 0x0000020077d2aab0 Uncommon trap: trap_request=0xffffffde fr.pc=0x00000200657d4868 relative=0x0000000000005448
Event: 6630.946 Thread 0x0000020077d2aab0 Uncommon trap: reason=class_check action=maybe_recompile pc=0x00000200657d4868 method=org.eclipse.jdt.core.dom.DefaultBindingResolver.resolveName(Lorg/eclipse/jdt/core/dom/Name;)Lorg/eclipse/jdt/core/dom/IBinding; @ 856 c2
Event: 6630.946 Thread 0x0000020077d2aab0 DEOPT PACKING pc=0x00000200657d4868 sp=0x0000004bc05fe840
Event: 6630.946 Thread 0x0000020077d2aab0 DEOPT UNPACKING pc=0x00000200643e66a3 sp=0x0000004bc05fe820 mode 2
Event: 6630.946 Thread 0x0000020077d2aab0 Uncommon trap: trap_request=0xffffff45 fr.pc=0x00000200657d45ac relative=0x000000000000518c
Event: 6630.946 Thread 0x0000020077d2aab0 Uncommon trap: reason=unstable_if action=reinterpret pc=0x00000200657d45ac method=org.eclipse.jdt.core.dom.DefaultBindingResolver.resolveName(Lorg/eclipse/jdt/core/dom/Name;)Lorg/eclipse/jdt/core/dom/IBinding; @ 1142 c2
Event: 6630.946 Thread 0x0000020077d2aab0 DEOPT PACKING pc=0x00000200657d45ac sp=0x0000004bc05fe2e0
Event: 6630.946 Thread 0x0000020077d2aab0 DEOPT UNPACKING pc=0x00000200643e66a3 sp=0x0000004bc05fe2c0 mode 2
Event: 6631.072 Thread 0x0000020078a85e80 Uncommon trap: trap_request=0xffffff45 fr.pc=0x0000020064f64580 relative=0x0000000000000080
Event: 6631.072 Thread 0x0000020078a85e80 Uncommon trap: reason=unstable_if action=reinterpret pc=0x0000020064f64580 method=org.eclipse.jdt.internal.compiler.parser.Scanner.addTokenToLookBack(I)V @ 1 c2
Event: 6631.072 Thread 0x0000020078a85e80 DEOPT PACKING pc=0x0000020064f64580 sp=0x0000004bc22fee10
Event: 6631.072 Thread 0x0000020078a85e80 DEOPT UNPACKING pc=0x00000200643e66a3 sp=0x0000004bc22fedb0 mode 2
Event: 6631.356 Thread 0x00000200733e73a0 Uncommon trap: trap_request=0xffffffc6 fr.pc=0x00000200653cc058 relative=0x00000000000008b8
Event: 6631.356 Thread 0x00000200733e73a0 Uncommon trap: reason=bimorphic_or_optimized_type_check action=maybe_recompile pc=0x00000200653cc058 method=org.eclipse.jdt.internal.compiler.parser.Parser.consumeRule(I)V @ 6887 c2
Event: 6631.356 Thread 0x00000200733e73a0 DEOPT PACKING pc=0x00000200653cc058 sp=0x0000004bc0cfe8a0
Event: 6631.356 Thread 0x00000200733e73a0 DEOPT UNPACKING pc=0x00000200643e66a3 sp=0x0000004bc0cfe828 mode 2

Classes loaded (20 events):
Event: 3744.607 Loading class java/util/concurrent/CompletableFuture$UniCompose
Event: 3744.607 Loading class java/util/concurrent/CompletableFuture$UniCompose done
Event: 3744.607 Loading class java/util/concurrent/CompletableFuture$UniRelay
Event: 3744.607 Loading class java/util/concurrent/CompletableFuture$UniRelay done
Event: 3745.153 Loading class jdk/internal/reflect/UnsafeLongFieldAccessorImpl
Event: 3745.153 Loading class jdk/internal/reflect/UnsafeLongFieldAccessorImpl done
Event: 3745.176 Loading class java/util/stream/IntPipeline$1
Event: 3745.176 Loading class java/util/stream/IntPipeline$1 done
Event: 3745.176 Loading class java/util/stream/IntPipeline$1$1
Event: 3745.176 Loading class java/util/stream/IntPipeline$1$1 done
Event: 3745.444 Loading class java/util/stream/Streams$RangeIntSpliterator
Event: 3745.444 Loading class java/util/stream/Streams$RangeIntSpliterator done
Event: 3745.445 Loading class java/lang/ProcessHandleImpl$ExitCompletion
Event: 3745.445 Loading class java/lang/ProcessHandleImpl$ExitCompletion done
Event: 3745.446 Loading class java/lang/ProcessHandleImpl$1
Event: 3745.446 Loading class java/lang/ProcessHandleImpl$1 done
Event: 3745.446 Loading class java/util/concurrent/CompletableFuture$UniHandle
Event: 3745.446 Loading class java/util/concurrent/CompletableFuture$UniHandle done
Event: 3745.514 Loading class java/util/concurrent/ScheduledThreadPoolExecutor$DelayedWorkQueue$Itr
Event: 3745.514 Loading class java/util/concurrent/ScheduledThreadPoolExecutor$DelayedWorkQueue$Itr done

Classes unloaded (15 events):
Event: 5.541 Thread 0x000002005a35ece0 Unloading class 0x0000000100250400 'java/lang/invoke/LambdaForm$MH+0x0000000100250400'
Event: 5.541 Thread 0x000002005a35ece0 Unloading class 0x0000000100250000 'java/lang/invoke/LambdaForm$MH+0x0000000100250000'
Event: 5.541 Thread 0x000002005a35ece0 Unloading class 0x000000010024bc00 'java/lang/invoke/LambdaForm$MH+0x000000010024bc00'
Event: 5.541 Thread 0x000002005a35ece0 Unloading class 0x000000010024b800 'java/lang/invoke/LambdaForm$MH+0x000000010024b800'
Event: 5.541 Thread 0x000002005a35ece0 Unloading class 0x000000010024b400 'java/lang/invoke/LambdaForm$BMH+0x000000010024b400'
Event: 5.541 Thread 0x000002005a35ece0 Unloading class 0x000000010024b000 'java/lang/invoke/LambdaForm$DMH+0x000000010024b000'
Event: 5.541 Thread 0x000002005a35ece0 Unloading class 0x0000000100248400 'java/lang/invoke/LambdaForm$DMH+0x0000000100248400'
Event: 16.193 Thread 0x000002005a35ece0 Unloading class 0x0000000100808400 'java/lang/invoke/LambdaForm$MH+0x0000000100808400'
Event: 16.193 Thread 0x000002005a35ece0 Unloading class 0x0000000100808000 'java/lang/invoke/LambdaForm$MH+0x0000000100808000'
Event: 16.193 Thread 0x000002005a35ece0 Unloading class 0x0000000100805c00 'java/lang/invoke/LambdaForm$MH+0x0000000100805c00'
Event: 16.193 Thread 0x000002005a35ece0 Unloading class 0x0000000100805800 'java/lang/invoke/LambdaForm$MH+0x0000000100805800'
Event: 16.193 Thread 0x000002005a35ece0 Unloading class 0x0000000100804c00 'java/lang/invoke/LambdaForm$DMH+0x0000000100804c00'
Event: 16.193 Thread 0x000002005a35ece0 Unloading class 0x0000000100804800 'java/lang/invoke/LambdaForm$DMH+0x0000000100804800'
Event: 16.193 Thread 0x000002005a35ece0 Unloading class 0x0000000100805000 'java/lang/invoke/LambdaForm$DMH+0x0000000100805000'
Event: 31.497 Thread 0x000002005a35ece0 Unloading class 0x0000000100868400 'java/lang/invoke/LambdaForm$DMH+0x0000000100868400'

Classes redefined (0 events):
No events

Internal exceptions (20 events):
Event: 3744.277 Thread 0x0000020077d2a090 Exception <a 'sun/nio/fs/WindowsException'{0x00000000eadeb0f8}> (0x00000000eadeb0f8) 
thrown [s\src\hotspot\share\prims\jni.cpp, line 516]
Event: 3744.277 Thread 0x0000020077d2a090 Exception <a 'sun/nio/fs/WindowsException'{0x00000000eadebe58}> (0x00000000eadebe58) 
thrown [s\src\hotspot\share\prims\jni.cpp, line 516]
Event: 3744.277 Thread 0x0000020077d2a090 Exception <a 'sun/nio/fs/WindowsException'{0x00000000eadec738}> (0x00000000eadec738) 
thrown [s\src\hotspot\share\prims\jni.cpp, line 516]
Event: 3744.278 Thread 0x0000020077d2a090 Exception <a 'sun/nio/fs/WindowsException'{0x00000000eadedf40}> (0x00000000eadedf40) 
thrown [s\src\hotspot\share\prims\jni.cpp, line 516]
Event: 3744.278 Thread 0x0000020077d2a090 Exception <a 'sun/nio/fs/WindowsException'{0x00000000eadee578}> (0x00000000eadee578) 
thrown [s\src\hotspot\share\prims\jni.cpp, line 516]
Event: 3744.282 Thread 0x0000020077d2a090 Exception <a 'sun/nio/fs/WindowsException'{0x00000000eae10d48}> (0x00000000eae10d48) 
thrown [s\src\hotspot\share\prims\jni.cpp, line 516]
Event: 3744.282 Thread 0x0000020077d2a090 Exception <a 'sun/nio/fs/WindowsException'{0x00000000eae11890}> (0x00000000eae11890) 
thrown [s\src\hotspot\share\prims\jni.cpp, line 516]
Event: 3744.447 Thread 0x0000020077d28740 Exception <a 'java/io/FileNotFoundException'{0x00000000eaf276e0}> (0x00000000eaf276e0) 
thrown [s\src\hotspot\share\prims\jni.cpp, line 516]
Event: 3744.536 Thread 0x0000020077d28740 Exception <a 'java/lang/NoSuchMethodError'{0x00000000eb117ae0}: 'java.lang.Object java.lang.invoke.DirectMethodHandle$Holder.invokeVirtual(java.lang.Object, java.lang.Object, java.lang.Object, java.lang.Object)'> (0x00000000eb117ae0) 
thrown [s\src\hotspot\share\interpreter\linkResolver.cpp, line 759]
Event: 3744.566 Thread 0x0000020077d2a5a0 Exception <a 'java/lang/NoSuchMethodError'{0x00000000eb53fd38}: 'java.lang.Object java.lang.invoke.DirectMethodHandle$Holder.invokeStatic(java.lang.Object, long, java.lang.Object, java.lang.Object)'> (0x00000000eb53fd38) 
thrown [s\src\hotspot\share\interpreter\linkResolver.cpp, line 759]
Event: 3744.566 Thread 0x0000020077d2a5a0 Exception <a 'java/lang/NoSuchMethodError'{0x00000000eb546ca8}: 'java.lang.Object java.lang.invoke.DirectMethodHandle$Holder.newInvokeSpecial(java.lang.Object, long)'> (0x00000000eb546ca8) 
thrown [s\src\hotspot\share\interpreter\linkResolver.cpp, line 759]
Event: 3744.593 Thread 0x0000020077d2a5a0 Exception <a 'sun/nio/fs/WindowsException'{0x00000000eb5d68b0}> (0x00000000eb5d68b0) 
thrown [s\src\hotspot\share\prims\jni.cpp, line 516]
Event: 3744.593 Thread 0x0000020077d2a5a0 Exception <a 'sun/nio/fs/WindowsException'{0x00000000eb5d6b80}> (0x00000000eb5d6b80) 
thrown [s\src\hotspot\share\prims\jni.cpp, line 516]
Event: 3744.594 Thread 0x0000020077d2a5a0 Exception <a 'sun/nio/fs/WindowsException'{0x00000000eb5d7ee8}> (0x00000000eb5d7ee8) 
thrown [s\src\hotspot\share\prims\jni.cpp, line 516]
Event: 3744.594 Thread 0x0000020077d2a5a0 Exception <a 'sun/nio/fs/WindowsException'{0x00000000eb5d81b0}> (0x00000000eb5d81b0) 
thrown [s\src\hotspot\share\prims\jni.cpp, line 516]
Event: 3744.606 Thread 0x0000020077d2a5a0 Exception <a 'java/lang/NoSuchMethodError'{0x00000000eb678d88}: 'void java.lang.invoke.DirectMethodHandle$Holder.invokeStatic(java.lang.Object, java.lang.Object, java.lang.Object, java.lang.Object, java.lang.Object, java.lang.Object, java.lang.Object)'> (0x00000000eb678d88) 
thrown [s\src\hotspot\share\interpreter\linkResolver.cpp, line 759]
Event: 4371.226 Thread 0x0000020077d2aab0 Exception <a 'java/lang/ArrayIndexOutOfBoundsException'{0x00000000eb06b880}> (0x00000000eb06b880) 
thrown [s\src\hotspot\share\runtime\sharedRuntime.cpp, line 631]
Event: 6627.457 Thread 0x0000020077d2b4d0 Exception <a 'java/lang/ArrayIndexOutOfBoundsException'{0x00000000eb360b38}> (0x00000000eb360b38) 
thrown [s\src\hotspot\share\runtime\sharedRuntime.cpp, line 631]
Event: 6630.939 Thread 0x0000020078a85e80 Implicit null exception at 0x000002006580b86d to 0x000002006580ba20
Event: 6631.072 Thread 0x0000020078a85e80 Exception <a 'java/lang/ArrayIndexOutOfBoundsException'{0x00000000ead443a8}> (0x00000000ead443a8) 
thrown [s\src\hotspot\share\runtime\sharedRuntime.cpp, line 631]

VM Operations (20 events):
Event: 6627.770 Executing VM operation: ParallelGCFailedAllocation done
Event: 6628.772 Executing VM operation: Cleanup
Event: 6628.772 Executing VM operation: Cleanup done
Event: 6629.264 Executing VM operation: ParallelGCFailedAllocation
Event: 6629.268 Executing VM operation: ParallelGCFailedAllocation done
Event: 6629.303 Executing VM operation: ParallelGCFailedAllocation
Event: 6629.306 Executing VM operation: ParallelGCFailedAllocation done
Event: 6629.342 Executing VM operation: ParallelGCFailedAllocation
Event: 6629.344 Executing VM operation: ParallelGCFailedAllocation done
Event: 6629.367 Executing VM operation: ParallelGCFailedAllocation
Event: 6629.369 Executing VM operation: ParallelGCFailedAllocation done
Event: 6629.400 Executing VM operation: ParallelGCFailedAllocation
Event: 6629.403 Executing VM operation: ParallelGCFailedAllocation done
Event: 6629.423 Executing VM operation: ParallelGCFailedAllocation
Event: 6629.426 Executing VM operation: ParallelGCFailedAllocation done
Event: 6630.928 Executing VM operation: ParallelGCFailedAllocation
Event: 6630.932 Executing VM operation: ParallelGCFailedAllocation done
Event: 6631.362 Executing VM operation: ParallelGCFailedAllocation
Event: 6633.365 Executing VM operation: ParallelGCFailedAllocation done
Event: 6633.384 Executing VM operation: ParallelGCFailedAllocation

Events (20 events):
Event: 6627.755 Thread 0x000002007f106bd0 Thread exited: 0x000002007f106bd0
Event: 6627.780 Thread 0x000002007f106bd0 Thread added: 0x000002007f106bd0
Event: 6627.780 Thread 0x000002007f10b0e0 Thread added: 0x000002007f10b0e0
Event: 6628.985 Thread 0x0000020077d2a090 Thread added: 0x0000020077d2a090
Event: 6628.988 Thread 0x000002007f107120 Thread exited: 0x000002007f107120
Event: 6628.988 Thread 0x000002007f107bc0 Thread exited: 0x000002007f107bc0
Event: 6629.241 Thread 0x0000020077d2dd50 Thread added: 0x0000020077d2dd50
Event: 6629.272 Thread 0x0000020078a881f0 Thread added: 0x0000020078a881f0
Event: 6629.272 Thread 0x0000020078a88700 Thread added: 0x0000020078a88700
Event: 6629.272 Thread 0x0000020078a85e80 Thread added: 0x0000020078a85e80
Event: 6630.402 Thread 0x000002007f10b0e0 Thread exited: 0x000002007f10b0e0
Event: 6630.402 Thread 0x000002007f106bd0 Thread exited: 0x000002007f106bd0
Event: 6630.880 Thread 0x0000020078a86390 Thread added: 0x0000020078a86390
Event: 6630.898 Thread 0x0000020078a86db0 Thread added: 0x0000020078a86db0
Event: 6630.937 Thread 0x000002007f106bd0 Thread added: 0x000002007f106bd0
Event: 6630.955 Thread 0x000002007f107120 Thread added: 0x000002007f107120
Event: 6630.955 Thread 0x000002007f10b0e0 Thread added: 0x000002007f10b0e0
Event: 6630.956 Thread 0x000002007f10b630 Thread added: 0x000002007f10b630
Event: 6631.137 Thread 0x0000020078a877d0 Thread added: 0x0000020078a877d0
Event: 6633.366 Thread 0x000002007f10b630 Thread exited: 0x000002007f10b630


Dynamic libraries:
0x00007ff6391e0000 - 0x00007ff6391ee000 	c:\Users\PC\.vscode\extensions\redhat.java-1.35.1-win32-x64\jre\17.0.12-win32-x86_64\bin\java.exe
0x00007ffab4740000 - 0x00007ffab49a3000 	C:\WINDOWS\SYSTEM32\ntdll.dll
0x00007ffab2b20000 - 0x00007ffab2be7000 	C:\WINDOWS\System32\KERNEL32.DLL
0x00007ffab1fc0000 - 0x00007ffab2370000 	C:\WINDOWS\System32\KERNELBASE.dll
0x00007ffaae590000 - 0x00007ffaae62c000 	C:\WINDOWS\SYSTEM32\apphelp.dll
0x00007ffab1bc0000 - 0x00007ffab1d0b000 	C:\WINDOWS\System32\ucrtbase.dll
0x00007ffa8d290000 - 0x00007ffa8d2a7000 	c:\Users\PC\.vscode\extensions\redhat.java-1.35.1-win32-x64\jre\17.0.12-win32-x86_64\bin\jli.dll
0x00007ffa8d0b0000 - 0x00007ffa8d0cb000 	c:\Users\PC\.vscode\extensions\redhat.java-1.35.1-win32-x64\jre\17.0.12-win32-x86_64\bin\VCRUNTIME140.dll
0x00007ffab25c0000 - 0x00007ffab2783000 	C:\WINDOWS\System32\USER32.dll
0x00007ffab1ee0000 - 0x00007ffab1f07000 	C:\WINDOWS\System32\win32u.dll
0x00007ffa90340000 - 0x00007ffa905d0000 	C:\WINDOWS\WinSxS\amd64_microsoft.windows.common-controls_6595b64144ccf1df_6.0.26100.1882_none_3e0e949ae32eca40\COMCTL32.dll
0x00007ffab3d80000 - 0x00007ffab3daa000 	C:\WINDOWS\System32\GDI32.dll
0x00007ffab4650000 - 0x00007ffab46f9000 	C:\WINDOWS\System32\msvcrt.dll
0x00007ffab1db0000 - 0x00007ffab1ed3000 	C:\WINDOWS\System32\gdi32full.dll
0x00007ffab1f10000 - 0x00007ffab1fb3000 	C:\WINDOWS\System32\msvcp_win.dll
0x00007ffab44e0000 - 0x00007ffab450f000 	C:\WINDOWS\System32\IMM32.DLL
0x00007ffa9b990000 - 0x00007ffa9b99c000 	c:\Users\PC\.vscode\extensions\redhat.java-1.35.1-win32-x64\jre\17.0.12-win32-x86_64\bin\vcruntime140_1.dll
0x00007ffa727d0000 - 0x00007ffa7285d000 	c:\Users\PC\.vscode\extensions\redhat.java-1.35.1-win32-x64\jre\17.0.12-win32-x86_64\bin\msvcp140.dll
0x00007ffa24b80000 - 0x00007ffa257ea000 	c:\Users\PC\.vscode\extensions\redhat.java-1.35.1-win32-x64\jre\17.0.12-win32-x86_64\bin\server\jvm.dll
0x00007ffab2790000 - 0x00007ffab2842000 	C:\WINDOWS\System32\ADVAPI32.dll
0x00007ffab2fb0000 - 0x00007ffab3056000 	C:\WINDOWS\System32\sechost.dll
0x00007ffab3c60000 - 0x00007ffab3d76000 	C:\WINDOWS\System32\RPCRT4.dll
0x00007ffab3b30000 - 0x00007ffab3ba4000 	C:\WINDOWS\System32\WS2_32.dll
0x00007ffab07d0000 - 0x00007ffab081e000 	C:\WINDOWS\SYSTEM32\POWRPROF.dll
0x00007ffaa38e0000 - 0x00007ffaa3916000 	C:\WINDOWS\SYSTEM32\WINMM.dll
0x00007ffaab4f0000 - 0x00007ffaab4fb000 	C:\WINDOWS\SYSTEM32\VERSION.dll
0x00007ffab07b0000 - 0x00007ffab07c4000 	C:\WINDOWS\SYSTEM32\UMPDC.dll
0x00007ffab0a70000 - 0x00007ffab0a8a000 	C:\WINDOWS\SYSTEM32\kernel.appcore.dll
0x00007ffa94080000 - 0x00007ffa9408a000 	c:\Users\PC\.vscode\extensions\redhat.java-1.35.1-win32-x64\jre\17.0.12-win32-x86_64\bin\jimage.dll
0x00007ffaaf630000 - 0x00007ffaaf871000 	C:\WINDOWS\SYSTEM32\DBGHELP.DLL
0x00007ffab3550000 - 0x00007ffab38cc000 	C:\WINDOWS\System32\combase.dll
0x00007ffab2ea0000 - 0x00007ffab2f76000 	C:\WINDOWS\System32\OLEAUT32.dll
0x00007ffa98b50000 - 0x00007ffa98b89000 	C:\WINDOWS\SYSTEM32\dbgcore.DLL
0x00007ffab1d10000 - 0x00007ffab1da9000 	C:\WINDOWS\System32\bcryptPrimitives.dll
0x00007ffa8df60000 - 0x00007ffa8df6e000 	c:\Users\PC\.vscode\extensions\redhat.java-1.35.1-win32-x64\jre\17.0.12-win32-x86_64\bin\instrument.dll
0x00007ffa80740000 - 0x00007ffa80765000 	c:\Users\PC\.vscode\extensions\redhat.java-1.35.1-win32-x64\jre\17.0.12-win32-x86_64\bin\java.dll
0x00007ffa88eb0000 - 0x00007ffa88ec8000 	c:\Users\PC\.vscode\extensions\redhat.java-1.35.1-win32-x64\jre\17.0.12-win32-x86_64\bin\zip.dll
0x00007ffab3de0000 - 0x00007ffab44d8000 	C:\WINDOWS\System32\SHELL32.dll
0x00007ffaaf8b0000 - 0x00007ffab00da000 	C:\WINDOWS\SYSTEM32\windows.storage.dll
0x00007ffab2dc0000 - 0x00007ffab2e93000 	C:\WINDOWS\System32\SHCORE.dll
0x00007ffab38d0000 - 0x00007ffab392d000 	C:\WINDOWS\System32\shlwapi.dll
0x00007ffab1a60000 - 0x00007ffab1a89000 	C:\WINDOWS\SYSTEM32\profapi.dll
0x00007ffa885b0000 - 0x00007ffa885c9000 	C:\Users\PC\.vscode\extensions\redhat.java-1.35.1-win32-x64\jre\17.0.12-win32-x86_64\bin\net.dll
0x00007ffaa86c0000 - 0x00007ffaa87e6000 	C:\WINDOWS\SYSTEM32\WINHTTP.dll
0x00007ffab0f50000 - 0x00007ffab0fb8000 	C:\WINDOWS\system32\mswsock.dll
0x00007ffa87c10000 - 0x00007ffa87c26000 	C:\Users\PC\.vscode\extensions\redhat.java-1.35.1-win32-x64\jre\17.0.12-win32-x86_64\bin\nio.dll
0x00007ffa8c110000 - 0x00007ffa8c120000 	c:\Users\PC\.vscode\extensions\redhat.java-1.35.1-win32-x64\jre\17.0.12-win32-x86_64\bin\verify.dll
0x00007ffa70020000 - 0x00007ffa70065000 	C:\Users\PC\AppData\Roaming\Code\User\globalStorage\redhat.java\1.35.1\config_win\org.eclipse.equinox.launcher\org.eclipse.equinox.launcher.win32.win32.x86_64_1.2.1100.v20240722-2106\eclipse_11904.dll
0x00007ffab3980000 - 0x00007ffab3b19000 	C:\WINDOWS\System32\ole32.dll
0x00007ffab1300000 - 0x00007ffab131c000 	C:\WINDOWS\SYSTEM32\CRYPTSP.dll
0x00007ffab09d0000 - 0x00007ffab0a08000 	C:\WINDOWS\system32\rsaenh.dll
0x00007ffab0ff0000 - 0x00007ffab101b000 	C:\WINDOWS\SYSTEM32\USERENV.dll
0x00007ffab1490000 - 0x00007ffab14b6000 	C:\WINDOWS\SYSTEM32\bcrypt.dll
0x00007ffab1180000 - 0x00007ffab118c000 	C:\WINDOWS\SYSTEM32\CRYPTBASE.dll
0x00007ffab03e0000 - 0x00007ffab0411000 	C:\WINDOWS\SYSTEM32\IPHLPAPI.DLL
0x00007ffab2f80000 - 0x00007ffab2f8a000 	C:\WINDOWS\System32\NSI.dll
0x00007ffaa8620000 - 0x00007ffaa863e000 	C:\WINDOWS\SYSTEM32\dhcpcsvc6.DLL
0x00007ffaa85f0000 - 0x00007ffaa8615000 	C:\WINDOWS\SYSTEM32\dhcpcsvc.DLL
0x00007ffab04d0000 - 0x00007ffab05ef000 	C:\WINDOWS\SYSTEM32\DNSAPI.dll
0x00007ffa8e6d0000 - 0x00007ffa8e719000 	C:\Users\PC\AppData\Local\Temp\jna-2547\jna16904401243929778977.dll
0x00007ffab45b0000 - 0x00007ffab45b8000 	C:\WINDOWS\System32\PSAPI.DLL
0x00007ffaa37d0000 - 0x00007ffaa37eb000 	\\?\C:\WINDOWS\system32\MpeHttpExt.dll
0x00007ffa8ec20000 - 0x00007ffa8ec2e000 	C:\Users\PC\.vscode\extensions\redhat.java-1.35.1-win32-x64\jre\17.0.12-win32-x86_64\bin\sunmscapi.dll
0x00007ffab2440000 - 0x00007ffab25b6000 	C:\WINDOWS\System32\CRYPT32.dll
0x00007ffab1450000 - 0x00007ffab1480000 	C:\WINDOWS\SYSTEM32\ncrypt.dll
0x00007ffab1400000 - 0x00007ffab143f000 	C:\WINDOWS\SYSTEM32\NTASN1.dll
0x00007ffaa2590000 - 0x00007ffaa259b000 	C:\Windows\System32\rasadhlp.dll
0x00007ffaa3850000 - 0x00007ffaa38d6000 	C:\WINDOWS\System32\fwpuclnt.dll
0x00007ffa8ec10000 - 0x00007ffa8ec19000 	C:\Users\PC\.vscode\extensions\redhat.java-1.35.1-win32-x64\jre\17.0.12-win32-x86_64\bin\extnet.dll
0x00007ffab0b90000 - 0x00007ffab0bc5000 	C:\WINDOWS\SYSTEM32\ntmarta.dll

dbghelp: loaded successfully - version: 4.0.5 - missing functions: none
symbol engine: initialized successfully - sym options: 0x614 - pdb path: .;c:\Users\PC\.vscode\extensions\redhat.java-1.35.1-win32-x64\jre\17.0.12-win32-x86_64\bin;C:\WINDOWS\SYSTEM32;C:\WINDOWS\WinSxS\amd64_microsoft.windows.common-controls_6595b64144ccf1df_6.0.26100.1882_none_3e0e949ae32eca40;c:\Users\PC\.vscode\extensions\redhat.java-1.35.1-win32-x64\jre\17.0.12-win32-x86_64\bin\server;C:\Users\PC\AppData\Roaming\Code\User\globalStorage\redhat.java\1.35.1\config_win\org.eclipse.equinox.launcher\org.eclipse.equinox.launcher.win32.win32.x86_64_1.2.1100.v20240722-2106;C:\Users\PC\AppData\Local\Temp\jna-2547;\\?\C:\WINDOWS\system32

VM Arguments:
jvm_args: --add-modules=ALL-SYSTEM --add-opens=java.base/java.util=ALL-UNNAMED --add-opens=java.base/java.lang=ALL-UNNAMED --add-opens=java.base/sun.nio.fs=ALL-UNNAMED -Declipse.application=org.eclipse.jdt.ls.core.id1 -Dosgi.bundles.defaultStartLevel=4 -Declipse.product=org.eclipse.jdt.ls.core.product -Djava.import.generatesMetadataFilesAtProjectRoot=false -DDetectVMInstallationsJob.disabled=true -Dfile.encoding=utf8 -XX:+UseParallelGC -XX:GCTimeRatio=4 -XX:AdaptiveSizePolicyWeight=90 -Dsun.zip.disableMemoryMapping=true -Xmx1G -Xms100m -Xlog:disable -javaagent:c:\Users\PC\.vscode\extensions\redhat.java-1.35.1-win32-x64\lombok\lombok-1.18.33.jar -XX:+HeapDumpOnOutOfMemoryError -XX:HeapDumpPath=c:\Users\PC\AppData\Roaming\Code\User\workspaceStorage\a62762605cb7f6e2f88296b2dcde094d\redhat.java -Daether.dependencyCollector.impl=bf 
java_command: c:\Users\PC\.vscode\extensions\redhat.java-1.35.1-win32-x64\server\plugins\org.eclipse.equinox.launcher_1.6.900.v20240613-2009.jar -configuration c:\Users\PC\AppData\Roaming\Code\User\globalStorage\redhat.java\1.35.1\config_win -data c:\Users\PC\AppData\Roaming\Code\User\workspaceStorage\a62762605cb7f6e2f88296b2dcde094d\redhat.java\jdt_ws --pipe=\\.\pipe\lsp-9fcdfdf39a06ff360d2789e3e84cb7a3-sock
java_class_path (initial): c:\Users\PC\.vscode\extensions\redhat.java-1.35.1-win32-x64\server\plugins\org.eclipse.equinox.launcher_1.6.900.v20240613-2009.jar
Launcher Type: SUN_STANDARD

[Global flags]
    uintx AdaptiveSizePolicyWeight                 = 90                                        {product} {command line}
     intx CICompilerCount                          = 12                                        {product} {ergonomic}
    uintx GCTimeRatio                              = 4                                         {product} {command line}
     bool HeapDumpOnOutOfMemoryError               = true                                   {manageable} {command line}
    ccstr HeapDumpPath                             = c:\Users\PC\AppData\Roaming\Code\User\workspaceStorage\a62762605cb7f6e2f88296b2dcde094d\redhat.java         {manageable} {command line}
   size_t InitialHeapSize                          = 104857600                                 {product} {command line}
   size_t MaxHeapSize                              = 1073741824                                {product} {command line}
   size_t MaxNewSize                               = 357564416                                 {product} {ergonomic}
   size_t MinHeapDeltaBytes                        = 524288                                    {product} {ergonomic}
   size_t MinHeapSize                              = 104857600                                 {product} {command line}
   size_t NewSize                                  = 34603008                                  {product} {ergonomic}
    uintx NonNMethodCodeHeapSize                   = 7602480                                {pd product} {ergonomic}
    uintx NonProfiledCodeHeapSize                  = 122027880                              {pd product} {ergonomic}
   size_t OldSize                                  = 70254592                                  {product} {ergonomic}
    uintx ProfiledCodeHeapSize                     = 122027880                              {pd product} {ergonomic}
    uintx ReservedCodeCacheSize                    = 251658240                              {pd product} {ergonomic}
     bool SegmentedCodeCache                       = true                                      {product} {ergonomic}
   size_t SoftMaxHeapSize                          = 1073741824                             {manageable} {ergonomic}
     bool UseCompressedClassPointers               = true                           {product lp64_product} {ergonomic}
     bool UseCompressedOops                        = true                           {product lp64_product} {ergonomic}
     bool UseLargePagesIndividualAllocation        = false                                  {pd product} {ergonomic}
     bool UseParallelGC                            = true                                      {product} {command line}

Logging:
Log output configuration:
 #0: stdout all=off uptime,level,tags
 #1: stderr all=off uptime,level,tags

Environment Variables:
JAVA_HOME=C:\Program Files\Java\jdk-22\
PATH=C:\Python\Scripts\;C:\Python\;C:\sqlite3\;C:\Program Files\Java\jdk-22\bin;C:\Program Files\Common Files\Oracle\Java\javapath;C:\Program Files (x86)\VMware\VMware Workstation\bin\;C:\Windows\system32;C:\Windows;C:\Windows\System32\Wbem;C:\Windows\System32\WindowsPowerShell\v1.0\;C:\Windows\System32\OpenSSH\;C:\WINDOWS\system32;C:\WINDOWS;C:\WINDOWS\System32\Wbem;C:\WINDOWS\System32\WindowsPowerShell\v1.0\;C:\WINDOWS\System32\OpenSSH\;C:\Program Files\Microsoft SQL Server\150\Tools\Binn\;C:\Program Files\Microsoft VS Code\bin;C:\Program Files\dotnet\;C:\WINDOWS\system32;C:\WINDOWS;C:\WINDOWS\System32\Wbem;C:\WINDOWS\System32\WindowsPowerShell\v1.0\;C:\WINDOWS\System32\OpenSSH\;C:\Program Files (x86)\NVIDIA Corporation\PhysX\Common;C:\Program Files\nodejs\;C:\Program Files (x86)\Windows Kits\10\Windows Performance Toolkit\;C:\Program Files\Microsoft SQL Server\Client SDK\ODBC\170\Tools\Binn\;C:\Program Files\Git\cmd;C:\xampp\php;C:\Users\PC\.cargo\bin;C:\Program Files\MySQL\MySQL Shell 8.4\bin\;C:\Program Files\MySQL\MySQL Shell 8.2\bin\;C:\Program Files\MySQL\MySQL Shell 8.0\bin\;C:\Users\PC\AppData\Local\Microsoft\WindowsApps;C:\Users\PC\.dotnet\tools;C:\Users\PC\AppData\Local\GitHubDesktop\bin;C:\Users\PC\Desktop\Flutter\flutter\bin;C:\flutter\bin;C:\Program Files (x86)\Nmap;C:\Program Files\heroku\bin;C:\Program Files\Microsoft\jdk-21.0.3.9-hotspot\bin;;C:\Program Files\JetBrains\PyCharm 2024.1.6\bin;;C:\Program Files\JetBrains\PyCharm Community Edition 2024.1.6\bin;;C:\Users\PC\AppData\Roaming\npm;C:\Program Files\mitmproxy\bin
USERNAME=PC
OS=Windows_NT
PROCESSOR_IDENTIFIER=AMD64 Family 25 Model 80 Stepping 0, AuthenticAMD
TMP=C:\Users\PC\AppData\Local\Temp
TEMP=C:\Users\PC\AppData\Local\Temp



Periodic native trim disabled


---------------  S Y S T E M  ---------------

OS:
 Windows 11 , 64 bit Build 26100 (10.0.26100.1882)
OS uptime: 0 days 7:53 hours
Hyper-V role detected

CPU: total 16 (initial active 16) (16 cores per cpu, 2 threads per core) family 25 model 80 stepping 0 microcode 0xa50000f, cx8, cmov, fxsr, ht, mmx, 3dnowpref, sse, sse2, sse3, ssse3, sse4a, sse4.1, sse4.2, popcnt, lzcnt, tsc, tscinvbit, avx, avx2, aes, erms, clmul, bmi1, bmi2, adx, sha, fma, vzeroupper, clflush, clflushopt, hv
Processor Information for all 16 processors :
  Max Mhz: 3201, Current Mhz: 3201, Mhz Limit: 3201

Memory: 4k page, system-wide physical 16236M (3516M free)
TotalPageFile size 21236M (AvailPageFile size 5M)
current process WorkingSet (physical memory assigned to process): 399M, peak: 998M
current process commit charge ("private bytes"): 693M, peak: 936M

vm_info: OpenJDK 64-Bit Server VM (17.0.12+7) for windows-amd64 JRE (17.0.12+7), built on Jul 16 2024 22:08:24 by "admin" with MS VC++ 16.10 / 16.11 (VS2019)

END.
