#
# There is insufficient memory for the Java Runtime Environment to continue.
# Native memory allocation (malloc) failed to allocate 1911024 bytes. Error detail: Chunk::new
# Possible reasons:
#   The system is out of physical RAM or swap space
#   This process is running with CompressedOops enabled, and the Java Heap may be blocking the growth of the native heap
# Possible solutions:
#   Reduce memory load on the system
#   Increase physical memory or swap space
#   Check if swap backing store is full
#   Decrease Java heap size (-Xmx/-Xms)
#   Decrease number of Java threads
#   Decrease Java thread stack sizes (-Xss)
#   Set larger code cache with -XX:ReservedCodeCacheSize=
#   JVM is running with Unscaled Compressed Oops mode in which the Java heap is
#     placed in the first 4GB address space. The Java Heap base address is the
#     maximum limit for the native heap growth. Please use -XX:HeapBaseMinAddress
#     to set the Java Heap base and to place the Java Heap above 4GB virtual address.
# This output file may be truncated or incomplete.
#
#  Out of Memory Error (arena.cpp:191), pid=3712, tid=26272
#
# JRE version: OpenJDK Runtime Environment Temurin-17.0.12+7 (17.0.12+7) (build 17.0.12+7)
# Java VM: OpenJDK 64-Bit Server VM Temurin-17.0.12+7 (17.0.12+7, mixed mode, tiered, compressed oops, compressed class ptrs, parallel gc, windows-amd64)
# No core dump will be written. Minidumps are not enabled by default on client versions of Windows
#

---------------  S U M M A R Y ------------

Command Line: --add-modules=ALL-SYSTEM --add-opens=java.base/java.util=ALL-UNNAMED --add-opens=java.base/java.lang=ALL-UNNAMED --add-opens=java.base/sun.nio.fs=ALL-UNNAMED -Declipse.application=org.eclipse.jdt.ls.core.id1 -Dosgi.bundles.defaultStartLevel=4 -Declipse.product=org.eclipse.jdt.ls.core.product -Djava.import.generatesMetadataFilesAtProjectRoot=false -DDetectVMInstallationsJob.disabled=true -Dfile.encoding=utf8 -XX:+UseParallelGC -XX:GCTimeRatio=4 -XX:AdaptiveSizePolicyWeight=90 -Dsun.zip.disableMemoryMapping=true -Xmx1G -Xms100m -Xlog:disable -javaagent:c:\Users\PC\.vscode\extensions\redhat.java-1.35.1-win32-x64\lombok\lombok-1.18.33.jar -XX:+HeapDumpOnOutOfMemoryError -XX:HeapDumpPath=c:\Users\PC\AppData\Roaming\Code\User\workspaceStorage\a62762605cb7f6e2f88296b2dcde094d\redhat.java -Daether.dependencyCollector.impl=bf c:\Users\PC\.vscode\extensions\redhat.java-1.35.1-win32-x64\server\plugins\org.eclipse.equinox.launcher_1.6.900.v20240613-2009.jar -configuration c:\Users\PC\AppData\Roaming\Code\User\globalStorage\redhat.java\1.35.1\config_win -data c:\Users\PC\AppData\Roaming\Code\User\workspaceStorage\a62762605cb7f6e2f88296b2dcde094d\redhat.java\jdt_ws --pipe=\\.\pipe\lsp-1e8c52889c68e9a7debc660995e65070-sock

Host: AMD Ryzen 7 5800H with Radeon Graphics         , 16 cores, 15G,  Windows 11 , 64 bit Build 26100 (10.0.26100.2152)
Time: Mon Oct 14 14:50:09 2024 Eastern Daylight Time elapsed time: 4.732502 seconds (0d 0h 0m 4s)

---------------  T H R E A D  ---------------

Current thread (0x00000254f0533af0):  JavaThread "C2 CompilerThread1" daemon [_thread_in_native, id=26272, stack(0x000000b5d5700000,0x000000b5d5800000)]


Current CompileTask:
C2:   4732 4671   !   4       org.eclipse.osgi.internal.loader.classpath.ClasspathManager::findClassImpl (308 bytes)

Stack: [0x000000b5d5700000,0x000000b5d5800000]
Native frames: (J=compiled Java code, j=interpreted, Vv=VM code, C=native code)
V  [jvm.dll+0x67f929]
V  [jvm.dll+0x8371ba]
V  [jvm.dll+0x838c7e]
V  [jvm.dll+0x8392e3]
V  [jvm.dll+0x24834f]
V  [jvm.dll+0xac9d4]
V  [jvm.dll+0xad01c]
V  [jvm.dll+0x3674a7]
V  [jvm.dll+0x1bd562]
V  [jvm.dll+0x21aa09]
V  [jvm.dll+0x219cf1]
V  [jvm.dll+0x1a58bd]
V  [jvm.dll+0x229a2d]
V  [jvm.dll+0x227bdc]
V  [jvm.dll+0x7ec1f7]
V  [jvm.dll+0x7e65dc]
V  [jvm.dll+0x67e7f7]
C  [ucrtbase.dll+0x14ea0]
C  [KERNEL32.DLL+0x2dbe7]
C  [ntdll.dll+0xdfbec]


---------------  P R O C E S S  ---------------

Threads class SMR info:
_java_thread_list=0x00000254f36304e0, length=51, elements={
0x00000254d6b5c860, 0x00000254f031b030, 0x00000254f031ec20, 0x00000254eb1d7b40,
0x00000254eb1d8410, 0x00000254eb1da290, 0x00000254eb1ddf20, 0x00000254f033ebd0,
0x00000254f034c950, 0x00000254f0356e70, 0x00000254f047a000, 0x00000254f0441990,
0x00000254f04eb010, 0x00000254f0533af0, 0x00000254f0534010, 0x00000254f061a6e0,
0x00000254f253bee0, 0x00000254f2d20cc0, 0x00000254f31a4010, 0x00000254f2ee4e90,
0x00000254f2f8c4c0, 0x00000254f3069f60, 0x00000254f2f99c70, 0x00000254f303b9b0,
0x00000254f303c3d0, 0x00000254f303c8e0, 0x00000254f303cdf0, 0x00000254f38cf6f0,
0x00000254f303a060, 0x00000254f303a570, 0x00000254f303aa80, 0x00000254f303af90,
0x00000254f59f6770, 0x00000254f59f5330, 0x00000254f59f6c80, 0x00000254f59f4400,
0x00000254f59f5840, 0x00000254f59f76a0, 0x00000254f59f3ef0, 0x00000254f59f5d50,
0x00000254f59f6260, 0x00000254f59f7190, 0x00000254f59f7bb0, 0x00000254f59f80c0,
0x00000254f59f4910, 0x00000254f59f85d0, 0x00000254f59f4e20, 0x00000254f59f8ae0,
0x00000254f59fae50, 0x00000254f59f9f20, 0x00000254f59fa940
}

Java Threads: ( => current thread )
  0x00000254d6b5c860 JavaThread "main" [_thread_blocked, id=23184, stack(0x000000b5d4800000,0x000000b5d4900000)]
  0x00000254f031b030 JavaThread "Reference Handler" daemon [_thread_blocked, id=14672, stack(0x000000b5d4b00000,0x000000b5d4c00000)]
  0x00000254f031ec20 JavaThread "Finalizer" daemon [_thread_blocked, id=26488, stack(0x000000b5d4c00000,0x000000b5d4d00000)]
  0x00000254eb1d7b40 JavaThread "Signal Dispatcher" daemon [_thread_blocked, id=26276, stack(0x000000b5d4d00000,0x000000b5d4e00000)]
  0x00000254eb1d8410 JavaThread "Attach Listener" daemon [_thread_blocked, id=26312, stack(0x000000b5d4e00000,0x000000b5d4f00000)]
  0x00000254eb1da290 JavaThread "Service Thread" daemon [_thread_blocked, id=19476, stack(0x000000b5d4f00000,0x000000b5d5000000)]
  0x00000254eb1ddf20 JavaThread "Monitor Deflation Thread" daemon [_thread_blocked, id=26240, stack(0x000000b5d5000000,0x000000b5d5100000)]
  0x00000254f033ebd0 JavaThread "C2 CompilerThread0" daemon [_thread_in_native, id=14784, stack(0x000000b5d5100000,0x000000b5d5200000)]
  0x00000254f034c950 JavaThread "C1 CompilerThread0" daemon [_thread_blocked, id=25676, stack(0x000000b5d5200000,0x000000b5d5300000)]
  0x00000254f0356e70 JavaThread "Sweeper thread" daemon [_thread_blocked, id=22064, stack(0x000000b5d5300000,0x000000b5d5400000)]
  0x00000254f047a000 JavaThread "Common-Cleaner" daemon [_thread_blocked, id=3292, stack(0x000000b5d5400000,0x000000b5d5500000)]
  0x00000254f0441990 JavaThread "C1 CompilerThread1" daemon [_thread_blocked, id=864, stack(0x000000b5d5500000,0x000000b5d5600000)]
  0x00000254f04eb010 JavaThread "C1 CompilerThread2" daemon [_thread_blocked, id=13412, stack(0x000000b5d5600000,0x000000b5d5700000)]
=>0x00000254f0533af0 JavaThread "C2 CompilerThread1" daemon [_thread_in_native, id=26272, stack(0x000000b5d5700000,0x000000b5d5800000)]
  0x00000254f0534010 JavaThread "C2 CompilerThread2" daemon [_thread_blocked, id=18852, stack(0x000000b5d5800000,0x000000b5d5900000)]
  0x00000254f061a6e0 JavaThread "C1 CompilerThread3" daemon [_thread_blocked, id=19744, stack(0x000000b5d5900000,0x000000b5d5a00000)]
  0x00000254f253bee0 JavaThread "Notification Thread" daemon [_thread_blocked, id=2708, stack(0x000000b5d5a00000,0x000000b5d5b00000)]
  0x00000254f2d20cc0 JavaThread "Active Thread: Equinox Container: ba73a660-c58b-4532-ad92-0e0da233f034" [_thread_blocked, id=4556, stack(0x000000b5d6200000,0x000000b5d6300000)]
  0x00000254f31a4010 JavaThread "Framework Event Dispatcher: Equinox Container: ba73a660-c58b-4532-ad92-0e0da233f034" daemon [_thread_blocked, id=5728, stack(0x000000b5d6300000,0x000000b5d6400000)]
  0x00000254f2ee4e90 JavaThread "Start Level: Equinox Container: ba73a660-c58b-4532-ad92-0e0da233f034" daemon [_thread_blocked, id=19924, stack(0x000000b5d6400000,0x000000b5d6500000)]
  0x00000254f2f8c4c0 JavaThread "Bundle File Closer" daemon [_thread_blocked, id=11636, stack(0x000000b5d6700000,0x000000b5d6800000)]
  0x00000254f3069f60 JavaThread "SCR Component Actor" daemon [_thread_blocked, id=26484, stack(0x000000b5d6900000,0x000000b5d6a00000)]
  0x00000254f2f99c70 JavaThread "SCR Component Registry" daemon [_thread_blocked, id=19560, stack(0x000000b5d6a00000,0x000000b5d6b00000)]
  0x00000254f303b9b0 JavaThread "Worker-JM" [_thread_blocked, id=19540, stack(0x000000b5d6d00000,0x000000b5d6e00000)]
  0x00000254f303c3d0 JavaThread "JNA Cleaner" daemon [_thread_blocked, id=2068, stack(0x000000b5d6e00000,0x000000b5d6f00000)]
  0x00000254f303c8e0 JavaThread "Worker-0: Repository registry initialization" [_thread_in_Java, id=25908, stack(0x000000b5d6f00000,0x000000b5d7000000)]
  0x00000254f303cdf0 JavaThread "Worker-1: Loading available Gradle versions" [_thread_in_native, id=22568, stack(0x000000b5d7000000,0x000000b5d7100000)]
  0x00000254f38cf6f0 JavaThread "C2 CompilerThread3" daemon [_thread_in_native, id=26584, stack(0x000000b5d7200000,0x000000b5d7300000)]
  0x00000254f303a060 JavaThread "Java indexing" daemon [_thread_blocked, id=20948, stack(0x000000b5d7400000,0x000000b5d7500000)]
  0x00000254f303a570 JavaThread "Thread-2" daemon [_thread_in_native, id=25636, stack(0x000000b5d7700000,0x000000b5d7800000)]
  0x00000254f303aa80 JavaThread "Thread-3" daemon [_thread_in_native, id=26260, stack(0x000000b5d7800000,0x000000b5d7900000)]
  0x00000254f303af90 JavaThread "Thread-4" daemon [_thread_in_native, id=10664, stack(0x000000b5d7900000,0x000000b5d7a00000)]
  0x00000254f59f6770 JavaThread "Thread-5" daemon [_thread_in_native, id=26360, stack(0x000000b5d7a00000,0x000000b5d7b00000)]
  0x00000254f59f5330 JavaThread "Thread-6" daemon [_thread_in_native, id=15976, stack(0x000000b5d7b00000,0x000000b5d7c00000)]
  0x00000254f59f6c80 JavaThread "Thread-7" daemon [_thread_in_native, id=3528, stack(0x000000b5d7c00000,0x000000b5d7d00000)]
  0x00000254f59f4400 JavaThread "Thread-8" daemon [_thread_in_native, id=21452, stack(0x000000b5d7d00000,0x000000b5d7e00000)]
  0x00000254f59f5840 JavaThread "Thread-9" daemon [_thread_in_native, id=19784, stack(0x000000b5d7e00000,0x000000b5d7f00000)]
  0x00000254f59f76a0 JavaThread "Thread-10" daemon [_thread_in_native, id=26496, stack(0x000000b5d7f00000,0x000000b5d8000000)]
  0x00000254f59f3ef0 JavaThread "Thread-11" daemon [_thread_in_native, id=18232, stack(0x000000b5d8000000,0x000000b5d8100000)]
  0x00000254f59f5d50 JavaThread "Thread-12" daemon [_thread_in_native, id=12960, stack(0x000000b5d8100000,0x000000b5d8200000)]
  0x00000254f59f6260 JavaThread "Thread-13" daemon [_thread_in_native, id=26520, stack(0x000000b5d8200000,0x000000b5d8300000)]
  0x00000254f59f7190 JavaThread "Thread-14" daemon [_thread_in_native, id=26288, stack(0x000000b5d8300000,0x000000b5d8400000)]
  0x00000254f59f7bb0 JavaThread "Thread-15" daemon [_thread_in_native, id=26224, stack(0x000000b5d8400000,0x000000b5d8500000)]
  0x00000254f59f80c0 JavaThread "Thread-16" daemon [_thread_in_native, id=3244, stack(0x000000b5d8500000,0x000000b5d8600000)]
  0x00000254f59f4910 JavaThread "Thread-17" daemon [_thread_in_native, id=26596, stack(0x000000b5d8600000,0x000000b5d8700000)]
  0x00000254f59f85d0 JavaThread "Thread-18" daemon [_thread_in_native, id=3992, stack(0x000000b5d8700000,0x000000b5d8800000)]
  0x00000254f59f4e20 JavaThread "pool-2-thread-1" [_thread_blocked, id=16916, stack(0x000000b5d8800000,0x000000b5d8900000)]
  0x00000254f59f8ae0 JavaThread "WorkspaceEventsHandler" [_thread_blocked, id=7448, stack(0x000000b5d8900000,0x000000b5d8a00000)]
  0x00000254f59fae50 JavaThread "pool-1-thread-1" [_thread_in_vm, id=20548, stack(0x000000b5d8a00000,0x000000b5d8b00000)]
  0x00000254f59f9f20 JavaThread "Worker-2" [_thread_blocked, id=2740, stack(0x000000b5d8e00000,0x000000b5d8f00000)]
  0x00000254f59fa940 JavaThread "Worker-3" [_thread_blocked, id=11724, stack(0x000000b5d8f00000,0x000000b5d9000000)]

Other Threads:
  0x00000254d6bfec80 VMThread "VM Thread" [stack: 0x000000b5d4a00000,0x000000b5d4b00000] [id=26356]
  0x00000254f24a12b0 WatcherThread [stack: 0x000000b5d5b00000,0x000000b5d5c00000] [id=15944]
  0x00000254d6b70620 GCTaskThread "GC Thread#0" [stack: 0x000000b5d4900000,0x000000b5d4a00000] [id=25708]
  0x00000254f27296d0 GCTaskThread "GC Thread#1" [stack: 0x000000b5d5c00000,0x000000b5d5d00000] [id=26204]
  0x00000254f2729990 GCTaskThread "GC Thread#2" [stack: 0x000000b5d5d00000,0x000000b5d5e00000] [id=7060]
  0x00000254f28355c0 GCTaskThread "GC Thread#3" [stack: 0x000000b5d5e00000,0x000000b5d5f00000] [id=18880]
  0x00000254f2835880 GCTaskThread "GC Thread#4" [stack: 0x000000b5d5f00000,0x000000b5d6000000] [id=25728]
  0x00000254f2e7ed40 GCTaskThread "GC Thread#5" [stack: 0x000000b5d6000000,0x000000b5d6100000] [id=6128]
  0x00000254f2e06560 GCTaskThread "GC Thread#6" [stack: 0x000000b5d6500000,0x000000b5d6600000] [id=25672]
  0x00000254f2f27d20 GCTaskThread "GC Thread#7" [stack: 0x000000b5d6600000,0x000000b5d6700000] [id=25640]
  0x00000254f3246850 GCTaskThread "GC Thread#8" [stack: 0x000000b5d6800000,0x000000b5d6900000] [id=26532]
  0x00000254f35909c0 GCTaskThread "GC Thread#9" [stack: 0x000000b5d6100000,0x000000b5d6200000] [id=20656]
  0x00000254f3590700 GCTaskThread "GC Thread#10" [stack: 0x000000b5d6b00000,0x000000b5d6c00000] [id=25608]
  0x00000254f3591fc0 GCTaskThread "GC Thread#11" [stack: 0x000000b5d6c00000,0x000000b5d6d00000] [id=13332]
  0x00000254f3591200 GCTaskThread "GC Thread#12" [stack: 0x000000b5d7100000,0x000000b5d7200000] [id=25632]

Threads with active compile tasks:
C2 CompilerThread0     4752 4752   !   4       org.eclipse.osgi.internal.loader.classpath.ClasspathManager::findLocalClass (210 bytes)
C2 CompilerThread1     4752 4671   !   4       org.eclipse.osgi.internal.loader.classpath.ClasspathManager::findClassImpl (308 bytes)
C2 CompilerThread3     4753 4975   !   4       org.eclipse.jdt.ls.core.internal.LogReader$LogEntry::processEntry (219 bytes)

VM state: not at safepoint (normal execution)

VM Mutex/Monitor currently owned by a thread:  ([mutex/lock_event])
[0x00000254d6b58170] Metaspace_lock - owner thread: 0x0000000000000000

Heap address: 0x00000000c0000000, size: 1024 MB, Compressed Oops mode: 32-bit

CDS archive(s) not mapped
Compressed class space mapped at: 0x0000000100000000-0x0000000140000000, reserved size: 1073741824
Narrow klass base: 0x0000000000000000, Narrow klass shift: 3, Narrow klass range: 0x140000000

GC Precious Log:
 CPUs: 16 total, 16 available
 Memory: 16236M
 Large Page Support: Disabled
 NUMA Support: Disabled
 Compressed Oops: Enabled (32-bit)
 Alignments: Space 512K, Generation 512K, Heap 2M
 Heap Min Capacity: 100M
 Heap Initial Capacity: 100M
 Heap Max Capacity: 1G
 Pre-touch: Disabled
 Parallel Workers: 13

Heap:
 PSYoungGen      total 23552K, used 6365K [0x00000000eab00000, 0x00000000ec480000, 0x0000000100000000)
  eden space 22016K, 23% used [0x00000000eab00000,0x00000000eb00df08,0x00000000ec080000)
  from space 1536K, 77% used [0x00000000ec300000,0x00000000ec4295a0,0x00000000ec480000)
  to   space 1536K, 0% used [0x00000000ec180000,0x00000000ec180000,0x00000000ec300000)
 ParOldGen       total 68608K, used 17206K [0x00000000c0000000, 0x00000000c4300000, 0x00000000eab00000)
  object space 68608K, 25% used [0x00000000c0000000,0x00000000c10cda10,0x00000000c4300000)
 Metaspace       used 42916K, committed 43904K, reserved 1114112K
  class space    used 4375K, committed 4800K, reserved 1048576K

Card table byte_map: [0x00000254e8a70000,0x00000254e8c80000] _byte_map_base: 0x00000254e8470000

Marking Bits: (ParMarkBitMap*) 0x00007ff80fcf58b0
 Begin Bits: [0x00000254e8de0000, 0x00000254e9de0000)
 End Bits:   [0x00000254e9de0000, 0x00000254eade0000)

Polling page: 0x00000254d6c00000

Metaspace:

Usage:
  Non-class:     37.64 MB used.
      Class:      4.27 MB used.
       Both:     41.91 MB used.

Virtual space:
  Non-class space:       64.00 MB reserved,      38.19 MB ( 60%) committed,  1 nodes.
      Class space:        1.00 GB reserved,       4.69 MB ( <1%) committed,  1 nodes.
             Both:        1.06 GB reserved,      42.88 MB (  4%) committed. 

Chunk freelists:
   Non-Class:  9.67 MB
       Class:  11.36 MB
        Both:  21.03 MB

MaxMetaspaceSize: unlimited
CompressedClassSpaceSize: 1.00 GB
Initial GC threshold: 21.00 MB
Current GC threshold: 58.38 MB
CDS: off
MetaspaceReclaimPolicy: balanced
 - commit_granule_bytes: 65536.
 - commit_granule_words: 8192.
 - virtual_space_node_default_size: 8388608.
 - enlarge_chunks_in_place: 1.
 - new_chunks_are_fully_committed: 0.
 - uncommit_free_chunks: 1.
 - use_allocation_guard: 0.
 - handle_deallocations: 1.


Internal statistics:

num_allocs_failed_limit: 6.
num_arena_births: 646.
num_arena_deaths: 14.
num_vsnodes_births: 2.
num_vsnodes_deaths: 0.
num_space_committed: 686.
num_space_uncommitted: 0.
num_chunks_returned_to_freelist: 20.
num_chunks_taken_from_freelist: 2109.
num_chunk_merges: 11.
num_chunk_splits: 1341.
num_chunks_enlarged: 811.
num_inconsistent_stats: 0.

CodeHeap 'non-profiled nmethods': size=119168Kb used=2491Kb max_used=2491Kb free=116676Kb
 bounds [0x00000254e1430000, 0x00000254e16a0000, 0x00000254e8890000]
CodeHeap 'profiled nmethods': size=119104Kb used=11184Kb max_used=11184Kb free=107919Kb
 bounds [0x00000254d9890000, 0x00000254da380000, 0x00000254e0ce0000]
CodeHeap 'non-nmethods': size=7488Kb used=2990Kb max_used=3022Kb free=4497Kb
 bounds [0x00000254e0ce0000, 0x00000254e0fe0000, 0x00000254e1430000]
 total_blobs=5766 nmethods=5137 adapters=540
 compilation: enabled
              stopped_count=0, restarted_count=0
 full_count=0

Compilation events (20 events):
Event: 3.715 Thread 0x00000254f061a6e0 5112       1       sun.security.util.KnownOIDs::aliases (5 bytes)
Event: 3.716 Thread 0x00000254f38cfc10 5113       4       java.util.Collections::emptyMap (4 bytes)
Event: 3.716 Thread 0x00000254f034c950 5116   !   3       java.security.Provider::putService (256 bytes)
Event: 3.716 Thread 0x00000254f0441990 nmethod 5111 0x00000254da361590 code [0x00000254da361740, 0x00000254da361888]
Event: 3.716 Thread 0x00000254f061a6e0 nmethod 5112 0x00000254e169c110 code [0x00000254e169c2a0, 0x00000254e169c378]
Event: 3.716 Thread 0x00000254f0441990 5119       3       java.security.Provider::putPropertyStrings (213 bytes)
Event: 3.716 Thread 0x00000254f061a6e0 5114       3       java.security.Provider$Service::<init> (200 bytes)
Event: 3.716 Thread 0x00000254f04eb010 nmethod 5110 0x00000254da361990 code [0x00000254da361b60, 0x00000254da361f18]
Event: 3.716 Thread 0x00000254f04eb010 5115       3       java.security.Provider::getEngineName (49 bytes)
Event: 3.718 Thread 0x00000254f04eb010 nmethod 5115 0x00000254da362090 code [0x00000254da3622c0, 0x00000254da362b38]
Event: 3.718 Thread 0x00000254f38cfc10 nmethod 5113 0x00000254e169c410 code [0x00000254e169c580, 0x00000254e169c5d8]
Event: 3.718 Thread 0x00000254f04eb010 5117       3       java.security.Provider::check (18 bytes)
Event: 3.719 Thread 0x00000254f061a6e0 nmethod 5114 0x00000254da362d90 code [0x00000254da3630c0, 0x00000254da364788]
Event: 3.719 Thread 0x00000254f061a6e0 5121       3       org.apache.aries.spifly.BaseActivator::getAllHeaders (189 bytes)
Event: 3.720 Thread 0x00000254f034c950 nmethod 5116 0x00000254da364e90 code [0x00000254da365260, 0x00000254da366c98]
Event: 3.720 Thread 0x00000254f034c950 5118   !   3       java.security.Provider::implRemoveService (180 bytes)
Event: 3.720 Thread 0x00000254f04eb010 nmethod 5117 0x00000254da36ad90 code [0x00000254da36afc0, 0x00000254da36b7a8]
Event: 3.720 Thread 0x00000254f04eb010 5122       3       java.util.Calendar::isFieldSet (14 bytes)
Event: 3.721 Thread 0x00000254f0441990 nmethod 5119 0x00000254da367610 code [0x00000254da367b20, 0x00000254da36a0b8]
Event: 3.721 Thread 0x00000254f0441990 5120   !   3       org.apache.aries.spifly.ConsumerBundleTrackerCustomizer::addingBundle (27 bytes)

GC Heap History (20 events):
Event: 2.122 GC heap before
{Heap before GC invocations=7 (full 1):
 PSYoungGen      total 29696K, used 25600K [0x00000000eab00000, 0x00000000ece00000, 0x0000000100000000)
  eden space 25600K, 100% used [0x00000000eab00000,0x00000000ec400000,0x00000000ec400000)
  from space 4096K, 0% used [0x00000000ec400000,0x00000000ec400000,0x00000000ec800000)
  to   space 5120K, 0% used [0x00000000ec900000,0x00000000ec900000,0x00000000ece00000)
 ParOldGen       total 68608K, used 10665K [0x00000000c0000000, 0x00000000c4300000, 0x00000000eab00000)
  object space 68608K, 15% used [0x00000000c0000000,0x00000000c0a6a6a0,0x00000000c4300000)
 Metaspace       used 24882K, committed 25472K, reserved 1114112K
  class space    used 2512K, committed 2752K, reserved 1048576K
}
Event: 2.124 GC heap after
{Heap after GC invocations=7 (full 1):
 PSYoungGen      total 26624K, used 1155K [0x00000000eab00000, 0x00000000eca80000, 0x0000000100000000)
  eden space 25088K, 0% used [0x00000000eab00000,0x00000000eab00000,0x00000000ec380000)
  from space 1536K, 75% used [0x00000000ec900000,0x00000000eca20e70,0x00000000eca80000)
  to   space 2560K, 0% used [0x00000000ec580000,0x00000000ec580000,0x00000000ec800000)
 ParOldGen       total 68608K, used 10673K [0x00000000c0000000, 0x00000000c4300000, 0x00000000eab00000)
  object space 68608K, 15% used [0x00000000c0000000,0x00000000c0a6c6a0,0x00000000c4300000)
 Metaspace       used 24882K, committed 25472K, reserved 1114112K
  class space    used 2512K, committed 2752K, reserved 1048576K
}
Event: 2.387 GC heap before
{Heap before GC invocations=8 (full 1):
 PSYoungGen      total 26624K, used 26243K [0x00000000eab00000, 0x00000000eca80000, 0x0000000100000000)
  eden space 25088K, 100% used [0x00000000eab00000,0x00000000ec380000,0x00000000ec380000)
  from space 1536K, 75% used [0x00000000ec900000,0x00000000eca20e70,0x00000000eca80000)
  to   space 2560K, 0% used [0x00000000ec580000,0x00000000ec580000,0x00000000ec800000)
 ParOldGen       total 68608K, used 10673K [0x00000000c0000000, 0x00000000c4300000, 0x00000000eab00000)
  object space 68608K, 15% used [0x00000000c0000000,0x00000000c0a6c6a0,0x00000000c4300000)
 Metaspace       used 27552K, committed 28224K, reserved 1114112K
  class space    used 2833K, committed 3136K, reserved 1048576K
}
Event: 2.389 GC heap after
{Heap after GC invocations=8 (full 1):
 PSYoungGen      total 27136K, used 2554K [0x00000000eab00000, 0x00000000eca00000, 0x0000000100000000)
  eden space 24576K, 0% used [0x00000000eab00000,0x00000000eab00000,0x00000000ec300000)
  from space 2560K, 99% used [0x00000000ec580000,0x00000000ec7fe9d0,0x00000000ec800000)
  to   space 2048K, 0% used [0x00000000ec800000,0x00000000ec800000,0x00000000eca00000)
 ParOldGen       total 68608K, used 10905K [0x00000000c0000000, 0x00000000c4300000, 0x00000000eab00000)
  object space 68608K, 15% used [0x00000000c0000000,0x00000000c0aa66b0,0x00000000c4300000)
 Metaspace       used 27552K, committed 28224K, reserved 1114112K
  class space    used 2833K, committed 3136K, reserved 1048576K
}
Event: 2.563 GC heap before
{Heap before GC invocations=9 (full 1):
 PSYoungGen      total 27136K, used 27130K [0x00000000eab00000, 0x00000000eca00000, 0x0000000100000000)
  eden space 24576K, 100% used [0x00000000eab00000,0x00000000ec300000,0x00000000ec300000)
  from space 2560K, 99% used [0x00000000ec580000,0x00000000ec7fe9d0,0x00000000ec800000)
  to   space 2048K, 0% used [0x00000000ec800000,0x00000000ec800000,0x00000000eca00000)
 ParOldGen       total 68608K, used 10905K [0x00000000c0000000, 0x00000000c4300000, 0x00000000eab00000)
  object space 68608K, 15% used [0x00000000c0000000,0x00000000c0aa66b0,0x00000000c4300000)
 Metaspace       used 29542K, committed 30336K, reserved 1114112K
  class space    used 3014K, committed 3392K, reserved 1048576K
}
Event: 2.565 GC heap after
{Heap after GC invocations=9 (full 1):
 PSYoungGen      total 25600K, used 2047K [0x00000000eab00000, 0x00000000ece80000, 0x0000000100000000)
  eden space 23552K, 0% used [0x00000000eab00000,0x00000000eab00000,0x00000000ec200000)
  from space 2048K, 99% used [0x00000000ec800000,0x00000000ec9ffcd8,0x00000000eca00000)
  to   space 6144K, 0% used [0x00000000ec200000,0x00000000ec200000,0x00000000ec800000)
 ParOldGen       total 68608K, used 14060K [0x00000000c0000000, 0x00000000c4300000, 0x00000000eab00000)
  object space 68608K, 20% used [0x00000000c0000000,0x00000000c0dbb3e8,0x00000000c4300000)
 Metaspace       used 29542K, committed 30336K, reserved 1114112K
  class space    used 3014K, committed 3392K, reserved 1048576K
}
Event: 2.724 GC heap before
{Heap before GC invocations=10 (full 1):
 PSYoungGen      total 25600K, used 25599K [0x00000000eab00000, 0x00000000ece80000, 0x0000000100000000)
  eden space 23552K, 100% used [0x00000000eab00000,0x00000000ec200000,0x00000000ec200000)
  from space 2048K, 99% used [0x00000000ec800000,0x00000000ec9ffcd8,0x00000000eca00000)
  to   space 6144K, 0% used [0x00000000ec200000,0x00000000ec200000,0x00000000ec800000)
 ParOldGen       total 68608K, used 14060K [0x00000000c0000000, 0x00000000c4300000, 0x00000000eab00000)
  object space 68608K, 20% used [0x00000000c0000000,0x00000000c0dbb3e8,0x00000000c4300000)
 Metaspace       used 33215K, committed 34048K, reserved 1114112K
  class space    used 3281K, committed 3648K, reserved 1048576K
}
Event: 2.725 GC heap after
{Heap after GC invocations=10 (full 1):
 PSYoungGen      total 25088K, used 1905K [0x00000000eab00000, 0x00000000ec880000, 0x0000000100000000)
  eden space 23040K, 0% used [0x00000000eab00000,0x00000000eab00000,0x00000000ec180000)
  from space 2048K, 93% used [0x00000000ec200000,0x00000000ec3dc4d0,0x00000000ec400000)
  to   space 3584K, 0% used [0x00000000ec500000,0x00000000ec500000,0x00000000ec880000)
 ParOldGen       total 68608K, used 14492K [0x00000000c0000000, 0x00000000c4300000, 0x00000000eab00000)
  object space 68608K, 21% used [0x00000000c0000000,0x00000000c0e27100,0x00000000c4300000)
 Metaspace       used 33215K, committed 34048K, reserved 1114112K
  class space    used 3281K, committed 3648K, reserved 1048576K
}
Event: 2.869 GC heap before
{Heap before GC invocations=11 (full 1):
 PSYoungGen      total 25088K, used 24945K [0x00000000eab00000, 0x00000000ec880000, 0x0000000100000000)
  eden space 23040K, 100% used [0x00000000eab00000,0x00000000ec180000,0x00000000ec180000)
  from space 2048K, 93% used [0x00000000ec200000,0x00000000ec3dc4d0,0x00000000ec400000)
  to   space 3584K, 0% used [0x00000000ec500000,0x00000000ec500000,0x00000000ec880000)
 ParOldGen       total 68608K, used 14492K [0x00000000c0000000, 0x00000000c4300000, 0x00000000eab00000)
  object space 68608K, 21% used [0x00000000c0000000,0x00000000c0e27100,0x00000000c4300000)
 Metaspace       used 34872K, committed 35648K, reserved 1114112K
  class space    used 3409K, committed 3712K, reserved 1048576K
}
Event: 2.870 GC heap after
{Heap after GC invocations=11 (full 1):
 PSYoungGen      total 25600K, used 2710K [0x00000000eab00000, 0x00000000ec800000, 0x0000000100000000)
  eden space 22528K, 0% used [0x00000000eab00000,0x00000000eab00000,0x00000000ec100000)
  from space 3072K, 88% used [0x00000000ec500000,0x00000000ec7a58b8,0x00000000ec800000)
  to   space 3072K, 0% used [0x00000000ec200000,0x00000000ec200000,0x00000000ec500000)
 ParOldGen       total 68608K, used 15668K [0x00000000c0000000, 0x00000000c4300000, 0x00000000eab00000)
  object space 68608K, 22% used [0x00000000c0000000,0x00000000c0f4d300,0x00000000c4300000)
 Metaspace       used 34872K, committed 35648K, reserved 1114112K
  class space    used 3409K, committed 3712K, reserved 1048576K
}
Event: 2.884 GC heap before
{Heap before GC invocations=12 (full 1):
 PSYoungGen      total 25600K, used 5206K [0x00000000eab00000, 0x00000000ec800000, 0x0000000100000000)
  eden space 22528K, 11% used [0x00000000eab00000,0x00000000ead70258,0x00000000ec100000)
  from space 3072K, 88% used [0x00000000ec500000,0x00000000ec7a58b8,0x00000000ec800000)
  to   space 3072K, 0% used [0x00000000ec200000,0x00000000ec200000,0x00000000ec500000)
 ParOldGen       total 68608K, used 15668K [0x00000000c0000000, 0x00000000c4300000, 0x00000000eab00000)
  object space 68608K, 22% used [0x00000000c0000000,0x00000000c0f4d300,0x00000000c4300000)
 Metaspace       used 35077K, committed 35840K, reserved 1114112K
  class space    used 3429K, committed 3776K, reserved 1048576K
}
Event: 2.886 GC heap after
{Heap after GC invocations=12 (full 1):
 PSYoungGen      total 23552K, used 547K [0x00000000eab00000, 0x00000000ec580000, 0x0000000100000000)
  eden space 22528K, 0% used [0x00000000eab00000,0x00000000eab00000,0x00000000ec100000)
  from space 1024K, 53% used [0x00000000ec200000,0x00000000ec288c10,0x00000000ec300000)
  to   space 1536K, 0% used [0x00000000ec400000,0x00000000ec400000,0x00000000ec580000)
 ParOldGen       total 68608K, used 18225K [0x00000000c0000000, 0x00000000c4300000, 0x00000000eab00000)
  object space 68608K, 26% used [0x00000000c0000000,0x00000000c11cc400,0x00000000c4300000)
 Metaspace       used 35077K, committed 35840K, reserved 1114112K
  class space    used 3429K, committed 3776K, reserved 1048576K
}
Event: 2.886 GC heap before
{Heap before GC invocations=13 (full 2):
 PSYoungGen      total 23552K, used 547K [0x00000000eab00000, 0x00000000ec580000, 0x0000000100000000)
  eden space 22528K, 0% used [0x00000000eab00000,0x00000000eab00000,0x00000000ec100000)
  from space 1024K, 53% used [0x00000000ec200000,0x00000000ec288c10,0x00000000ec300000)
  to   space 1536K, 0% used [0x00000000ec400000,0x00000000ec400000,0x00000000ec580000)
 ParOldGen       total 68608K, used 18225K [0x00000000c0000000, 0x00000000c4300000, 0x00000000eab00000)
  object space 68608K, 26% used [0x00000000c0000000,0x00000000c11cc400,0x00000000c4300000)
 Metaspace       used 35077K, committed 35840K, reserved 1114112K
  class space    used 3429K, committed 3776K, reserved 1048576K
}
Event: 2.904 GC heap after
{Heap after GC invocations=13 (full 2):
 PSYoungGen      total 23552K, used 0K [0x00000000eab00000, 0x00000000ec580000, 0x0000000100000000)
  eden space 22528K, 0% used [0x00000000eab00000,0x00000000eab00000,0x00000000ec100000)
  from space 1024K, 0% used [0x00000000ec200000,0x00000000ec200000,0x00000000ec300000)
  to   space 1536K, 0% used [0x00000000ec400000,0x00000000ec400000,0x00000000ec580000)
 ParOldGen       total 68608K, used 15152K [0x00000000c0000000, 0x00000000c4300000, 0x00000000eab00000)
  object space 68608K, 22% used [0x00000000c0000000,0x00000000c0ecc1c8,0x00000000c4300000)
 Metaspace       used 35063K, committed 35840K, reserved 1114112K
  class space    used 3426K, committed 3776K, reserved 1048576K
}
Event: 3.284 GC heap before
{Heap before GC invocations=14 (full 2):
 PSYoungGen      total 23552K, used 22522K [0x00000000eab00000, 0x00000000ec580000, 0x0000000100000000)
  eden space 22528K, 99% used [0x00000000eab00000,0x00000000ec0fe930,0x00000000ec100000)
  from space 1024K, 0% used [0x00000000ec200000,0x00000000ec200000,0x00000000ec300000)
  to   space 1536K, 0% used [0x00000000ec400000,0x00000000ec400000,0x00000000ec580000)
 ParOldGen       total 68608K, used 15152K [0x00000000c0000000, 0x00000000c4300000, 0x00000000eab00000)
  object space 68608K, 22% used [0x00000000c0000000,0x00000000c0ecc1c8,0x00000000c4300000)
 Metaspace       used 38313K, committed 39296K, reserved 1114112K
  class space    used 3804K, committed 4224K, reserved 1048576K
}
Event: 3.286 GC heap after
{Heap after GC invocations=14 (full 2):
 PSYoungGen      total 23552K, used 1519K [0x00000000eab00000, 0x00000000ec580000, 0x0000000100000000)
  eden space 22016K, 0% used [0x00000000eab00000,0x00000000eab00000,0x00000000ec080000)
  from space 1536K, 98% used [0x00000000ec400000,0x00000000ec57bd90,0x00000000ec580000)
  to   space 2048K, 0% used [0x00000000ec180000,0x00000000ec180000,0x00000000ec380000)
 ParOldGen       total 68608K, used 15216K [0x00000000c0000000, 0x00000000c4300000, 0x00000000eab00000)
  object space 68608K, 22% used [0x00000000c0000000,0x00000000c0edc1c8,0x00000000c4300000)
 Metaspace       used 38313K, committed 39296K, reserved 1114112K
  class space    used 3804K, committed 4224K, reserved 1048576K
}
Event: 3.490 GC heap before
{Heap before GC invocations=15 (full 2):
 PSYoungGen      total 23552K, used 23535K [0x00000000eab00000, 0x00000000ec580000, 0x0000000100000000)
  eden space 22016K, 100% used [0x00000000eab00000,0x00000000ec080000,0x00000000ec080000)
  from space 1536K, 98% used [0x00000000ec400000,0x00000000ec57bd90,0x00000000ec580000)
  to   space 2048K, 0% used [0x00000000ec180000,0x00000000ec180000,0x00000000ec380000)
 ParOldGen       total 68608K, used 15216K [0x00000000c0000000, 0x00000000c4300000, 0x00000000eab00000)
  object space 68608K, 22% used [0x00000000c0000000,0x00000000c0edc1c8,0x00000000c4300000)
 Metaspace       used 40343K, committed 41280K, reserved 1114112K
  class space    used 4041K, committed 4416K, reserved 1048576K
}
Event: 3.493 GC heap after
{Heap after GC invocations=15 (full 2):
 PSYoungGen      total 23552K, used 1440K [0x00000000eab00000, 0x00000000ec480000, 0x0000000100000000)
  eden space 22016K, 0% used [0x00000000eab00000,0x00000000eab00000,0x00000000ec080000)
  from space 1536K, 93% used [0x00000000ec180000,0x00000000ec2e8130,0x00000000ec300000)
  to   space 1536K, 0% used [0x00000000ec300000,0x00000000ec300000,0x00000000ec480000)
 ParOldGen       total 68608K, used 16678K [0x00000000c0000000, 0x00000000c4300000, 0x00000000eab00000)
  object space 68608K, 24% used [0x00000000c0000000,0x00000000c1049a00,0x00000000c4300000)
 Metaspace       used 40343K, committed 41280K, reserved 1114112K
  class space    used 4041K, committed 4416K, reserved 1048576K
}
Event: 3.697 GC heap before
{Heap before GC invocations=16 (full 2):
 PSYoungGen      total 23552K, used 23456K [0x00000000eab00000, 0x00000000ec480000, 0x0000000100000000)
  eden space 22016K, 99% used [0x00000000eab00000,0x00000000ec07fff0,0x00000000ec080000)
  from space 1536K, 93% used [0x00000000ec180000,0x00000000ec2e8130,0x00000000ec300000)
  to   space 1536K, 0% used [0x00000000ec300000,0x00000000ec300000,0x00000000ec480000)
 ParOldGen       total 68608K, used 16678K [0x00000000c0000000, 0x00000000c4300000, 0x00000000eab00000)
  object space 68608K, 24% used [0x00000000c0000000,0x00000000c1049a00,0x00000000c4300000)
 Metaspace       used 42073K, committed 43072K, reserved 1114112K
  class space    used 4274K, committed 4672K, reserved 1048576K
}
Event: 3.699 GC heap after
{Heap after GC invocations=16 (full 2):
 PSYoungGen      total 23552K, used 1189K [0x00000000eab00000, 0x00000000ec480000, 0x0000000100000000)
  eden space 22016K, 0% used [0x00000000eab00000,0x00000000eab00000,0x00000000ec080000)
  from space 1536K, 77% used [0x00000000ec300000,0x00000000ec4295a0,0x00000000ec480000)
  to   space 1536K, 0% used [0x00000000ec180000,0x00000000ec180000,0x00000000ec300000)
 ParOldGen       total 68608K, used 17206K [0x00000000c0000000, 0x00000000c4300000, 0x00000000eab00000)
  object space 68608K, 25% used [0x00000000c0000000,0x00000000c10cda10,0x00000000c4300000)
 Metaspace       used 42073K, committed 43072K, reserved 1114112K
  class space    used 4274K, committed 4672K, reserved 1048576K
}

Dll operation events (10 events):
Event: 0.013 Loaded shared library c:\Users\PC\.vscode\extensions\redhat.java-1.35.1-win32-x64\jre\17.0.12-win32-x86_64\bin\java.dll
Event: 0.141 Loaded shared library c:\Users\PC\.vscode\extensions\redhat.java-1.35.1-win32-x64\jre\17.0.12-win32-x86_64\bin\zip.dll
Event: 0.145 Loaded shared library C:\Users\PC\.vscode\extensions\redhat.java-1.35.1-win32-x64\jre\17.0.12-win32-x86_64\bin\instrument.dll
Event: 0.156 Loaded shared library C:\Users\PC\.vscode\extensions\redhat.java-1.35.1-win32-x64\jre\17.0.12-win32-x86_64\bin\net.dll
Event: 0.158 Loaded shared library C:\Users\PC\.vscode\extensions\redhat.java-1.35.1-win32-x64\jre\17.0.12-win32-x86_64\bin\nio.dll
Event: 0.165 Loaded shared library C:\Users\PC\.vscode\extensions\redhat.java-1.35.1-win32-x64\jre\17.0.12-win32-x86_64\bin\zip.dll
Event: 0.180 Loaded shared library C:\Users\PC\.vscode\extensions\redhat.java-1.35.1-win32-x64\jre\17.0.12-win32-x86_64\bin\jimage.dll
Event: 0.236 Loaded shared library c:\Users\PC\.vscode\extensions\redhat.java-1.35.1-win32-x64\jre\17.0.12-win32-x86_64\bin\verify.dll
Event: 0.980 Loaded shared library C:\Users\PC\AppData\Roaming\Code\User\globalStorage\redhat.java\1.35.1\config_win\org.eclipse.equinox.launcher\org.eclipse.equinox.launcher.win32.win32.x86_64_1.2.1100.v20240722-2106\eclipse_11904.dll
Event: 2.004 Loaded shared library C:\Users\PC\AppData\Local\Temp\jna-2547\jna10566921311063024440.dll

Deoptimization events (20 events):
Event: 3.667 Thread 0x00000254f303cdf0 Uncommon trap: trap_request=0xffffff45 fr.pc=0x00000254e16046e8 relative=0x00000000000004e8
Event: 3.667 Thread 0x00000254f303cdf0 Uncommon trap: reason=unstable_if action=reinterpret pc=0x00000254e16046e8 method=java.util.concurrent.locks.ReentrantReadWriteLock$Sync.tryAcquireShared(I)I @ 81 c2
Event: 3.667 Thread 0x00000254f303cdf0 DEOPT PACKING pc=0x00000254e16046e8 sp=0x000000b5d70faf20
Event: 3.667 Thread 0x00000254f59fae50 Uncommon trap: trap_request=0xffffff45 fr.pc=0x00000254e15ff548 relative=0x00000000000001a8
Event: 3.667 Thread 0x00000254f59fae50 Uncommon trap: reason=unstable_if action=reinterpret pc=0x00000254e15ff548 method=java.util.concurrent.locks.ReentrantReadWriteLock$Sync.tryAcquireShared(I)I @ 81 c2
Event: 3.667 Thread 0x00000254f59fae50 DEOPT PACKING pc=0x00000254e15ff548 sp=0x000000b5d8af9780
Event: 3.667 Thread 0x00000254f303cdf0 DEOPT UNPACKING pc=0x00000254e0d366a3 sp=0x000000b5d70fad08 mode 2
Event: 3.667 Thread 0x00000254f59fae50 DEOPT UNPACKING pc=0x00000254e0d366a3 sp=0x000000b5d8af96a0 mode 2
Event: 3.667 Thread 0x00000254f303cdf0 Uncommon trap: trap_request=0xffffff45 fr.pc=0x00000254e15fb3d4 relative=0x0000000000000154
Event: 3.667 Thread 0x00000254f303cdf0 Uncommon trap: reason=unstable_if action=reinterpret pc=0x00000254e15fb3d4 method=java.util.concurrent.locks.ReentrantReadWriteLock$Sync.tryAcquireShared(I)I @ 81 c2
Event: 3.667 Thread 0x00000254f303cdf0 DEOPT PACKING pc=0x00000254e15fb3d4 sp=0x000000b5d70fadd0
Event: 3.667 Thread 0x00000254f303cdf0 DEOPT UNPACKING pc=0x00000254e0d366a3 sp=0x000000b5d70fad58 mode 2
Event: 3.708 Thread 0x00000254f303cdf0 Uncommon trap: trap_request=0xffffff45 fr.pc=0x00000254e1657cfc relative=0x000000000000067c
Event: 3.708 Thread 0x00000254f303cdf0 Uncommon trap: reason=unstable_if action=reinterpret pc=0x00000254e1657cfc method=java.util.HashMap.putVal(ILjava/lang/Object;Ljava/lang/Object;ZZ)Ljava/lang/Object; @ 236 c2
Event: 3.708 Thread 0x00000254f303cdf0 DEOPT PACKING pc=0x00000254e1657cfc sp=0x000000b5d70fc390
Event: 3.708 Thread 0x00000254f303cdf0 DEOPT UNPACKING pc=0x00000254e0d366a3 sp=0x000000b5d70fc308 mode 2
Event: 3.709 Thread 0x00000254f303cdf0 Uncommon trap: trap_request=0xffffff45 fr.pc=0x00000254e161e188 relative=0x00000000000000c8
Event: 3.709 Thread 0x00000254f303cdf0 Uncommon trap: reason=unstable_if action=reinterpret pc=0x00000254e161e188 method=java.util.TreeMap.containsKey(Ljava/lang/Object;)Z @ 5 c2
Event: 3.709 Thread 0x00000254f303cdf0 DEOPT PACKING pc=0x00000254e161e188 sp=0x000000b5d70fd010
Event: 3.709 Thread 0x00000254f303cdf0 DEOPT UNPACKING pc=0x00000254e0d366a3 sp=0x000000b5d70fcfc0 mode 2

Classes loaded (20 events):
Event: 3.714 Loading class com/sun/crypto/provider/SunJCE
Event: 3.715 Loading class com/sun/crypto/provider/SunJCE done
Event: 3.716 Loading class javax/crypto/JceSecurity
Event: 3.716 Loading class javax/crypto/JceSecurity done
Event: 3.717 Loading class javax/crypto/JceSecurity$1
Event: 3.717 Loading class java/util/Collections$2
Event: 3.717 Loading class javax/crypto/JceSecurity$1 done
Event: 3.717 Loading class java/util/Collections$2 done
Event: 3.718 Loading class sun/nio/fs/WindowsException
Event: 3.718 Loading class sun/nio/fs/WindowsException done
Event: 3.719 Loading class sun/nio/fs/Globs
Event: 3.719 Loading class sun/nio/fs/Globs done
Event: 3.719 Loading class java/util/regex/Pattern$SliceU
Event: 3.719 Loading class java/util/regex/Pattern$SliceU done
Event: 3.720 Loading class sun/nio/fs/WindowsFileSystem$2
Event: 3.720 Loading class java/nio/file/PathMatcher
Event: 3.720 Loading class java/nio/file/PathMatcher done
Event: 3.720 Loading class sun/nio/fs/WindowsFileSystem$2 done
Event: 3.720 Loading class java/nio/file/Files$1
Event: 3.720 Loading class java/nio/file/Files$1 done

Classes unloaded (7 events):
Event: 2.888 Thread 0x00000254d6bfec80 Unloading class 0x0000000100250400 'java/lang/invoke/LambdaForm$MH+0x0000000100250400'
Event: 2.888 Thread 0x00000254d6bfec80 Unloading class 0x0000000100250000 'java/lang/invoke/LambdaForm$MH+0x0000000100250000'
Event: 2.888 Thread 0x00000254d6bfec80 Unloading class 0x000000010024bc00 'java/lang/invoke/LambdaForm$MH+0x000000010024bc00'
Event: 2.888 Thread 0x00000254d6bfec80 Unloading class 0x000000010024b800 'java/lang/invoke/LambdaForm$MH+0x000000010024b800'
Event: 2.888 Thread 0x00000254d6bfec80 Unloading class 0x000000010024b400 'java/lang/invoke/LambdaForm$BMH+0x000000010024b400'
Event: 2.888 Thread 0x00000254d6bfec80 Unloading class 0x000000010024b000 'java/lang/invoke/LambdaForm$DMH+0x000000010024b000'
Event: 2.888 Thread 0x00000254d6bfec80 Unloading class 0x0000000100248400 'java/lang/invoke/LambdaForm$DMH+0x0000000100248400'

Classes redefined (0 events):
No events

Internal exceptions (20 events):
Event: 2.590 Thread 0x00000254f2ee4e90 Exception <a 'java/io/FileNotFoundException'{0x00000000eac62c68}> (0x00000000eac62c68) 
thrown [s\src\hotspot\share\prims\jni.cpp, line 516]
Event: 2.699 Thread 0x00000254f2ee4e90 Implicit null exception at 0x00000254e15dd148 to 0x00000254e15dd208
Event: 2.774 Thread 0x00000254f2ee4e90 Exception <a 'java/lang/NoSuchMethodError'{0x00000000eb9511c8}: 'java.lang.Object java.lang.invoke.DirectMethodHandle$Holder.newInvokeSpecial(java.lang.Object, int, java.lang.Object, java.lang.Object)'> (0x00000000eb9511c8) 
thrown [s\src\hotspot\share\interpreter\linkResolver.cpp, line 759]
Event: 2.776 Thread 0x00000254f2ee4e90 Exception <a 'java/io/FileNotFoundException'{0x00000000eb975028}> (0x00000000eb975028) 
thrown [s\src\hotspot\share\prims\jni.cpp, line 516]
Event: 2.867 Thread 0x00000254f2ee4e90 Exception <a 'java/lang/ClassNotFoundException'{0x00000000ec15d028}: com/sun/org/apache/xerces/internal/impl/msg/spi/DOMMessagesProvider> (0x00000000ec15d028) 
thrown [s\src\hotspot\share\classfile\systemDictionary.cpp, line 256]
Event: 2.868 Thread 0x00000254f2ee4e90 Exception <a 'java/lang/ClassNotFoundException'{0x00000000ec16e760}: com/sun/org/apache/xerces/internal/impl/msg/spi/XMLSerializerMessagesProvider> (0x00000000ec16e760) 
thrown [s\src\hotspot\share\classfile\systemDictionary.cpp, line 256]
Event: 2.868 Thread 0x00000254f2ee4e90 Exception <a 'java/lang/ClassNotFoundException'{0x00000000ec17b9e8}: com/sun/org/apache/xerces/internal/impl/msg/spi/XMLMessagesProvider> (0x00000000ec17b9e8) 
thrown [s\src\hotspot\share\classfile\systemDictionary.cpp, line 256]
Event: 3.038 Thread 0x00000254f2ee4e90 Exception <a 'java/lang/ClassNotFoundException'{0x00000000eb09d1e8}: com/sun/org/apache/xml/internal/serializer/spi/XMLEntitiesProvider> (0x00000000eb09d1e8) 
thrown [s\src\hotspot\share\classfile\systemDictionary.cpp, line 256]
Event: 3.118 Thread 0x00000254f2ee4e90 Exception <a 'java/io/FileNotFoundException'{0x00000000eb458dd8}> (0x00000000eb458dd8) 
thrown [s\src\hotspot\share\prims\jni.cpp, line 516]
Event: 3.130 Thread 0x00000254f2ee4e90 Exception <a 'java/lang/UnsatisfiedLinkError'{0x00000000eb573398}: The specified procedure could not be found.
> (0x00000000eb573398) 
thrown [s\src\hotspot\share\prims\jni.cpp, line 535]
Event: 3.132 Thread 0x00000254f2ee4e90 Exception <a 'java/io/FileNotFoundException'{0x00000000eb58c0a0}> (0x00000000eb58c0a0) 
thrown [s\src\hotspot\share\prims\jni.cpp, line 516]
Event: 3.142 Thread 0x00000254f2ee4e90 Exception <a 'java/lang/UnsatisfiedLinkError'{0x00000000eb65f458}: The specified procedure could not be found.
> (0x00000000eb65f458) 
thrown [s\src\hotspot\share\prims\jni.cpp, line 535]
Event: 3.231 Thread 0x00000254d6b5c860 Exception <a 'java/lang/NoSuchMethodError'{0x00000000ebcb4f80}: 'java.lang.Object java.lang.invoke.DirectMethodHandle$Holder.invokeStatic(java.lang.Object, java.lang.Object, long, java.lang.Object)'> (0x00000000ebcb4f80) 
thrown [s\src\hotspot\share\interpreter\linkResolver.cpp, line 759]
Event: 3.231 Thread 0x00000254d6b5c860 Exception <a 'java/lang/NoSuchMethodError'{0x00000000ebcb8cd0}: 'java.lang.Object java.lang.invoke.DirectMethodHandle$Holder.invokeStaticInit(java.lang.Object, java.lang.Object, long, java.lang.Object)'> (0x00000000ebcb8cd0) 
thrown [s\src\hotspot\share\interpreter\linkResolver.cpp, line 759]
Event: 3.231 Thread 0x00000254d6b5c860 Exception <a 'java/lang/NoSuchMethodError'{0x00000000ebcbf560}: 'java.lang.Object java.lang.invoke.DirectMethodHandle$Holder.newInvokeSpecial(java.lang.Object, java.lang.Object, long)'> (0x00000000ebcbf560) 
thrown [s\src\hotspot\share\interpreter\linkResolver.cpp, line 759]
Event: 3.272 Thread 0x00000254d6b5c860 Exception <a 'java/lang/NoSuchMethodError'{0x00000000ec03b5e0}: 'void java.lang.invoke.DirectMethodHandle$Holder.invokeStatic(java.lang.Object, java.lang.Object, java.lang.Object, java.lang.Object)'> (0x00000000ec03b5e0) 
thrown [s\src\hotspot\share\interpreter\linkResolver.cpp, line 759]
Event: 3.394 Thread 0x00000254d6b5c860 Exception <a 'java/lang/NoSuchMethodError'{0x00000000eb5a8968}: 'void java.lang.invoke.DirectMethodHandle$Holder.invokeSpecial(java.lang.Object, java.lang.Object, java.lang.Object, java.lang.Object, java.lang.Object, java.lang.Object)'> (0x00000000eb5a8968) 
thrown [s\src\hotspot\share\interpreter\linkResolver.cpp, line 759]
Event: 3.396 Thread 0x00000254d6b5c860 Exception <a 'java/lang/IncompatibleClassChangeError'{0x00000000eb5b2218}: Found class java.lang.Object, but interface was expected> (0x00000000eb5b2218) 
thrown [s\src\hotspot\share\interpreter\linkResolver.cpp, line 826]
Event: 3.608 Thread 0x00000254f303c8e0 Exception <a 'java/lang/NoSuchMethodError'{0x00000000eb5c2898}: 'java.lang.Object java.lang.invoke.DirectMethodHandle$Holder.invokeSpecialIFC(java.lang.Object, java.lang.Object, java.lang.Object, java.lang.Object)'> (0x00000000eb5c2898) 
thrown [s\src\hotspot\share\interpreter\linkResolver.cpp, line 759]
Event: 3.719 Thread 0x00000254f303cdf0 Exception <a 'sun/nio/fs/WindowsException'{0x00000000eadaf7d0}> (0x00000000eadaf7d0) 
thrown [s\src\hotspot\share\prims\jni.cpp, line 516]

VM Operations (20 events):
Event: 2.987 Executing VM operation: HandshakeAllThreads done
Event: 3.037 Executing VM operation: HandshakeAllThreads
Event: 3.037 Executing VM operation: HandshakeAllThreads done
Event: 3.041 Executing VM operation: HandshakeAllThreads
Event: 3.041 Executing VM operation: HandshakeAllThreads done
Event: 3.067 Executing VM operation: HandshakeAllThreads
Event: 3.067 Executing VM operation: HandshakeAllThreads done
Event: 3.284 Executing VM operation: ParallelGCFailedAllocation
Event: 3.286 Executing VM operation: ParallelGCFailedAllocation done
Event: 3.490 Executing VM operation: ParallelGCFailedAllocation
Event: 3.493 Executing VM operation: ParallelGCFailedAllocation done
Event: 3.558 Executing VM operation: HandshakeAllThreads
Event: 3.558 Executing VM operation: HandshakeAllThreads done
Event: 3.689 Executing VM operation: ParallelGCFailedAllocation
Event: 3.699 Executing VM operation: ParallelGCFailedAllocation done
Event: 3.701 Executing VM operation: HandshakeAllThreads
Event: 3.701 Executing VM operation: HandshakeAllThreads done
Event: 3.721 Executing VM operation: HandshakeAllThreads
Event: 3.722 Executing VM operation: HandshakeAllThreads done
Event: 4.729 Executing VM operation: Cleanup

Events (20 events):
Event: 3.236 Thread 0x00000254f59f4400 Thread added: 0x00000254f59f4400
Event: 3.236 Thread 0x00000254f59f5840 Thread added: 0x00000254f59f5840
Event: 3.236 Thread 0x00000254f59f76a0 Thread added: 0x00000254f59f76a0
Event: 3.236 Thread 0x00000254f59f3ef0 Thread added: 0x00000254f59f3ef0
Event: 3.236 Thread 0x00000254f59f5d50 Thread added: 0x00000254f59f5d50
Event: 3.236 Thread 0x00000254f59f6260 Thread added: 0x00000254f59f6260
Event: 3.236 Thread 0x00000254f59f7190 Thread added: 0x00000254f59f7190
Event: 3.237 Thread 0x00000254f59f7bb0 Thread added: 0x00000254f59f7bb0
Event: 3.237 Thread 0x00000254f59f80c0 Thread added: 0x00000254f59f80c0
Event: 3.237 Thread 0x00000254f59f4910 Thread added: 0x00000254f59f4910
Event: 3.237 Thread 0x00000254f59f85d0 Thread added: 0x00000254f59f85d0
Event: 3.256 Thread 0x00000254f59f4e20 Thread added: 0x00000254f59f4e20
Event: 3.417 Thread 0x00000254f59f8ae0 Thread added: 0x00000254f59f8ae0
Event: 3.417 Thread 0x00000254f59fae50 Thread added: 0x00000254f59fae50
Event: 3.466 Thread 0x00000254f5aa6310 Thread added: 0x00000254f5aa6310
Event: 3.470 Thread 0x00000254f5ed4410 Thread added: 0x00000254f5ed4410
Event: 3.474 Thread 0x00000254f529a090 Thread added: 0x00000254f529a090
Event: 3.664 Thread 0x00000254f59f9f20 Thread added: 0x00000254f59f9f20
Event: 3.664 Thread 0x00000254f59fa940 Thread added: 0x00000254f59fa940
Event: 3.703 Thread 0x00000254f529a090 Thread exited: 0x00000254f529a090


Dynamic libraries:
0x00007ff7c95a0000 - 0x00007ff7c95ae000 	c:\Users\PC\.vscode\extensions\redhat.java-1.35.1-win32-x64\jre\17.0.12-win32-x86_64\bin\java.exe
0x00007ff8ae5c0000 - 0x00007ff8ae823000 	C:\WINDOWS\SYSTEM32\ntdll.dll
0x00007ff8acbb0000 - 0x00007ff8acc78000 	C:\WINDOWS\System32\KERNEL32.DLL
0x00007ff8ab9b0000 - 0x00007ff8abd61000 	C:\WINDOWS\System32\KERNELBASE.dll
0x00007ff8a8470000 - 0x00007ff8a850c000 	C:\WINDOWS\SYSTEM32\apphelp.dll
0x00007ff8ac2e0000 - 0x00007ff8ac42b000 	C:\WINDOWS\System32\ucrtbase.dll
0x00007ff878a00000 - 0x00007ff878a1b000 	c:\Users\PC\.vscode\extensions\redhat.java-1.35.1-win32-x64\jre\17.0.12-win32-x86_64\bin\VCRUNTIME140.dll
0x00007ff872a10000 - 0x00007ff872a27000 	c:\Users\PC\.vscode\extensions\redhat.java-1.35.1-win32-x64\jre\17.0.12-win32-x86_64\bin\jli.dll
0x00007ff8ae3b0000 - 0x00007ff8ae579000 	C:\WINDOWS\System32\USER32.dll
0x00007ff8abeb0000 - 0x00007ff8abed7000 	C:\WINDOWS\System32\win32u.dll
0x00007ff889a80000 - 0x00007ff889d10000 	C:\WINDOWS\WinSxS\amd64_microsoft.windows.common-controls_6595b64144ccf1df_6.0.26100.1882_none_3e0e949ae32eca40\COMCTL32.dll
0x00007ff8acf40000 - 0x00007ff8acfe9000 	C:\WINDOWS\System32\msvcrt.dll
0x00007ff8acc80000 - 0x00007ff8accaa000 	C:\WINDOWS\System32\GDI32.dll
0x00007ff8abee0000 - 0x00007ff8ac005000 	C:\WINDOWS\System32\gdi32full.dll
0x00007ff8ac010000 - 0x00007ff8ac0b3000 	C:\WINDOWS\System32\msvcp_win.dll
0x00007ff8acb00000 - 0x00007ff8acb2f000 	C:\WINDOWS\System32\IMM32.DLL
0x00007ff8a5a10000 - 0x00007ff8a5a1c000 	c:\Users\PC\.vscode\extensions\redhat.java-1.35.1-win32-x64\jre\17.0.12-win32-x86_64\bin\vcruntime140_1.dll
0x00007ff84e880000 - 0x00007ff84e90d000 	c:\Users\PC\.vscode\extensions\redhat.java-1.35.1-win32-x64\jre\17.0.12-win32-x86_64\bin\msvcp140.dll
0x00007ff80f150000 - 0x00007ff80fdba000 	c:\Users\PC\.vscode\extensions\redhat.java-1.35.1-win32-x64\jre\17.0.12-win32-x86_64\bin\server\jvm.dll
0x00007ff8ad320000 - 0x00007ff8ad3d4000 	C:\WINDOWS\System32\ADVAPI32.dll
0x00007ff8adf00000 - 0x00007ff8adfa6000 	C:\WINDOWS\System32\sechost.dll
0x00007ff8ac4a0000 - 0x00007ff8ac5b6000 	C:\WINDOWS\System32\RPCRT4.dll
0x00007ff8aca50000 - 0x00007ff8acac4000 	C:\WINDOWS\System32\WS2_32.dll
0x00007ff8aa640000 - 0x00007ff8aa68e000 	C:\WINDOWS\SYSTEM32\POWRPROF.dll
0x00007ff8a54a0000 - 0x00007ff8a54ab000 	C:\WINDOWS\SYSTEM32\VERSION.dll
0x00007ff89ba10000 - 0x00007ff89ba46000 	C:\WINDOWS\SYSTEM32\WINMM.dll
0x00007ff8aa620000 - 0x00007ff8aa634000 	C:\WINDOWS\SYSTEM32\UMPDC.dll
0x00007ff8aa8e0000 - 0x00007ff8aa8fa000 	C:\WINDOWS\SYSTEM32\kernel.appcore.dll
0x00007ff884a80000 - 0x00007ff884a8a000 	c:\Users\PC\.vscode\extensions\redhat.java-1.35.1-win32-x64\jre\17.0.12-win32-x86_64\bin\jimage.dll
0x00007ff8a92f0000 - 0x00007ff8a9531000 	C:\WINDOWS\SYSTEM32\DBGHELP.DLL
0x00007ff8ad460000 - 0x00007ff8ad7dd000 	C:\WINDOWS\System32\combase.dll
0x00007ff8acff0000 - 0x00007ff8ad0c6000 	C:\WINDOWS\System32\OLEAUT32.dll
0x00007ff892a70000 - 0x00007ff892aa9000 	C:\WINDOWS\SYSTEM32\dbgcore.DLL
0x00007ff8ac240000 - 0x00007ff8ac2d9000 	C:\WINDOWS\System32\bcryptPrimitives.dll
0x00007ff883cd0000 - 0x00007ff883cde000 	c:\Users\PC\.vscode\extensions\redhat.java-1.35.1-win32-x64\jre\17.0.12-win32-x86_64\bin\instrument.dll
0x00007ff8512b0000 - 0x00007ff8512d5000 	c:\Users\PC\.vscode\extensions\redhat.java-1.35.1-win32-x64\jre\17.0.12-win32-x86_64\bin\java.dll
0x00007ff867470000 - 0x00007ff867488000 	c:\Users\PC\.vscode\extensions\redhat.java-1.35.1-win32-x64\jre\17.0.12-win32-x86_64\bin\zip.dll
0x00007ff8ad7f0000 - 0x00007ff8adeee000 	C:\WINDOWS\System32\SHELL32.dll
0x00007ff8a9710000 - 0x00007ff8a9f3a000 	C:\WINDOWS\SYSTEM32\windows.storage.dll
0x00007ff8ae2d0000 - 0x00007ff8ae3a3000 	C:\WINDOWS\System32\SHCORE.dll
0x00007ff8acb40000 - 0x00007ff8acb9d000 	C:\WINDOWS\System32\shlwapi.dll
0x00007ff8ab8d0000 - 0x00007ff8ab8f9000 	C:\WINDOWS\SYSTEM32\profapi.dll
0x00007ff8503c0000 - 0x00007ff8503d9000 	C:\Users\PC\.vscode\extensions\redhat.java-1.35.1-win32-x64\jre\17.0.12-win32-x86_64\bin\net.dll
0x00007ff8a19d0000 - 0x00007ff8a1af6000 	C:\WINDOWS\SYSTEM32\WINHTTP.dll
0x00007ff8aadc0000 - 0x00007ff8aae28000 	C:\WINDOWS\system32\mswsock.dll
0x00007ff8503a0000 - 0x00007ff8503b6000 	C:\Users\PC\.vscode\extensions\redhat.java-1.35.1-win32-x64\jre\17.0.12-win32-x86_64\bin\nio.dll
0x00007ff882ac0000 - 0x00007ff882ad0000 	c:\Users\PC\.vscode\extensions\redhat.java-1.35.1-win32-x64\jre\17.0.12-win32-x86_64\bin\verify.dll
0x00007ff84ee90000 - 0x00007ff84eed5000 	C:\Users\PC\AppData\Roaming\Code\User\globalStorage\redhat.java\1.35.1\config_win\org.eclipse.equinox.launcher\org.eclipse.equinox.launcher.win32.win32.x86_64_1.2.1100.v20240722-2106\eclipse_11904.dll
0x00007ff8acda0000 - 0x00007ff8acf39000 	C:\WINDOWS\System32\ole32.dll
0x00007ff8ab170000 - 0x00007ff8ab18c000 	C:\WINDOWS\SYSTEM32\CRYPTSP.dll
0x00007ff8aa840000 - 0x00007ff8aa878000 	C:\WINDOWS\system32\rsaenh.dll
0x00007ff8aae60000 - 0x00007ff8aae8b000 	C:\WINDOWS\SYSTEM32\USERENV.dll
0x00007ff8ab300000 - 0x00007ff8ab326000 	C:\WINDOWS\SYSTEM32\bcrypt.dll
0x00007ff8aaff0000 - 0x00007ff8aaffc000 	C:\WINDOWS\SYSTEM32\CRYPTBASE.dll
0x00007ff8aa2a0000 - 0x00007ff8aa2d1000 	C:\WINDOWS\SYSTEM32\IPHLPAPI.DLL
0x00007ff8ad7e0000 - 0x00007ff8ad7ea000 	C:\WINDOWS\System32\NSI.dll
0x00007ff8a19a0000 - 0x00007ff8a19be000 	C:\WINDOWS\SYSTEM32\dhcpcsvc6.DLL
0x00007ff8a1970000 - 0x00007ff8a1995000 	C:\WINDOWS\SYSTEM32\dhcpcsvc.DLL
0x00007ff8aa340000 - 0x00007ff8aa465000 	C:\WINDOWS\SYSTEM32\DNSAPI.dll
0x00007ff868590000 - 0x00007ff8685d9000 	C:\Users\PC\AppData\Local\Temp\jna-2547\jna10566921311063024440.dll
0x00007ff8acba0000 - 0x00007ff8acba8000 	C:\WINDOWS\System32\PSAPI.DLL
0x00007ff8a10a0000 - 0x00007ff8a10bb000 	\\?\C:\WINDOWS\system32\MpeHttpExt.dll

dbghelp: loaded successfully - version: 4.0.5 - missing functions: none
symbol engine: initialized successfully - sym options: 0x614 - pdb path: .;c:\Users\PC\.vscode\extensions\redhat.java-1.35.1-win32-x64\jre\17.0.12-win32-x86_64\bin;C:\WINDOWS\SYSTEM32;C:\WINDOWS\WinSxS\amd64_microsoft.windows.common-controls_6595b64144ccf1df_6.0.26100.1882_none_3e0e949ae32eca40;c:\Users\PC\.vscode\extensions\redhat.java-1.35.1-win32-x64\jre\17.0.12-win32-x86_64\bin\server;C:\Users\PC\AppData\Roaming\Code\User\globalStorage\redhat.java\1.35.1\config_win\org.eclipse.equinox.launcher\org.eclipse.equinox.launcher.win32.win32.x86_64_1.2.1100.v20240722-2106;C:\Users\PC\AppData\Local\Temp\jna-2547;\\?\C:\WINDOWS\system32

VM Arguments:
jvm_args: --add-modules=ALL-SYSTEM --add-opens=java.base/java.util=ALL-UNNAMED --add-opens=java.base/java.lang=ALL-UNNAMED --add-opens=java.base/sun.nio.fs=ALL-UNNAMED -Declipse.application=org.eclipse.jdt.ls.core.id1 -Dosgi.bundles.defaultStartLevel=4 -Declipse.product=org.eclipse.jdt.ls.core.product -Djava.import.generatesMetadataFilesAtProjectRoot=false -DDetectVMInstallationsJob.disabled=true -Dfile.encoding=utf8 -XX:+UseParallelGC -XX:GCTimeRatio=4 -XX:AdaptiveSizePolicyWeight=90 -Dsun.zip.disableMemoryMapping=true -Xmx1G -Xms100m -Xlog:disable -javaagent:c:\Users\PC\.vscode\extensions\redhat.java-1.35.1-win32-x64\lombok\lombok-1.18.33.jar -XX:+HeapDumpOnOutOfMemoryError -XX:HeapDumpPath=c:\Users\PC\AppData\Roaming\Code\User\workspaceStorage\a62762605cb7f6e2f88296b2dcde094d\redhat.java -Daether.dependencyCollector.impl=bf 
java_command: c:\Users\PC\.vscode\extensions\redhat.java-1.35.1-win32-x64\server\plugins\org.eclipse.equinox.launcher_1.6.900.v20240613-2009.jar -configuration c:\Users\PC\AppData\Roaming\Code\User\globalStorage\redhat.java\1.35.1\config_win -data c:\Users\PC\AppData\Roaming\Code\User\workspaceStorage\a62762605cb7f6e2f88296b2dcde094d\redhat.java\jdt_ws --pipe=\\.\pipe\lsp-1e8c52889c68e9a7debc660995e65070-sock
java_class_path (initial): c:\Users\PC\.vscode\extensions\redhat.java-1.35.1-win32-x64\server\plugins\org.eclipse.equinox.launcher_1.6.900.v20240613-2009.jar
Launcher Type: SUN_STANDARD

[Global flags]
    uintx AdaptiveSizePolicyWeight                 = 90                                        {product} {command line}
     intx CICompilerCount                          = 12                                        {product} {ergonomic}
    uintx GCTimeRatio                              = 4                                         {product} {command line}
     bool HeapDumpOnOutOfMemoryError               = true                                   {manageable} {command line}
    ccstr HeapDumpPath                             = c:\Users\PC\AppData\Roaming\Code\User\workspaceStorage\a62762605cb7f6e2f88296b2dcde094d\redhat.java         {manageable} {command line}
   size_t InitialHeapSize                          = 104857600                                 {product} {command line}
   size_t MaxHeapSize                              = 1073741824                                {product} {command line}
   size_t MaxNewSize                               = 357564416                                 {product} {ergonomic}
   size_t MinHeapDeltaBytes                        = 524288                                    {product} {ergonomic}
   size_t MinHeapSize                              = 104857600                                 {product} {command line}
   size_t NewSize                                  = 34603008                                  {product} {ergonomic}
    uintx NonNMethodCodeHeapSize                   = 7602480                                {pd product} {ergonomic}
    uintx NonProfiledCodeHeapSize                  = 122027880                              {pd product} {ergonomic}
   size_t OldSize                                  = 70254592                                  {product} {ergonomic}
    uintx ProfiledCodeHeapSize                     = 122027880                              {pd product} {ergonomic}
    uintx ReservedCodeCacheSize                    = 251658240                              {pd product} {ergonomic}
     bool SegmentedCodeCache                       = true                                      {product} {ergonomic}
   size_t SoftMaxHeapSize                          = 1073741824                             {manageable} {ergonomic}
     bool UseCompressedClassPointers               = true                           {product lp64_product} {ergonomic}
     bool UseCompressedOops                        = true                           {product lp64_product} {ergonomic}
     bool UseLargePagesIndividualAllocation        = false                                  {pd product} {ergonomic}
     bool UseParallelGC                            = true                                      {product} {command line}

Logging:
Log output configuration:
 #0: stdout all=off uptime,level,tags
 #1: stderr all=off uptime,level,tags

Environment Variables:
JAVA_HOME=C:\Program Files\Java\jdk-22\
PATH=C:\Python\Scripts\;C:\Python\;C:\sqlite3\;C:\Program Files\Java\jdk-22\bin;C:\Program Files\Common Files\Oracle\Java\javapath;C:\Program Files (x86)\VMware\VMware Workstation\bin\;C:\Windows\system32;C:\Windows;C:\Windows\System32\Wbem;C:\Windows\System32\WindowsPowerShell\v1.0\;C:\Windows\System32\OpenSSH\;C:\WINDOWS\system32;C:\WINDOWS;C:\WINDOWS\System32\Wbem;C:\WINDOWS\System32\WindowsPowerShell\v1.0\;C:\WINDOWS\System32\OpenSSH\;C:\Program Files\Microsoft SQL Server\150\Tools\Binn\;C:\Program Files\Microsoft VS Code\bin;C:\Program Files\dotnet\;C:\WINDOWS\system32;C:\WINDOWS;C:\WINDOWS\System32\Wbem;C:\WINDOWS\System32\WindowsPowerShell\v1.0\;C:\WINDOWS\System32\OpenSSH\;C:\Program Files (x86)\NVIDIA Corporation\PhysX\Common;C:\Program Files\nodejs\;C:\Program Files (x86)\Windows Kits\10\Windows Performance Toolkit\;C:\Program Files\Microsoft SQL Server\Client SDK\ODBC\170\Tools\Binn\;C:\Program Files\Git\cmd;C:\xampp\php;C:\Users\PC\.cargo\bin;C:\Program Files\MySQL\MySQL Shell 8.4\bin\;C:\Program Files\MySQL\MySQL Shell 8.2\bin\;C:\Program Files\MySQL\MySQL Shell 8.0\bin\;C:\Users\PC\AppData\Local\Microsoft\WindowsApps;C:\Users\PC\.dotnet\tools;C:\Users\PC\AppData\Local\GitHubDesktop\bin;C:\Users\PC\Desktop\Flutter\flutter\bin;C:\flutter\bin;C:\Program Files (x86)\Nmap;C:\Program Files\heroku\bin;C:\Program Files\Microsoft\jdk-21.0.3.9-hotspot\bin;;C:\Program Files\JetBrains\PyCharm 2024.1.6\bin;;C:\Program Files\JetBrains\PyCharm Community Edition 2024.1.6\bin;;C:\Users\PC\AppData\Roaming\npm;C:\Program Files\mitmproxy\bin
USERNAME=PC
OS=Windows_NT
PROCESSOR_IDENTIFIER=AMD64 Family 25 Model 80 Stepping 0, AuthenticAMD
TMP=C:\Users\PC\AppData\Local\Temp
TEMP=C:\Users\PC\AppData\Local\Temp



Periodic native trim disabled


---------------  S Y S T E M  ---------------

OS:
 Windows 11 , 64 bit Build 26100 (10.0.26100.2152)
OS uptime: 2 days 5:40 hours
Hyper-V role detected

CPU: total 16 (initial active 16) (16 cores per cpu, 2 threads per core) family 25 model 80 stepping 0 microcode 0xa50000f, cx8, cmov, fxsr, ht, mmx, 3dnowpref, sse, sse2, sse3, ssse3, sse4a, sse4.1, sse4.2, popcnt, lzcnt, tsc, tscinvbit, avx, avx2, aes, erms, clmul, bmi1, bmi2, adx, sha, fma, vzeroupper, clflush, clflushopt, hv
Processor Information for all 16 processors :
  Max Mhz: 3201, Current Mhz: 3201, Mhz Limit: 3201

Memory: 4k page, system-wide physical 16236M (3764M free)
TotalPageFile size 21236M (AvailPageFile size 6M)
current process WorkingSet (physical memory assigned to process): 213M, peak: 215M
current process commit charge ("private bytes"): 322M, peak: 323M

vm_info: OpenJDK 64-Bit Server VM (17.0.12+7) for windows-amd64 JRE (17.0.12+7), built on Jul 16 2024 22:08:24 by "admin" with MS VC++ 16.10 / 16.11 (VS2019)

END.
